[2.217s] DEBUG:colcon:Command line arguments: ['/usr/bin/colcon', 'build']
[2.218s] DEBUG:colcon:Parsed command line arguments: Namespace(allow_overriding=[], ament_cmake_args=None, base_paths=['.'], build_base='build', catkin_cmake_args=None, catkin_skip_building_tests=False, cmake_args=None, cmake_clean_cache=False, cmake_clean_first=False, cmake_force_configure=False, cmake_target=None, cmake_target_skip_unavailable=False, continue_on_error=False, event_handlers=None, executor='parallel', ignore_user_meta=False, install_base='install', log_base=None, log_level=None, main=<bound method BuildVerb.main of <colcon_core.verb.build.BuildVerb object at 0x7fc9decaa6d0>>, merge_install=False, metas=['./colcon.meta'], mixin=None, mixin_files=None, mixin_verb=('build',), packages_above=None, packages_above_and_dependencies=None, packages_above_depth=None, packages_end=None, packages_ignore=None, packages_ignore_regex=None, packages_select=None, packages_select_build_failed=False, packages_select_by_dep=None, packages_select_regex=None, packages_select_test_failures=False, packages_skip=None, packages_skip_build_finished=False, packages_skip_by_dep=None, packages_skip_regex=None, packages_skip_test_passed=False, packages_skip_up_to=None, packages_start=None, packages_up_to=None, packages_up_to_regex=None, parallel_workers=4, paths=None, symlink_install=False, test_result_base=None, verb_extension=<colcon_core.verb.build.BuildVerb object at 0x7fc9decaa6d0>, verb_name='build', verb_parser=<colcon_mixin.mixin.mixin_argument.MixinArgumentDecorator object at 0x7fc9debed5b0>)
[3.844s] Level 1:colcon.colcon_core.package_discovery:discover_packages(colcon_meta) check parameters
[3.845s] Level 1:colcon.colcon_core.package_discovery:discover_packages(recursive) check parameters
[3.845s] Level 1:colcon.colcon_core.package_discovery:discover_packages(ignore) check parameters
[3.845s] Level 1:colcon.colcon_core.package_discovery:discover_packages(path) check parameters
[3.845s] Level 1:colcon.colcon_core.package_discovery:discover_packages(colcon_meta) discover
[3.846s] Level 1:colcon.colcon_core.package_discovery:discover_packages(recursive) discover
[3.846s] INFO:colcon.colcon_core.package_discovery:Crawling recursively for packages in '/home/louwee/sdc_ws'
[3.847s] Level 1:colcon.colcon_core.package_identification:_identify(.) by extensions ['ignore', 'ignore_ament_install']
[3.847s] Level 1:colcon.colcon_core.package_identification:_identify(.) by extension 'ignore'
[3.848s] Level 1:colcon.colcon_core.package_identification:_identify(.) by extension 'ignore_ament_install'
[3.848s] Level 1:colcon.colcon_core.package_identification:_identify(.) by extensions ['colcon_pkg']
[3.848s] Level 1:colcon.colcon_core.package_identification:_identify(.) by extension 'colcon_pkg'
[3.849s] Level 1:colcon.colcon_core.package_identification:_identify(.) by extensions ['colcon_meta']
[3.849s] Level 1:colcon.colcon_core.package_identification:_identify(.) by extension 'colcon_meta'
[3.852s] Level 1:colcon.colcon_core.package_identification:_identify(.) by extensions ['ros']
[3.853s] Level 1:colcon.colcon_core.package_identification:_identify(.) by extension 'ros'
[3.939s] Level 1:colcon.colcon_core.package_identification:_identify(.) by extensions ['cmake', 'python']
[3.939s] Level 1:colcon.colcon_core.package_identification:_identify(.) by extension 'cmake'
[3.940s] Level 1:colcon.colcon_core.package_identification:_identify(.) by extension 'python'
[3.941s] Level 1:colcon.colcon_core.package_identification:_identify(.) by extensions ['python_setup_py']
[3.941s] Level 1:colcon.colcon_core.package_identification:_identify(.) by extension 'python_setup_py'
[3.942s] Level 1:colcon.colcon_core.package_identification:_identify(build) by extensions ['ignore', 'ignore_ament_install']
[3.943s] Level 1:colcon.colcon_core.package_identification:_identify(build) by extension 'ignore'
[3.943s] Level 1:colcon.colcon_core.package_identification:_identify(build) ignored
[3.944s] Level 1:colcon.colcon_core.package_identification:_identify(install) by extensions ['ignore', 'ignore_ament_install']
[3.946s] Level 1:colcon.colcon_core.package_identification:_identify(install) by extension 'ignore'
[3.946s] Level 1:colcon.colcon_core.package_identification:_identify(install) ignored
[3.948s] Level 1:colcon.colcon_core.package_identification:_identify(log) by extensions ['ignore', 'ignore_ament_install']
[3.949s] Level 1:colcon.colcon_core.package_identification:_identify(log) by extension 'ignore'
[3.949s] Level 1:colcon.colcon_core.package_identification:_identify(log) ignored
[3.950s] Level 1:colcon.colcon_core.package_identification:_identify(prius_sdc_pkg) by extensions ['ignore', 'ignore_ament_install']
[3.951s] Level 1:colcon.colcon_core.package_identification:_identify(prius_sdc_pkg) by extension 'ignore'
[3.952s] Level 1:colcon.colcon_core.package_identification:_identify(prius_sdc_pkg) by extension 'ignore_ament_install'
[3.952s] Level 1:colcon.colcon_core.package_identification:_identify(prius_sdc_pkg) by extensions ['colcon_pkg']
[3.953s] Level 1:colcon.colcon_core.package_identification:_identify(prius_sdc_pkg) by extension 'colcon_pkg'
[3.953s] Level 1:colcon.colcon_core.package_identification:_identify(prius_sdc_pkg) by extensions ['colcon_meta']
[3.954s] Level 1:colcon.colcon_core.package_identification:_identify(prius_sdc_pkg) by extension 'colcon_meta'
[3.954s] Level 1:colcon.colcon_core.package_identification:_identify(prius_sdc_pkg) by extensions ['ros']
[3.954s] Level 1:colcon.colcon_core.package_identification:_identify(prius_sdc_pkg) by extension 'ros'
[3.955s] Level 1:colcon.colcon_core.package_identification:_identify(prius_sdc_pkg) by extensions ['cmake', 'python']
[3.956s] Level 1:colcon.colcon_core.package_identification:_identify(prius_sdc_pkg) by extension 'cmake'
[3.956s] Level 1:colcon.colcon_core.package_identification:_identify(prius_sdc_pkg) by extension 'python'
[3.958s] Level 1:colcon.colcon_core.package_identification:_identify(prius_sdc_pkg) by extensions ['python_setup_py']
[3.958s] Level 1:colcon.colcon_core.package_identification:_identify(prius_sdc_pkg) by extension 'python_setup_py'
[3.959s] Level 1:colcon.colcon_core.package_identification:_identify(prius_sdc_pkg/prius_sdc_pkg) by extensions ['ignore', 'ignore_ament_install']
[3.960s] Level 1:colcon.colcon_core.package_identification:_identify(prius_sdc_pkg/prius_sdc_pkg) by extension 'ignore'
[3.960s] Level 1:colcon.colcon_core.package_identification:_identify(prius_sdc_pkg/prius_sdc_pkg) by extension 'ignore_ament_install'
[3.961s] Level 1:colcon.colcon_core.package_identification:_identify(prius_sdc_pkg/prius_sdc_pkg) by extensions ['colcon_pkg']
[3.962s] Level 1:colcon.colcon_core.package_identification:_identify(prius_sdc_pkg/prius_sdc_pkg) by extension 'colcon_pkg'
[3.962s] Level 1:colcon.colcon_core.package_identification:_identify(prius_sdc_pkg/prius_sdc_pkg) by extensions ['colcon_meta']
[3.962s] Level 1:colcon.colcon_core.package_identification:_identify(prius_sdc_pkg/prius_sdc_pkg) by extension 'colcon_meta'
[3.963s] Level 1:colcon.colcon_core.package_identification:_identify(prius_sdc_pkg/prius_sdc_pkg) by extensions ['ros']
[3.963s] Level 1:colcon.colcon_core.package_identification:_identify(prius_sdc_pkg/prius_sdc_pkg) by extension 'ros'
[3.964s] Level 1:colcon.colcon_core.package_identification:_identify(prius_sdc_pkg/prius_sdc_pkg) by extensions ['cmake', 'python']
[3.965s] Level 1:colcon.colcon_core.package_identification:_identify(prius_sdc_pkg/prius_sdc_pkg) by extension 'cmake'
[3.965s] Level 1:colcon.colcon_core.package_identification:_identify(prius_sdc_pkg/prius_sdc_pkg) by extension 'python'
[3.966s] Level 1:colcon.colcon_core.package_identification:_identify(prius_sdc_pkg/prius_sdc_pkg) by extensions ['python_setup_py']
[3.966s] Level 1:colcon.colcon_core.package_identification:_identify(prius_sdc_pkg/prius_sdc_pkg) by extension 'python_setup_py'
[3.985s] Level 1:colcon.colcon_core.package_identification:_identify(prius_sdc_pkg/prius_sdc_pkg/data) by extensions ['ignore', 'ignore_ament_install']
[3.988s] Level 1:colcon.colcon_core.package_identification:_identify(prius_sdc_pkg/prius_sdc_pkg/data) by extension 'ignore'
[3.990s] Level 1:colcon.colcon_core.package_identification:_identify(prius_sdc_pkg/prius_sdc_pkg/data) by extension 'ignore_ament_install'
[3.992s] Level 1:colcon.colcon_core.package_identification:_identify(prius_sdc_pkg/prius_sdc_pkg/data) by extensions ['colcon_pkg']
[3.994s] Level 1:colcon.colcon_core.package_identification:_identify(prius_sdc_pkg/prius_sdc_pkg/data) by extension 'colcon_pkg'
[3.995s] Level 1:colcon.colcon_core.package_identification:_identify(prius_sdc_pkg/prius_sdc_pkg/data) by extensions ['colcon_meta']
[3.996s] Level 1:colcon.colcon_core.package_identification:_identify(prius_sdc_pkg/prius_sdc_pkg/data) by extension 'colcon_meta'
[3.998s] Level 1:colcon.colcon_core.package_identification:_identify(prius_sdc_pkg/prius_sdc_pkg/data) by extensions ['ros']
[3.998s] Level 1:colcon.colcon_core.package_identification:_identify(prius_sdc_pkg/prius_sdc_pkg/data) by extension 'ros'
[3.999s] Level 1:colcon.colcon_core.package_identification:_identify(prius_sdc_pkg/prius_sdc_pkg/data) by extensions ['cmake', 'python']
[3.999s] Level 1:colcon.colcon_core.package_identification:_identify(prius_sdc_pkg/prius_sdc_pkg/data) by extension 'cmake'
[4.000s] Level 1:colcon.colcon_core.package_identification:_identify(prius_sdc_pkg/prius_sdc_pkg/data) by extension 'python'
[4.000s] Level 1:colcon.colcon_core.package_identification:_identify(prius_sdc_pkg/prius_sdc_pkg/data) by extensions ['python_setup_py']
[4.001s] Level 1:colcon.colcon_core.package_identification:_identify(prius_sdc_pkg/prius_sdc_pkg/data) by extension 'python_setup_py'
[4.010s] Level 1:colcon.colcon_core.package_identification:_identify(prius_sdc_pkg/prius_sdc_pkg/data/live_dataset) by extensions ['ignore', 'ignore_ament_install']
[4.011s] Level 1:colcon.colcon_core.package_identification:_identify(prius_sdc_pkg/prius_sdc_pkg/data/live_dataset) by extension 'ignore'
[4.011s] Level 1:colcon.colcon_core.package_identification:_identify(prius_sdc_pkg/prius_sdc_pkg/data/live_dataset) by extension 'ignore_ament_install'
[4.012s] Level 1:colcon.colcon_core.package_identification:_identify(prius_sdc_pkg/prius_sdc_pkg/data/live_dataset) by extensions ['colcon_pkg']
[4.012s] Level 1:colcon.colcon_core.package_identification:_identify(prius_sdc_pkg/prius_sdc_pkg/data/live_dataset) by extension 'colcon_pkg'
[4.013s] Level 1:colcon.colcon_core.package_identification:_identify(prius_sdc_pkg/prius_sdc_pkg/data/live_dataset) by extensions ['colcon_meta']
[4.013s] Level 1:colcon.colcon_core.package_identification:_identify(prius_sdc_pkg/prius_sdc_pkg/data/live_dataset) by extension 'colcon_meta'
[4.014s] Level 1:colcon.colcon_core.package_identification:_identify(prius_sdc_pkg/prius_sdc_pkg/data/live_dataset) by extensions ['ros']
[4.014s] Level 1:colcon.colcon_core.package_identification:_identify(prius_sdc_pkg/prius_sdc_pkg/data/live_dataset) by extension 'ros'
[4.015s] Level 1:colcon.colcon_core.package_identification:_identify(prius_sdc_pkg/prius_sdc_pkg/data/live_dataset) by extensions ['cmake', 'python']
[4.015s] Level 1:colcon.colcon_core.package_identification:_identify(prius_sdc_pkg/prius_sdc_pkg/data/live_dataset) by extension 'cmake'
[4.016s] Level 1:colcon.colcon_core.package_identification:_identify(prius_sdc_pkg/prius_sdc_pkg/data/live_dataset) by extension 'python'
[4.016s] Level 1:colcon.colcon_core.package_identification:_identify(prius_sdc_pkg/prius_sdc_pkg/data/live_dataset) by extensions ['python_setup_py']
[4.016s] Level 1:colcon.colcon_core.package_identification:_identify(prius_sdc_pkg/prius_sdc_pkg/data/live_dataset) by extension 'python_setup_py'
[4.031s] Level 1:colcon.colcon_core.package_identification:_identify(prius_sdc_pkg/prius_sdc_pkg/data/live_dataset/0) by extensions ['ignore', 'ignore_ament_install']
[4.032s] Level 1:colcon.colcon_core.package_identification:_identify(prius_sdc_pkg/prius_sdc_pkg/data/live_dataset/0) by extension 'ignore'
[4.032s] Level 1:colcon.colcon_core.package_identification:_identify(prius_sdc_pkg/prius_sdc_pkg/data/live_dataset/0) by extension 'ignore_ament_install'
[4.034s] Level 1:colcon.colcon_core.package_identification:_identify(prius_sdc_pkg/prius_sdc_pkg/data/live_dataset/0) by extensions ['colcon_pkg']
[4.034s] Level 1:colcon.colcon_core.package_identification:_identify(prius_sdc_pkg/prius_sdc_pkg/data/live_dataset/0) by extension 'colcon_pkg'
[4.035s] Level 1:colcon.colcon_core.package_identification:_identify(prius_sdc_pkg/prius_sdc_pkg/data/live_dataset/0) by extensions ['colcon_meta']
[4.035s] Level 1:colcon.colcon_core.package_identification:_identify(prius_sdc_pkg/prius_sdc_pkg/data/live_dataset/0) by extension 'colcon_meta'
[4.036s] Level 1:colcon.colcon_core.package_identification:_identify(prius_sdc_pkg/prius_sdc_pkg/data/live_dataset/0) by extensions ['ros']
[4.036s] Level 1:colcon.colcon_core.package_identification:_identify(prius_sdc_pkg/prius_sdc_pkg/data/live_dataset/0) by extension 'ros'
[4.037s] Level 1:colcon.colcon_core.package_identification:_identify(prius_sdc_pkg/prius_sdc_pkg/data/live_dataset/0) by extensions ['cmake', 'python']
[4.038s] Level 1:colcon.colcon_core.package_identification:_identify(prius_sdc_pkg/prius_sdc_pkg/data/live_dataset/0) by extension 'cmake'
[4.038s] Level 1:colcon.colcon_core.package_identification:_identify(prius_sdc_pkg/prius_sdc_pkg/data/live_dataset/0) by extension 'python'
[4.038s] Level 1:colcon.colcon_core.package_identification:_identify(prius_sdc_pkg/prius_sdc_pkg/data/live_dataset/0) by extensions ['python_setup_py']
[4.039s] Level 1:colcon.colcon_core.package_identification:_identify(prius_sdc_pkg/prius_sdc_pkg/data/live_dataset/0) by extension 'python_setup_py'
[4.050s] Level 1:colcon.colcon_core.package_identification:_identify(prius_sdc_pkg/prius_sdc_pkg/data/live_dataset/1) by extensions ['ignore', 'ignore_ament_install']
[4.051s] Level 1:colcon.colcon_core.package_identification:_identify(prius_sdc_pkg/prius_sdc_pkg/data/live_dataset/1) by extension 'ignore'
[4.051s] Level 1:colcon.colcon_core.package_identification:_identify(prius_sdc_pkg/prius_sdc_pkg/data/live_dataset/1) by extension 'ignore_ament_install'
[4.052s] Level 1:colcon.colcon_core.package_identification:_identify(prius_sdc_pkg/prius_sdc_pkg/data/live_dataset/1) by extensions ['colcon_pkg']
[4.052s] Level 1:colcon.colcon_core.package_identification:_identify(prius_sdc_pkg/prius_sdc_pkg/data/live_dataset/1) by extension 'colcon_pkg'
[4.053s] Level 1:colcon.colcon_core.package_identification:_identify(prius_sdc_pkg/prius_sdc_pkg/data/live_dataset/1) by extensions ['colcon_meta']
[4.054s] Level 1:colcon.colcon_core.package_identification:_identify(prius_sdc_pkg/prius_sdc_pkg/data/live_dataset/1) by extension 'colcon_meta'
[4.054s] Level 1:colcon.colcon_core.package_identification:_identify(prius_sdc_pkg/prius_sdc_pkg/data/live_dataset/1) by extensions ['ros']
[4.055s] Level 1:colcon.colcon_core.package_identification:_identify(prius_sdc_pkg/prius_sdc_pkg/data/live_dataset/1) by extension 'ros'
[4.056s] Level 1:colcon.colcon_core.package_identification:_identify(prius_sdc_pkg/prius_sdc_pkg/data/live_dataset/1) by extensions ['cmake', 'python']
[4.056s] Level 1:colcon.colcon_core.package_identification:_identify(prius_sdc_pkg/prius_sdc_pkg/data/live_dataset/1) by extension 'cmake'
[4.057s] Level 1:colcon.colcon_core.package_identification:_identify(prius_sdc_pkg/prius_sdc_pkg/data/live_dataset/1) by extension 'python'
[4.058s] Level 1:colcon.colcon_core.package_identification:_identify(prius_sdc_pkg/prius_sdc_pkg/data/live_dataset/1) by extensions ['python_setup_py']
[4.059s] Level 1:colcon.colcon_core.package_identification:_identify(prius_sdc_pkg/prius_sdc_pkg/data/live_dataset/1) by extension 'python_setup_py'
[4.062s] Level 1:colcon.colcon_core.package_identification:_identify(prius_sdc_pkg/prius_sdc_pkg/data/live_dataset/2) by extensions ['ignore', 'ignore_ament_install']
[4.062s] Level 1:colcon.colcon_core.package_identification:_identify(prius_sdc_pkg/prius_sdc_pkg/data/live_dataset/2) by extension 'ignore'
[4.063s] Level 1:colcon.colcon_core.package_identification:_identify(prius_sdc_pkg/prius_sdc_pkg/data/live_dataset/2) by extension 'ignore_ament_install'
[4.064s] Level 1:colcon.colcon_core.package_identification:_identify(prius_sdc_pkg/prius_sdc_pkg/data/live_dataset/2) by extensions ['colcon_pkg']
[4.064s] Level 1:colcon.colcon_core.package_identification:_identify(prius_sdc_pkg/prius_sdc_pkg/data/live_dataset/2) by extension 'colcon_pkg'
[4.065s] Level 1:colcon.colcon_core.package_identification:_identify(prius_sdc_pkg/prius_sdc_pkg/data/live_dataset/2) by extensions ['colcon_meta']
[4.066s] Level 1:colcon.colcon_core.package_identification:_identify(prius_sdc_pkg/prius_sdc_pkg/data/live_dataset/2) by extension 'colcon_meta'
[4.066s] Level 1:colcon.colcon_core.package_identification:_identify(prius_sdc_pkg/prius_sdc_pkg/data/live_dataset/2) by extensions ['ros']
[4.067s] Level 1:colcon.colcon_core.package_identification:_identify(prius_sdc_pkg/prius_sdc_pkg/data/live_dataset/2) by extension 'ros'
[4.068s] Level 1:colcon.colcon_core.package_identification:_identify(prius_sdc_pkg/prius_sdc_pkg/data/live_dataset/2) by extensions ['cmake', 'python']
[4.069s] Level 1:colcon.colcon_core.package_identification:_identify(prius_sdc_pkg/prius_sdc_pkg/data/live_dataset/2) by extension 'cmake'
[4.069s] Level 1:colcon.colcon_core.package_identification:_identify(prius_sdc_pkg/prius_sdc_pkg/data/live_dataset/2) by extension 'python'
[4.070s] Level 1:colcon.colcon_core.package_identification:_identify(prius_sdc_pkg/prius_sdc_pkg/data/live_dataset/2) by extensions ['python_setup_py']
[4.071s] Level 1:colcon.colcon_core.package_identification:_identify(prius_sdc_pkg/prius_sdc_pkg/data/live_dataset/2) by extension 'python_setup_py'
[4.084s] Level 1:colcon.colcon_core.package_identification:_identify(prius_sdc_pkg/prius_sdc_pkg/data/live_dataset/3) by extensions ['ignore', 'ignore_ament_install']
[4.085s] Level 1:colcon.colcon_core.package_identification:_identify(prius_sdc_pkg/prius_sdc_pkg/data/live_dataset/3) by extension 'ignore'
[4.086s] Level 1:colcon.colcon_core.package_identification:_identify(prius_sdc_pkg/prius_sdc_pkg/data/live_dataset/3) by extension 'ignore_ament_install'
[4.087s] Level 1:colcon.colcon_core.package_identification:_identify(prius_sdc_pkg/prius_sdc_pkg/data/live_dataset/3) by extensions ['colcon_pkg']
[4.087s] Level 1:colcon.colcon_core.package_identification:_identify(prius_sdc_pkg/prius_sdc_pkg/data/live_dataset/3) by extension 'colcon_pkg'
[4.088s] Level 1:colcon.colcon_core.package_identification:_identify(prius_sdc_pkg/prius_sdc_pkg/data/live_dataset/3) by extensions ['colcon_meta']
[4.088s] Level 1:colcon.colcon_core.package_identification:_identify(prius_sdc_pkg/prius_sdc_pkg/data/live_dataset/3) by extension 'colcon_meta'
[4.089s] Level 1:colcon.colcon_core.package_identification:_identify(prius_sdc_pkg/prius_sdc_pkg/data/live_dataset/3) by extensions ['ros']
[4.089s] Level 1:colcon.colcon_core.package_identification:_identify(prius_sdc_pkg/prius_sdc_pkg/data/live_dataset/3) by extension 'ros'
[4.090s] Level 1:colcon.colcon_core.package_identification:_identify(prius_sdc_pkg/prius_sdc_pkg/data/live_dataset/3) by extensions ['cmake', 'python']
[4.091s] Level 1:colcon.colcon_core.package_identification:_identify(prius_sdc_pkg/prius_sdc_pkg/data/live_dataset/3) by extension 'cmake'
[4.091s] Level 1:colcon.colcon_core.package_identification:_identify(prius_sdc_pkg/prius_sdc_pkg/data/live_dataset/3) by extension 'python'
[4.092s] Level 1:colcon.colcon_core.package_identification:_identify(prius_sdc_pkg/prius_sdc_pkg/data/live_dataset/3) by extensions ['python_setup_py']
[4.092s] Level 1:colcon.colcon_core.package_identification:_identify(prius_sdc_pkg/prius_sdc_pkg/data/live_dataset/3) by extension 'python_setup_py'
[4.095s] Level 1:colcon.colcon_core.package_identification:_identify(prius_sdc_pkg/prius_sdc_pkg/data/live_dataset/4) by extensions ['ignore', 'ignore_ament_install']
[4.096s] Level 1:colcon.colcon_core.package_identification:_identify(prius_sdc_pkg/prius_sdc_pkg/data/live_dataset/4) by extension 'ignore'
[4.096s] Level 1:colcon.colcon_core.package_identification:_identify(prius_sdc_pkg/prius_sdc_pkg/data/live_dataset/4) by extension 'ignore_ament_install'
[4.097s] Level 1:colcon.colcon_core.package_identification:_identify(prius_sdc_pkg/prius_sdc_pkg/data/live_dataset/4) by extensions ['colcon_pkg']
[4.098s] Level 1:colcon.colcon_core.package_identification:_identify(prius_sdc_pkg/prius_sdc_pkg/data/live_dataset/4) by extension 'colcon_pkg'
[4.098s] Level 1:colcon.colcon_core.package_identification:_identify(prius_sdc_pkg/prius_sdc_pkg/data/live_dataset/4) by extensions ['colcon_meta']
[4.098s] Level 1:colcon.colcon_core.package_identification:_identify(prius_sdc_pkg/prius_sdc_pkg/data/live_dataset/4) by extension 'colcon_meta'
[4.099s] Level 1:colcon.colcon_core.package_identification:_identify(prius_sdc_pkg/prius_sdc_pkg/data/live_dataset/4) by extensions ['ros']
[4.099s] Level 1:colcon.colcon_core.package_identification:_identify(prius_sdc_pkg/prius_sdc_pkg/data/live_dataset/4) by extension 'ros'
[4.100s] Level 1:colcon.colcon_core.package_identification:_identify(prius_sdc_pkg/prius_sdc_pkg/data/live_dataset/4) by extensions ['cmake', 'python']
[4.100s] Level 1:colcon.colcon_core.package_identification:_identify(prius_sdc_pkg/prius_sdc_pkg/data/live_dataset/4) by extension 'cmake'
[4.101s] Level 1:colcon.colcon_core.package_identification:_identify(prius_sdc_pkg/prius_sdc_pkg/data/live_dataset/4) by extension 'python'
[4.101s] Level 1:colcon.colcon_core.package_identification:_identify(prius_sdc_pkg/prius_sdc_pkg/data/live_dataset/4) by extensions ['python_setup_py']
[4.102s] Level 1:colcon.colcon_core.package_identification:_identify(prius_sdc_pkg/prius_sdc_pkg/data/live_dataset/4) by extension 'python_setup_py'
[4.108s] Level 1:colcon.colcon_core.package_identification:_identify(prius_sdc_pkg/prius_sdc_pkg/data/live_dataset/5) by extensions ['ignore', 'ignore_ament_install']
[4.109s] Level 1:colcon.colcon_core.package_identification:_identify(prius_sdc_pkg/prius_sdc_pkg/data/live_dataset/5) by extension 'ignore'
[4.109s] Level 1:colcon.colcon_core.package_identification:_identify(prius_sdc_pkg/prius_sdc_pkg/data/live_dataset/5) by extension 'ignore_ament_install'
[4.110s] Level 1:colcon.colcon_core.package_identification:_identify(prius_sdc_pkg/prius_sdc_pkg/data/live_dataset/5) by extensions ['colcon_pkg']
[4.111s] Level 1:colcon.colcon_core.package_identification:_identify(prius_sdc_pkg/prius_sdc_pkg/data/live_dataset/5) by extension 'colcon_pkg'
[4.111s] Level 1:colcon.colcon_core.package_identification:_identify(prius_sdc_pkg/prius_sdc_pkg/data/live_dataset/5) by extensions ['colcon_meta']
[4.112s] Level 1:colcon.colcon_core.package_identification:_identify(prius_sdc_pkg/prius_sdc_pkg/data/live_dataset/5) by extension 'colcon_meta'
[4.112s] Level 1:colcon.colcon_core.package_identification:_identify(prius_sdc_pkg/prius_sdc_pkg/data/live_dataset/5) by extensions ['ros']
[4.113s] Level 1:colcon.colcon_core.package_identification:_identify(prius_sdc_pkg/prius_sdc_pkg/data/live_dataset/5) by extension 'ros'
[4.115s] Level 1:colcon.colcon_core.package_identification:_identify(prius_sdc_pkg/prius_sdc_pkg/data/live_dataset/5) by extensions ['cmake', 'python']
[4.115s] Level 1:colcon.colcon_core.package_identification:_identify(prius_sdc_pkg/prius_sdc_pkg/data/live_dataset/5) by extension 'cmake'
[4.116s] Level 1:colcon.colcon_core.package_identification:_identify(prius_sdc_pkg/prius_sdc_pkg/data/live_dataset/5) by extension 'python'
[4.116s] Level 1:colcon.colcon_core.package_identification:_identify(prius_sdc_pkg/prius_sdc_pkg/data/live_dataset/5) by extensions ['python_setup_py']
[4.117s] Level 1:colcon.colcon_core.package_identification:_identify(prius_sdc_pkg/prius_sdc_pkg/data/live_dataset/5) by extension 'python_setup_py'
[4.118s] Level 1:colcon.colcon_core.package_identification:_identify(src) by extensions ['ignore', 'ignore_ament_install']
[4.119s] Level 1:colcon.colcon_core.package_identification:_identify(src) by extension 'ignore'
[4.119s] Level 1:colcon.colcon_core.package_identification:_identify(src) by extension 'ignore_ament_install'
[4.121s] Level 1:colcon.colcon_core.package_identification:_identify(src) by extensions ['colcon_pkg']
[4.124s] Level 1:colcon.colcon_core.package_identification:_identify(src) by extension 'colcon_pkg'
[4.125s] Level 1:colcon.colcon_core.package_identification:_identify(src) by extensions ['colcon_meta']
[4.126s] Level 1:colcon.colcon_core.package_identification:_identify(src) by extension 'colcon_meta'
[4.126s] Level 1:colcon.colcon_core.package_identification:_identify(src) by extensions ['ros']
[4.127s] Level 1:colcon.colcon_core.package_identification:_identify(src) by extension 'ros'
[4.127s] Level 1:colcon.colcon_core.package_identification:_identify(src) by extensions ['cmake', 'python']
[4.128s] Level 1:colcon.colcon_core.package_identification:_identify(src) by extension 'cmake'
[4.128s] Level 1:colcon.colcon_core.package_identification:_identify(src) by extension 'python'
[4.129s] Level 1:colcon.colcon_core.package_identification:_identify(src) by extensions ['python_setup_py']
[4.129s] Level 1:colcon.colcon_core.package_identification:_identify(src) by extension 'python_setup_py'
[4.131s] Level 1:colcon.colcon_core.package_identification:_identify(src/build) by extensions ['ignore', 'ignore_ament_install']
[4.131s] Level 1:colcon.colcon_core.package_identification:_identify(src/build) by extension 'ignore'
[4.132s] Level 1:colcon.colcon_core.package_identification:_identify(src/build) ignored
[4.134s] Level 1:colcon.colcon_core.package_identification:_identify(src/install) by extensions ['ignore', 'ignore_ament_install']
[4.134s] Level 1:colcon.colcon_core.package_identification:_identify(src/install) by extension 'ignore'
[4.135s] Level 1:colcon.colcon_core.package_identification:_identify(src/install) ignored
[4.143s] Level 1:colcon.colcon_core.package_identification:_identify(src/log) by extensions ['ignore', 'ignore_ament_install']
[4.144s] Level 1:colcon.colcon_core.package_identification:_identify(src/log) by extension 'ignore'
[4.145s] Level 1:colcon.colcon_core.package_identification:_identify(src/log) ignored
[4.146s] Level 1:colcon.colcon_core.package_identification:_identify(src/prius_sdc_pkg) by extensions ['ignore', 'ignore_ament_install']
[4.146s] Level 1:colcon.colcon_core.package_identification:_identify(src/prius_sdc_pkg) by extension 'ignore'
[4.147s] Level 1:colcon.colcon_core.package_identification:_identify(src/prius_sdc_pkg) by extension 'ignore_ament_install'
[4.148s] Level 1:colcon.colcon_core.package_identification:_identify(src/prius_sdc_pkg) by extensions ['colcon_pkg']
[4.148s] Level 1:colcon.colcon_core.package_identification:_identify(src/prius_sdc_pkg) by extension 'colcon_pkg'
[4.148s] Level 1:colcon.colcon_core.package_identification:_identify(src/prius_sdc_pkg) by extensions ['colcon_meta']
[4.149s] Level 1:colcon.colcon_core.package_identification:_identify(src/prius_sdc_pkg) by extension 'colcon_meta'
[4.150s] Level 1:colcon.colcon_core.package_identification:_identify(src/prius_sdc_pkg) by extensions ['ros']
[4.150s] Level 1:colcon.colcon_core.package_identification:_identify(src/prius_sdc_pkg) by extension 'ros'
[4.166s] DEBUG:colcon.colcon_core.package_identification:Package 'src/prius_sdc_pkg' with type 'ros.ament_python' and name 'prius_sdc_pkg'
[4.166s] Level 1:colcon.colcon_core.package_discovery:discover_packages(recursive) using defaults
[4.167s] Level 1:colcon.colcon_core.package_discovery:discover_packages(ignore) discover
[4.167s] Level 1:colcon.colcon_core.package_discovery:discover_packages(ignore) using defaults
[4.167s] Level 1:colcon.colcon_core.package_discovery:discover_packages(path) discover
[4.168s] Level 1:colcon.colcon_core.package_discovery:discover_packages(path) using defaults
[4.302s] Level 1:colcon.colcon_core.package_discovery:discover_packages(prefix_path) check parameters
[4.302s] Level 1:colcon.colcon_core.package_discovery:discover_packages(prefix_path) discover
[4.478s] DEBUG:colcon.colcon_installed_package_information.package_discovery:Found 1 installed packages in /home/louwee/sdc_ws/install
[4.490s] DEBUG:colcon.colcon_installed_package_information.package_discovery:Found 270 installed packages in /opt/ros/foxy
[4.554s] Level 1:colcon.colcon_core.package_discovery:discover_packages(prefix_path) using defaults
[5.702s] Level 5:colcon.colcon_core.verb:set package 'prius_sdc_pkg' build argument 'cmake_args' from command line to 'None'
[5.702s] Level 5:colcon.colcon_core.verb:set package 'prius_sdc_pkg' build argument 'cmake_target' from command line to 'None'
[5.703s] Level 5:colcon.colcon_core.verb:set package 'prius_sdc_pkg' build argument 'cmake_target_skip_unavailable' from command line to 'False'
[5.703s] Level 5:colcon.colcon_core.verb:set package 'prius_sdc_pkg' build argument 'cmake_clean_cache' from command line to 'False'
[5.703s] Level 5:colcon.colcon_core.verb:set package 'prius_sdc_pkg' build argument 'cmake_clean_first' from command line to 'False'
[5.703s] Level 5:colcon.colcon_core.verb:set package 'prius_sdc_pkg' build argument 'cmake_force_configure' from command line to 'False'
[5.703s] Level 5:colcon.colcon_core.verb:set package 'prius_sdc_pkg' build argument 'ament_cmake_args' from command line to 'None'
[5.704s] Level 5:colcon.colcon_core.verb:set package 'prius_sdc_pkg' build argument 'catkin_cmake_args' from command line to 'None'
[5.704s] Level 5:colcon.colcon_core.verb:set package 'prius_sdc_pkg' build argument 'catkin_skip_building_tests' from command line to 'False'
[5.704s] DEBUG:colcon.colcon_core.verb:Building package 'prius_sdc_pkg' with the following arguments: {'ament_cmake_args': None, 'build_base': '/home/louwee/sdc_ws/build/prius_sdc_pkg', 'catkin_cmake_args': None, 'catkin_skip_building_tests': False, 'cmake_args': None, 'cmake_clean_cache': False, 'cmake_clean_first': False, 'cmake_force_configure': False, 'cmake_target': None, 'cmake_target_skip_unavailable': False, 'install_base': '/home/louwee/sdc_ws/install/prius_sdc_pkg', 'merge_install': False, 'path': '/home/louwee/sdc_ws/src/prius_sdc_pkg', 'symlink_install': False, 'test_result_base': None}
[5.705s] INFO:colcon.colcon_core.executor:Executing jobs using 'parallel' executor
[5.713s] DEBUG:colcon.colcon_parallel_executor.executor.parallel:run_until_complete
[5.714s] INFO:colcon.colcon_ros.task.ament_python.build:Building ROS package in '/home/louwee/sdc_ws/src/prius_sdc_pkg' with build type 'ament_python'
[5.715s] Level 1:colcon.colcon_core.shell:create_environment_hook('prius_sdc_pkg', 'ament_prefix_path')
[5.765s] INFO:colcon.colcon_core.plugin_system:Skipping extension 'colcon_core.shell.bat': Not used on non-Windows systems
[5.767s] INFO:colcon.colcon_core.shell:Creating environment hook '/home/louwee/sdc_ws/install/prius_sdc_pkg/share/prius_sdc_pkg/hook/ament_prefix_path.ps1'
[5.782s] INFO:colcon.colcon_core.shell:Creating environment descriptor '/home/louwee/sdc_ws/install/prius_sdc_pkg/share/prius_sdc_pkg/hook/ament_prefix_path.dsv'
[5.799s] INFO:colcon.colcon_core.shell:Creating environment hook '/home/louwee/sdc_ws/install/prius_sdc_pkg/share/prius_sdc_pkg/hook/ament_prefix_path.sh'
[5.809s] INFO:colcon.colcon_core.shell:Skip shell extension 'powershell' for command environment: Not usable outside of PowerShell
[5.810s] DEBUG:colcon.colcon_core.shell:Skip shell extension 'dsv' for command environment
[8.272s] INFO:colcon.colcon_core.task.python.build:Building Python package in '/home/louwee/sdc_ws/src/prius_sdc_pkg'
[8.276s] INFO:colcon.colcon_core.shell:Skip shell extension 'powershell' for command environment: Not usable outside of PowerShell
[8.278s] DEBUG:colcon.colcon_core.shell:Skip shell extension 'dsv' for command environment
[13.138s] DEBUG:colcon.colcon_core.event_handler.log_command:Invoking command in '/home/louwee/sdc_ws/src/prius_sdc_pkg': PYTHONPATH=/home/louwee/sdc_ws/build/prius_sdc_pkg/prefix_override:/home/louwee/sdc_ws/install/prius_sdc_pkg/lib/python3.8/site-packages:${PYTHONPATH} /usr/bin/python3 -W ignore:setup.py install is deprecated setup.py egg_info --egg-base ../../build/prius_sdc_pkg build --build-base /home/louwee/sdc_ws/build/prius_sdc_pkg/build install --record /home/louwee/sdc_ws/build/prius_sdc_pkg/install.log --install-scripts $base/lib/prius_sdc_pkg --single-version-externally-managed install_data
[15.802s] DEBUG:colcon.colcon_core.event_handler.log_command:Invoked command in '/home/louwee/sdc_ws/src/prius_sdc_pkg' returned '0': PYTHONPATH=/home/louwee/sdc_ws/build/prius_sdc_pkg/prefix_override:/home/louwee/sdc_ws/install/prius_sdc_pkg/lib/python3.8/site-packages:${PYTHONPATH} /usr/bin/python3 -W ignore:setup.py install is deprecated setup.py egg_info --egg-base ../../build/prius_sdc_pkg build --build-base /home/louwee/sdc_ws/build/prius_sdc_pkg/build install --record /home/louwee/sdc_ws/build/prius_sdc_pkg/install.log --install-scripts $base/lib/prius_sdc_pkg --single-version-externally-managed install_data
[15.890s] Level 1:colcon.colcon_core.environment:checking '/home/louwee/sdc_ws/install/prius_sdc_pkg' for CMake module files
[15.898s] Level 1:colcon.colcon_core.environment:checking '/home/louwee/sdc_ws/install/prius_sdc_pkg' for CMake config files
[15.908s] Level 1:colcon.colcon_core.environment:checking '/home/louwee/sdc_ws/install/prius_sdc_pkg/lib'
[15.910s] Level 1:colcon.colcon_core.environment:checking '/home/louwee/sdc_ws/install/prius_sdc_pkg/bin'
[15.911s] Level 1:colcon.colcon_core.environment:checking '/home/louwee/sdc_ws/install/prius_sdc_pkg/lib/pkgconfig/prius_sdc_pkg.pc'
[15.912s] Level 1:colcon.colcon_core.environment:checking '/home/louwee/sdc_ws/install/prius_sdc_pkg/lib/python3.8/site-packages'
[15.913s] Level 1:colcon.colcon_core.shell:create_environment_hook('prius_sdc_pkg', 'pythonpath')
[15.915s] INFO:colcon.colcon_core.shell:Creating environment hook '/home/louwee/sdc_ws/install/prius_sdc_pkg/share/prius_sdc_pkg/hook/pythonpath.ps1'
[15.919s] INFO:colcon.colcon_core.shell:Creating environment descriptor '/home/louwee/sdc_ws/install/prius_sdc_pkg/share/prius_sdc_pkg/hook/pythonpath.dsv'
[15.923s] INFO:colcon.colcon_core.shell:Creating environment hook '/home/louwee/sdc_ws/install/prius_sdc_pkg/share/prius_sdc_pkg/hook/pythonpath.sh'
[15.928s] Level 1:colcon.colcon_core.environment:checking '/home/louwee/sdc_ws/install/prius_sdc_pkg/bin'
[15.930s] Level 1:colcon.colcon_core.environment:create_environment_scripts_only(prius_sdc_pkg)
[15.932s] INFO:colcon.colcon_core.shell:Creating package script '/home/louwee/sdc_ws/install/prius_sdc_pkg/share/prius_sdc_pkg/package.ps1'
[15.957s] INFO:colcon.colcon_core.shell:Creating package descriptor '/home/louwee/sdc_ws/install/prius_sdc_pkg/share/prius_sdc_pkg/package.dsv'
[15.975s] INFO:colcon.colcon_core.shell:Creating package script '/home/louwee/sdc_ws/install/prius_sdc_pkg/share/prius_sdc_pkg/package.sh'
[15.986s] INFO:colcon.colcon_core.shell:Creating package script '/home/louwee/sdc_ws/install/prius_sdc_pkg/share/prius_sdc_pkg/package.bash'
[15.993s] INFO:colcon.colcon_core.shell:Creating package script '/home/louwee/sdc_ws/install/prius_sdc_pkg/share/prius_sdc_pkg/package.zsh'
[16.002s] Level 1:colcon.colcon_core.environment:create_file_with_runtime_dependencies(/home/louwee/sdc_ws/install/prius_sdc_pkg/share/colcon-core/packages/prius_sdc_pkg)
[16.005s] DEBUG:colcon.colcon_parallel_executor.executor.parallel:closing loop
[16.008s] DEBUG:colcon.colcon_parallel_executor.executor.parallel:loop closed
[16.010s] DEBUG:colcon.colcon_parallel_executor.executor.parallel:run_until_complete finished with '0'
[16.010s] DEBUG:colcon.colcon_core.event_reactor:joining thread
[16.087s] INFO:colcon.colcon_core.plugin_system:Skipping extension 'colcon_notification.desktop_notification.terminal_notifier': Not used on non-Darwin systems
[16.091s] INFO:colcon.colcon_core.plugin_system:Skipping extension 'colcon_notification.desktop_notification.win32': Not used on non-Windows systems
[16.095s] INFO:colcon.colcon_notification.desktop_notification:Sending desktop notification using 'notify2'
[16.363s] DEBUG:colcon.colcon_core.event_reactor:joined thread
[16.365s] INFO:colcon.colcon_core.shell:Creating prefix script '/home/louwee/sdc_ws/install/local_setup.ps1'
[16.375s] INFO:colcon.colcon_core.shell:Creating prefix util module '/home/louwee/sdc_ws/install/_local_setup_util_ps1.py'
[16.386s] INFO:colcon.colcon_core.shell:Creating prefix chain script '/home/louwee/sdc_ws/install/setup.ps1'
[16.395s] INFO:colcon.colcon_core.shell:Creating prefix script '/home/louwee/sdc_ws/install/local_setup.sh'
[16.403s] INFO:colcon.colcon_core.shell:Creating prefix util module '/home/louwee/sdc_ws/install/_local_setup_util_sh.py'
[16.411s] INFO:colcon.colcon_core.shell:Creating prefix chain script '/home/louwee/sdc_ws/install/setup.sh'
[16.424s] INFO:colcon.colcon_core.shell:Creating prefix script '/home/louwee/sdc_ws/install/local_setup.bash'
[16.436s] INFO:colcon.colcon_core.shell:Creating prefix chain script '/home/louwee/sdc_ws/install/setup.bash'
[16.447s] INFO:colcon.colcon_core.shell:Creating prefix script '/home/louwee/sdc_ws/install/local_setup.zsh'
[16.453s] INFO:colcon.colcon_core.shell:Creating prefix chain script '/home/louwee/sdc_ws/install/setup.zsh'
