[3.328s] Invoking command in '/home/louwee/sdc_ws/src/prius_sdc_pkg': PYTHONPATH=/home/louwee/sdc_ws/build/prius_sdc_pkg/prefix_override:/home/louwee/sdc_ws/install/prius_sdc_pkg/lib/python3.8/site-packages:${PYTHONPATH} /usr/bin/python3 -W ignore:setup.py install is deprecated setup.py egg_info --egg-base ../../build/prius_sdc_pkg build --build-base /home/louwee/sdc_ws/build/prius_sdc_pkg/build install --record /home/louwee/sdc_ws/build/prius_sdc_pkg/install.log --install-scripts $base/lib/prius_sdc_pkg --single-version-externally-managed install_data
[4.426s] running egg_info
[4.432s] writing ../../build/prius_sdc_pkg/prius_sdc_pkg.egg-info/PKG-INFO
[4.435s] writing dependency_links to ../../build/prius_sdc_pkg/prius_sdc_pkg.egg-info/dependency_links.txt
[4.437s] writing entry points to ../../build/prius_sdc_pkg/prius_sdc_pkg.egg-info/entry_points.txt
[4.440s] writing requirements to ../../build/prius_sdc_pkg/prius_sdc_pkg.egg-info/requires.txt
[4.441s] writing top-level names to ../../build/prius_sdc_pkg/prius_sdc_pkg.egg-info/top_level.txt
[4.604s] reading manifest file '../../build/prius_sdc_pkg/prius_sdc_pkg.egg-info/SOURCES.txt'
[4.610s] writing manifest file '../../build/prius_sdc_pkg/prius_sdc_pkg.egg-info/SOURCES.txt'
[4.611s] running build
[4.612s] running build_py
[4.616s] copying prius_sdc_pkg/config/config.py -> /home/louwee/sdc_ws/build/prius_sdc_pkg/build/lib/prius_sdc_pkg/config
[4.619s] copying prius_sdc_pkg/Detection/Lanes/color_segmentation.py -> /home/louwee/sdc_ws/build/prius_sdc_pkg/build/lib/prius_sdc_pkg/Detection/Lanes
[4.623s] running install
[4.626s] running install_lib
[4.634s] copying /home/louwee/sdc_ws/build/prius_sdc_pkg/build/lib/prius_sdc_pkg/config/config.py -> /home/louwee/sdc_ws/install/prius_sdc_pkg/lib/python3.8/site-packages/prius_sdc_pkg/config
[4.636s] copying /home/louwee/sdc_ws/build/prius_sdc_pkg/build/lib/prius_sdc_pkg/Detection/Lanes/color_segmentation.py -> /home/louwee/sdc_ws/install/prius_sdc_pkg/lib/python3.8/site-packages/prius_sdc_pkg/Detection/Lanes
[4.641s] byte-compiling /home/louwee/sdc_ws/install/prius_sdc_pkg/lib/python3.8/site-packages/prius_sdc_pkg/config/config.py to config.cpython-38.pyc
[4.650s] byte-compiling /home/louwee/sdc_ws/install/prius_sdc_pkg/lib/python3.8/site-packages/prius_sdc_pkg/Detection/Lanes/color_segmentation.py to color_segmentation.cpython-38.pyc
[4.656s] running install_data
[4.658s] running install_egg_info
[4.673s] removing '/home/louwee/sdc_ws/install/prius_sdc_pkg/lib/python3.8/site-packages/prius_sdc_pkg-0.0.0-py3.8.egg-info' (and everything under it)
[4.674s] Copying ../../build/prius_sdc_pkg/prius_sdc_pkg.egg-info to /home/louwee/sdc_ws/install/prius_sdc_pkg/lib/python3.8/site-packages/prius_sdc_pkg-0.0.0-py3.8.egg-info
[4.675s] running install_scripts
[4.752s] Installing driver_node script to /home/louwee/sdc_ws/install/prius_sdc_pkg/lib/prius_sdc_pkg
[4.753s] Installing recorder_node script to /home/louwee/sdc_ws/install/prius_sdc_pkg/lib/prius_sdc_pkg
[4.754s] Installing spawner_node script to /home/louwee/sdc_ws/install/prius_sdc_pkg/lib/prius_sdc_pkg
[4.758s] writing list of installed files to '/home/louwee/sdc_ws/build/prius_sdc_pkg/install.log'
[4.893s] Invoked command in '/home/louwee/sdc_ws/src/prius_sdc_pkg' returned '0': PYTHONPATH=/home/louwee/sdc_ws/build/prius_sdc_pkg/prefix_override:/home/louwee/sdc_ws/install/prius_sdc_pkg/lib/python3.8/site-packages:${PYTHONPATH} /usr/bin/python3 -W ignore:setup.py install is deprecated setup.py egg_info --egg-base ../../build/prius_sdc_pkg build --build-base /home/louwee/sdc_ws/build/prius_sdc_pkg/build install --record /home/louwee/sdc_ws/build/prius_sdc_pkg/install.log --install-scripts $base/lib/prius_sdc_pkg --single-version-externally-managed install_data
