[2.660s] DEBUG:colcon:Command line arguments: ['/usr/bin/colcon', 'build']
[2.670s] DEBUG:colcon:Parsed command line arguments: Namespace(allow_overriding=[], ament_cmake_args=None, base_paths=['.'], build_base='build', catkin_cmake_args=None, catkin_skip_building_tests=False, cmake_args=None, cmake_clean_cache=False, cmake_clean_first=False, cmake_force_configure=False, cmake_target=None, cmake_target_skip_unavailable=False, continue_on_error=False, event_handlers=None, executor='parallel', ignore_user_meta=False, install_base='install', log_base=None, log_level=None, main=<bound method BuildVerb.main of <colcon_core.verb.build.BuildVerb object at 0x7fb82742f6d0>>, merge_install=False, metas=['./colcon.meta'], mixin=None, mixin_files=None, mixin_verb=('build',), packages_above=None, packages_above_and_dependencies=None, packages_above_depth=None, packages_end=None, packages_ignore=None, packages_ignore_regex=None, packages_select=None, packages_select_build_failed=False, packages_select_by_dep=None, packages_select_regex=None, packages_select_test_failures=False, packages_skip=None, packages_skip_build_finished=False, packages_skip_by_dep=None, packages_skip_regex=None, packages_skip_test_passed=False, packages_skip_up_to=None, packages_start=None, packages_up_to=None, packages_up_to_regex=None, parallel_workers=4, paths=None, symlink_install=False, test_result_base=None, verb_extension=<colcon_core.verb.build.BuildVerb object at 0x7fb82742f6d0>, verb_name='build', verb_parser=<colcon_mixin.mixin.mixin_argument.MixinArgumentDecorator object at 0x7fb8273715b0>)
[4.092s] Level 1:colcon.colcon_core.package_discovery:discover_packages(colcon_meta) check parameters
[4.092s] Level 1:colcon.colcon_core.package_discovery:discover_packages(recursive) check parameters
[4.093s] Level 1:colcon.colcon_core.package_discovery:discover_packages(ignore) check parameters
[4.093s] Level 1:colcon.colcon_core.package_discovery:discover_packages(path) check parameters
[4.093s] Level 1:colcon.colcon_core.package_discovery:discover_packages(colcon_meta) discover
[4.093s] Level 1:colcon.colcon_core.package_discovery:discover_packages(recursive) discover
[4.093s] INFO:colcon.colcon_core.package_discovery:Crawling recursively for packages in '/home/louwee/sdc_ws'
[4.094s] Level 1:colcon.colcon_core.package_identification:_identify(.) by extensions ['ignore', 'ignore_ament_install']
[4.094s] Level 1:colcon.colcon_core.package_identification:_identify(.) by extension 'ignore'
[4.094s] Level 1:colcon.colcon_core.package_identification:_identify(.) by extension 'ignore_ament_install'
[4.095s] Level 1:colcon.colcon_core.package_identification:_identify(.) by extensions ['colcon_pkg']
[4.095s] Level 1:colcon.colcon_core.package_identification:_identify(.) by extension 'colcon_pkg'
[4.095s] Level 1:colcon.colcon_core.package_identification:_identify(.) by extensions ['colcon_meta']
[4.095s] Level 1:colcon.colcon_core.package_identification:_identify(.) by extension 'colcon_meta'
[4.096s] Level 1:colcon.colcon_core.package_identification:_identify(.) by extensions ['ros']
[4.096s] Level 1:colcon.colcon_core.package_identification:_identify(.) by extension 'ros'
[4.260s] Level 1:colcon.colcon_core.package_identification:_identify(.) by extensions ['cmake', 'python']
[4.260s] Level 1:colcon.colcon_core.package_identification:_identify(.) by extension 'cmake'
[4.261s] Level 1:colcon.colcon_core.package_identification:_identify(.) by extension 'python'
[4.261s] Level 1:colcon.colcon_core.package_identification:_identify(.) by extensions ['python_setup_py']
[4.261s] Level 1:colcon.colcon_core.package_identification:_identify(.) by extension 'python_setup_py'
[4.262s] Level 1:colcon.colcon_core.package_identification:_identify(build) by extensions ['ignore', 'ignore_ament_install']
[4.262s] Level 1:colcon.colcon_core.package_identification:_identify(build) by extension 'ignore'
[4.263s] Level 1:colcon.colcon_core.package_identification:_identify(build) ignored
[4.264s] Level 1:colcon.colcon_core.package_identification:_identify(install) by extensions ['ignore', 'ignore_ament_install']
[4.264s] Level 1:colcon.colcon_core.package_identification:_identify(install) by extension 'ignore'
[4.265s] Level 1:colcon.colcon_core.package_identification:_identify(install) ignored
[4.266s] Level 1:colcon.colcon_core.package_identification:_identify(log) by extensions ['ignore', 'ignore_ament_install']
[4.266s] Level 1:colcon.colcon_core.package_identification:_identify(log) by extension 'ignore'
[4.267s] Level 1:colcon.colcon_core.package_identification:_identify(log) ignored
[4.314s] Level 1:colcon.colcon_core.package_identification:_identify(prius_sdc_pkg) by extensions ['ignore', 'ignore_ament_install']
[4.314s] Level 1:colcon.colcon_core.package_identification:_identify(prius_sdc_pkg) by extension 'ignore'
[4.315s] Level 1:colcon.colcon_core.package_identification:_identify(prius_sdc_pkg) by extension 'ignore_ament_install'
[4.315s] Level 1:colcon.colcon_core.package_identification:_identify(prius_sdc_pkg) by extensions ['colcon_pkg']
[4.315s] Level 1:colcon.colcon_core.package_identification:_identify(prius_sdc_pkg) by extension 'colcon_pkg'
[4.315s] Level 1:colcon.colcon_core.package_identification:_identify(prius_sdc_pkg) by extensions ['colcon_meta']
[4.316s] Level 1:colcon.colcon_core.package_identification:_identify(prius_sdc_pkg) by extension 'colcon_meta'
[4.316s] Level 1:colcon.colcon_core.package_identification:_identify(prius_sdc_pkg) by extensions ['ros']
[4.316s] Level 1:colcon.colcon_core.package_identification:_identify(prius_sdc_pkg) by extension 'ros'
[4.316s] Level 1:colcon.colcon_core.package_identification:_identify(prius_sdc_pkg) by extensions ['cmake', 'python']
[4.317s] Level 1:colcon.colcon_core.package_identification:_identify(prius_sdc_pkg) by extension 'cmake'
[4.317s] Level 1:colcon.colcon_core.package_identification:_identify(prius_sdc_pkg) by extension 'python'
[4.317s] Level 1:colcon.colcon_core.package_identification:_identify(prius_sdc_pkg) by extensions ['python_setup_py']
[4.317s] Level 1:colcon.colcon_core.package_identification:_identify(prius_sdc_pkg) by extension 'python_setup_py'
[4.364s] Level 1:colcon.colcon_core.package_identification:_identify(prius_sdc_pkg/prius_sdc_pkg) by extensions ['ignore', 'ignore_ament_install']
[4.365s] Level 1:colcon.colcon_core.package_identification:_identify(prius_sdc_pkg/prius_sdc_pkg) by extension 'ignore'
[4.365s] Level 1:colcon.colcon_core.package_identification:_identify(prius_sdc_pkg/prius_sdc_pkg) by extension 'ignore_ament_install'
[4.366s] Level 1:colcon.colcon_core.package_identification:_identify(prius_sdc_pkg/prius_sdc_pkg) by extensions ['colcon_pkg']
[4.366s] Level 1:colcon.colcon_core.package_identification:_identify(prius_sdc_pkg/prius_sdc_pkg) by extension 'colcon_pkg'
[4.366s] Level 1:colcon.colcon_core.package_identification:_identify(prius_sdc_pkg/prius_sdc_pkg) by extensions ['colcon_meta']
[4.366s] Level 1:colcon.colcon_core.package_identification:_identify(prius_sdc_pkg/prius_sdc_pkg) by extension 'colcon_meta'
[4.367s] Level 1:colcon.colcon_core.package_identification:_identify(prius_sdc_pkg/prius_sdc_pkg) by extensions ['ros']
[4.367s] Level 1:colcon.colcon_core.package_identification:_identify(prius_sdc_pkg/prius_sdc_pkg) by extension 'ros'
[4.368s] Level 1:colcon.colcon_core.package_identification:_identify(prius_sdc_pkg/prius_sdc_pkg) by extensions ['cmake', 'python']
[4.368s] Level 1:colcon.colcon_core.package_identification:_identify(prius_sdc_pkg/prius_sdc_pkg) by extension 'cmake'
[4.368s] Level 1:colcon.colcon_core.package_identification:_identify(prius_sdc_pkg/prius_sdc_pkg) by extension 'python'
[4.369s] Level 1:colcon.colcon_core.package_identification:_identify(prius_sdc_pkg/prius_sdc_pkg) by extensions ['python_setup_py']
[4.369s] Level 1:colcon.colcon_core.package_identification:_identify(prius_sdc_pkg/prius_sdc_pkg) by extension 'python_setup_py'
[4.406s] Level 1:colcon.colcon_core.package_identification:_identify(prius_sdc_pkg/prius_sdc_pkg/data) by extensions ['ignore', 'ignore_ament_install']
[4.407s] Level 1:colcon.colcon_core.package_identification:_identify(prius_sdc_pkg/prius_sdc_pkg/data) by extension 'ignore'
[4.408s] Level 1:colcon.colcon_core.package_identification:_identify(prius_sdc_pkg/prius_sdc_pkg/data) by extension 'ignore_ament_install'
[4.408s] Level 1:colcon.colcon_core.package_identification:_identify(prius_sdc_pkg/prius_sdc_pkg/data) by extensions ['colcon_pkg']
[4.408s] Level 1:colcon.colcon_core.package_identification:_identify(prius_sdc_pkg/prius_sdc_pkg/data) by extension 'colcon_pkg'
[4.409s] Level 1:colcon.colcon_core.package_identification:_identify(prius_sdc_pkg/prius_sdc_pkg/data) by extensions ['colcon_meta']
[4.409s] Level 1:colcon.colcon_core.package_identification:_identify(prius_sdc_pkg/prius_sdc_pkg/data) by extension 'colcon_meta'
[4.409s] Level 1:colcon.colcon_core.package_identification:_identify(prius_sdc_pkg/prius_sdc_pkg/data) by extensions ['ros']
[4.409s] Level 1:colcon.colcon_core.package_identification:_identify(prius_sdc_pkg/prius_sdc_pkg/data) by extension 'ros'
[4.410s] Level 1:colcon.colcon_core.package_identification:_identify(prius_sdc_pkg/prius_sdc_pkg/data) by extensions ['cmake', 'python']
[4.410s] Level 1:colcon.colcon_core.package_identification:_identify(prius_sdc_pkg/prius_sdc_pkg/data) by extension 'cmake'
[4.411s] Level 1:colcon.colcon_core.package_identification:_identify(prius_sdc_pkg/prius_sdc_pkg/data) by extension 'python'
[4.411s] Level 1:colcon.colcon_core.package_identification:_identify(prius_sdc_pkg/prius_sdc_pkg/data) by extensions ['python_setup_py']
[4.411s] Level 1:colcon.colcon_core.package_identification:_identify(prius_sdc_pkg/prius_sdc_pkg/data) by extension 'python_setup_py'
[4.445s] Level 1:colcon.colcon_core.package_identification:_identify(prius_sdc_pkg/prius_sdc_pkg/data/live_dataset) by extensions ['ignore', 'ignore_ament_install']
[4.445s] Level 1:colcon.colcon_core.package_identification:_identify(prius_sdc_pkg/prius_sdc_pkg/data/live_dataset) by extension 'ignore'
[4.446s] Level 1:colcon.colcon_core.package_identification:_identify(prius_sdc_pkg/prius_sdc_pkg/data/live_dataset) by extension 'ignore_ament_install'
[4.446s] Level 1:colcon.colcon_core.package_identification:_identify(prius_sdc_pkg/prius_sdc_pkg/data/live_dataset) by extensions ['colcon_pkg']
[4.447s] Level 1:colcon.colcon_core.package_identification:_identify(prius_sdc_pkg/prius_sdc_pkg/data/live_dataset) by extension 'colcon_pkg'
[4.447s] Level 1:colcon.colcon_core.package_identification:_identify(prius_sdc_pkg/prius_sdc_pkg/data/live_dataset) by extensions ['colcon_meta']
[4.448s] Level 1:colcon.colcon_core.package_identification:_identify(prius_sdc_pkg/prius_sdc_pkg/data/live_dataset) by extension 'colcon_meta'
[4.448s] Level 1:colcon.colcon_core.package_identification:_identify(prius_sdc_pkg/prius_sdc_pkg/data/live_dataset) by extensions ['ros']
[4.449s] Level 1:colcon.colcon_core.package_identification:_identify(prius_sdc_pkg/prius_sdc_pkg/data/live_dataset) by extension 'ros'
[4.449s] Level 1:colcon.colcon_core.package_identification:_identify(prius_sdc_pkg/prius_sdc_pkg/data/live_dataset) by extensions ['cmake', 'python']
[4.450s] Level 1:colcon.colcon_core.package_identification:_identify(prius_sdc_pkg/prius_sdc_pkg/data/live_dataset) by extension 'cmake'
[4.450s] Level 1:colcon.colcon_core.package_identification:_identify(prius_sdc_pkg/prius_sdc_pkg/data/live_dataset) by extension 'python'
[4.450s] Level 1:colcon.colcon_core.package_identification:_identify(prius_sdc_pkg/prius_sdc_pkg/data/live_dataset) by extensions ['python_setup_py']
[4.450s] Level 1:colcon.colcon_core.package_identification:_identify(prius_sdc_pkg/prius_sdc_pkg/data/live_dataset) by extension 'python_setup_py'
[4.464s] Level 1:colcon.colcon_core.package_identification:_identify(prius_sdc_pkg/prius_sdc_pkg/data/live_dataset/0) by extensions ['ignore', 'ignore_ament_install']
[4.465s] Level 1:colcon.colcon_core.package_identification:_identify(prius_sdc_pkg/prius_sdc_pkg/data/live_dataset/0) by extension 'ignore'
[4.465s] Level 1:colcon.colcon_core.package_identification:_identify(prius_sdc_pkg/prius_sdc_pkg/data/live_dataset/0) by extension 'ignore_ament_install'
[4.465s] Level 1:colcon.colcon_core.package_identification:_identify(prius_sdc_pkg/prius_sdc_pkg/data/live_dataset/0) by extensions ['colcon_pkg']
[4.466s] Level 1:colcon.colcon_core.package_identification:_identify(prius_sdc_pkg/prius_sdc_pkg/data/live_dataset/0) by extension 'colcon_pkg'
[4.466s] Level 1:colcon.colcon_core.package_identification:_identify(prius_sdc_pkg/prius_sdc_pkg/data/live_dataset/0) by extensions ['colcon_meta']
[4.466s] Level 1:colcon.colcon_core.package_identification:_identify(prius_sdc_pkg/prius_sdc_pkg/data/live_dataset/0) by extension 'colcon_meta'
[4.466s] Level 1:colcon.colcon_core.package_identification:_identify(prius_sdc_pkg/prius_sdc_pkg/data/live_dataset/0) by extensions ['ros']
[4.467s] Level 1:colcon.colcon_core.package_identification:_identify(prius_sdc_pkg/prius_sdc_pkg/data/live_dataset/0) by extension 'ros'
[4.468s] Level 1:colcon.colcon_core.package_identification:_identify(prius_sdc_pkg/prius_sdc_pkg/data/live_dataset/0) by extensions ['cmake', 'python']
[4.468s] Level 1:colcon.colcon_core.package_identification:_identify(prius_sdc_pkg/prius_sdc_pkg/data/live_dataset/0) by extension 'cmake'
[4.469s] Level 1:colcon.colcon_core.package_identification:_identify(prius_sdc_pkg/prius_sdc_pkg/data/live_dataset/0) by extension 'python'
[4.469s] Level 1:colcon.colcon_core.package_identification:_identify(prius_sdc_pkg/prius_sdc_pkg/data/live_dataset/0) by extensions ['python_setup_py']
[4.469s] Level 1:colcon.colcon_core.package_identification:_identify(prius_sdc_pkg/prius_sdc_pkg/data/live_dataset/0) by extension 'python_setup_py'
[4.494s] Level 1:colcon.colcon_core.package_identification:_identify(prius_sdc_pkg/prius_sdc_pkg/data/live_dataset/1) by extensions ['ignore', 'ignore_ament_install']
[4.494s] Level 1:colcon.colcon_core.package_identification:_identify(prius_sdc_pkg/prius_sdc_pkg/data/live_dataset/1) by extension 'ignore'
[4.495s] Level 1:colcon.colcon_core.package_identification:_identify(prius_sdc_pkg/prius_sdc_pkg/data/live_dataset/1) by extension 'ignore_ament_install'
[4.495s] Level 1:colcon.colcon_core.package_identification:_identify(prius_sdc_pkg/prius_sdc_pkg/data/live_dataset/1) by extensions ['colcon_pkg']
[4.495s] Level 1:colcon.colcon_core.package_identification:_identify(prius_sdc_pkg/prius_sdc_pkg/data/live_dataset/1) by extension 'colcon_pkg'
[4.496s] Level 1:colcon.colcon_core.package_identification:_identify(prius_sdc_pkg/prius_sdc_pkg/data/live_dataset/1) by extensions ['colcon_meta']
[4.496s] Level 1:colcon.colcon_core.package_identification:_identify(prius_sdc_pkg/prius_sdc_pkg/data/live_dataset/1) by extension 'colcon_meta'
[4.496s] Level 1:colcon.colcon_core.package_identification:_identify(prius_sdc_pkg/prius_sdc_pkg/data/live_dataset/1) by extensions ['ros']
[4.497s] Level 1:colcon.colcon_core.package_identification:_identify(prius_sdc_pkg/prius_sdc_pkg/data/live_dataset/1) by extension 'ros'
[4.497s] Level 1:colcon.colcon_core.package_identification:_identify(prius_sdc_pkg/prius_sdc_pkg/data/live_dataset/1) by extensions ['cmake', 'python']
[4.497s] Level 1:colcon.colcon_core.package_identification:_identify(prius_sdc_pkg/prius_sdc_pkg/data/live_dataset/1) by extension 'cmake'
[4.498s] Level 1:colcon.colcon_core.package_identification:_identify(prius_sdc_pkg/prius_sdc_pkg/data/live_dataset/1) by extension 'python'
[4.498s] Level 1:colcon.colcon_core.package_identification:_identify(prius_sdc_pkg/prius_sdc_pkg/data/live_dataset/1) by extensions ['python_setup_py']
[4.498s] Level 1:colcon.colcon_core.package_identification:_identify(prius_sdc_pkg/prius_sdc_pkg/data/live_dataset/1) by extension 'python_setup_py'
[4.500s] Level 1:colcon.colcon_core.package_identification:_identify(prius_sdc_pkg/prius_sdc_pkg/data/live_dataset/2) by extensions ['ignore', 'ignore_ament_install']
[4.501s] Level 1:colcon.colcon_core.package_identification:_identify(prius_sdc_pkg/prius_sdc_pkg/data/live_dataset/2) by extension 'ignore'
[4.501s] Level 1:colcon.colcon_core.package_identification:_identify(prius_sdc_pkg/prius_sdc_pkg/data/live_dataset/2) by extension 'ignore_ament_install'
[4.502s] Level 1:colcon.colcon_core.package_identification:_identify(prius_sdc_pkg/prius_sdc_pkg/data/live_dataset/2) by extensions ['colcon_pkg']
[4.502s] Level 1:colcon.colcon_core.package_identification:_identify(prius_sdc_pkg/prius_sdc_pkg/data/live_dataset/2) by extension 'colcon_pkg'
[4.503s] Level 1:colcon.colcon_core.package_identification:_identify(prius_sdc_pkg/prius_sdc_pkg/data/live_dataset/2) by extensions ['colcon_meta']
[4.503s] Level 1:colcon.colcon_core.package_identification:_identify(prius_sdc_pkg/prius_sdc_pkg/data/live_dataset/2) by extension 'colcon_meta'
[4.503s] Level 1:colcon.colcon_core.package_identification:_identify(prius_sdc_pkg/prius_sdc_pkg/data/live_dataset/2) by extensions ['ros']
[4.504s] Level 1:colcon.colcon_core.package_identification:_identify(prius_sdc_pkg/prius_sdc_pkg/data/live_dataset/2) by extension 'ros'
[4.505s] Level 1:colcon.colcon_core.package_identification:_identify(prius_sdc_pkg/prius_sdc_pkg/data/live_dataset/2) by extensions ['cmake', 'python']
[4.505s] Level 1:colcon.colcon_core.package_identification:_identify(prius_sdc_pkg/prius_sdc_pkg/data/live_dataset/2) by extension 'cmake'
[4.505s] Level 1:colcon.colcon_core.package_identification:_identify(prius_sdc_pkg/prius_sdc_pkg/data/live_dataset/2) by extension 'python'
[4.506s] Level 1:colcon.colcon_core.package_identification:_identify(prius_sdc_pkg/prius_sdc_pkg/data/live_dataset/2) by extensions ['python_setup_py']
[4.506s] Level 1:colcon.colcon_core.package_identification:_identify(prius_sdc_pkg/prius_sdc_pkg/data/live_dataset/2) by extension 'python_setup_py'
[4.509s] Level 1:colcon.colcon_core.package_identification:_identify(prius_sdc_pkg/prius_sdc_pkg/data/live_dataset/3) by extensions ['ignore', 'ignore_ament_install']
[4.510s] Level 1:colcon.colcon_core.package_identification:_identify(prius_sdc_pkg/prius_sdc_pkg/data/live_dataset/3) by extension 'ignore'
[4.510s] Level 1:colcon.colcon_core.package_identification:_identify(prius_sdc_pkg/prius_sdc_pkg/data/live_dataset/3) by extension 'ignore_ament_install'
[4.511s] Level 1:colcon.colcon_core.package_identification:_identify(prius_sdc_pkg/prius_sdc_pkg/data/live_dataset/3) by extensions ['colcon_pkg']
[4.511s] Level 1:colcon.colcon_core.package_identification:_identify(prius_sdc_pkg/prius_sdc_pkg/data/live_dataset/3) by extension 'colcon_pkg'
[4.512s] Level 1:colcon.colcon_core.package_identification:_identify(prius_sdc_pkg/prius_sdc_pkg/data/live_dataset/3) by extensions ['colcon_meta']
[4.512s] Level 1:colcon.colcon_core.package_identification:_identify(prius_sdc_pkg/prius_sdc_pkg/data/live_dataset/3) by extension 'colcon_meta'
[4.512s] Level 1:colcon.colcon_core.package_identification:_identify(prius_sdc_pkg/prius_sdc_pkg/data/live_dataset/3) by extensions ['ros']
[4.513s] Level 1:colcon.colcon_core.package_identification:_identify(prius_sdc_pkg/prius_sdc_pkg/data/live_dataset/3) by extension 'ros'
[4.513s] Level 1:colcon.colcon_core.package_identification:_identify(prius_sdc_pkg/prius_sdc_pkg/data/live_dataset/3) by extensions ['cmake', 'python']
[4.514s] Level 1:colcon.colcon_core.package_identification:_identify(prius_sdc_pkg/prius_sdc_pkg/data/live_dataset/3) by extension 'cmake'
[4.514s] Level 1:colcon.colcon_core.package_identification:_identify(prius_sdc_pkg/prius_sdc_pkg/data/live_dataset/3) by extension 'python'
[4.514s] Level 1:colcon.colcon_core.package_identification:_identify(prius_sdc_pkg/prius_sdc_pkg/data/live_dataset/3) by extensions ['python_setup_py']
[4.514s] Level 1:colcon.colcon_core.package_identification:_identify(prius_sdc_pkg/prius_sdc_pkg/data/live_dataset/3) by extension 'python_setup_py'
[4.518s] Level 1:colcon.colcon_core.package_identification:_identify(prius_sdc_pkg/prius_sdc_pkg/data/live_dataset/4) by extensions ['ignore', 'ignore_ament_install']
[4.519s] Level 1:colcon.colcon_core.package_identification:_identify(prius_sdc_pkg/prius_sdc_pkg/data/live_dataset/4) by extension 'ignore'
[4.520s] Level 1:colcon.colcon_core.package_identification:_identify(prius_sdc_pkg/prius_sdc_pkg/data/live_dataset/4) by extension 'ignore_ament_install'
[4.520s] Level 1:colcon.colcon_core.package_identification:_identify(prius_sdc_pkg/prius_sdc_pkg/data/live_dataset/4) by extensions ['colcon_pkg']
[4.521s] Level 1:colcon.colcon_core.package_identification:_identify(prius_sdc_pkg/prius_sdc_pkg/data/live_dataset/4) by extension 'colcon_pkg'
[4.521s] Level 1:colcon.colcon_core.package_identification:_identify(prius_sdc_pkg/prius_sdc_pkg/data/live_dataset/4) by extensions ['colcon_meta']
[4.521s] Level 1:colcon.colcon_core.package_identification:_identify(prius_sdc_pkg/prius_sdc_pkg/data/live_dataset/4) by extension 'colcon_meta'
[4.522s] Level 1:colcon.colcon_core.package_identification:_identify(prius_sdc_pkg/prius_sdc_pkg/data/live_dataset/4) by extensions ['ros']
[4.522s] Level 1:colcon.colcon_core.package_identification:_identify(prius_sdc_pkg/prius_sdc_pkg/data/live_dataset/4) by extension 'ros'
[4.523s] Level 1:colcon.colcon_core.package_identification:_identify(prius_sdc_pkg/prius_sdc_pkg/data/live_dataset/4) by extensions ['cmake', 'python']
[4.523s] Level 1:colcon.colcon_core.package_identification:_identify(prius_sdc_pkg/prius_sdc_pkg/data/live_dataset/4) by extension 'cmake'
[4.523s] Level 1:colcon.colcon_core.package_identification:_identify(prius_sdc_pkg/prius_sdc_pkg/data/live_dataset/4) by extension 'python'
[4.524s] Level 1:colcon.colcon_core.package_identification:_identify(prius_sdc_pkg/prius_sdc_pkg/data/live_dataset/4) by extensions ['python_setup_py']
[4.524s] Level 1:colcon.colcon_core.package_identification:_identify(prius_sdc_pkg/prius_sdc_pkg/data/live_dataset/4) by extension 'python_setup_py'
[4.537s] Level 1:colcon.colcon_core.package_identification:_identify(prius_sdc_pkg/prius_sdc_pkg/data/live_dataset/5) by extensions ['ignore', 'ignore_ament_install']
[4.538s] Level 1:colcon.colcon_core.package_identification:_identify(prius_sdc_pkg/prius_sdc_pkg/data/live_dataset/5) by extension 'ignore'
[4.538s] Level 1:colcon.colcon_core.package_identification:_identify(prius_sdc_pkg/prius_sdc_pkg/data/live_dataset/5) by extension 'ignore_ament_install'
[4.539s] Level 1:colcon.colcon_core.package_identification:_identify(prius_sdc_pkg/prius_sdc_pkg/data/live_dataset/5) by extensions ['colcon_pkg']
[4.539s] Level 1:colcon.colcon_core.package_identification:_identify(prius_sdc_pkg/prius_sdc_pkg/data/live_dataset/5) by extension 'colcon_pkg'
[4.539s] Level 1:colcon.colcon_core.package_identification:_identify(prius_sdc_pkg/prius_sdc_pkg/data/live_dataset/5) by extensions ['colcon_meta']
[4.540s] Level 1:colcon.colcon_core.package_identification:_identify(prius_sdc_pkg/prius_sdc_pkg/data/live_dataset/5) by extension 'colcon_meta'
[4.540s] Level 1:colcon.colcon_core.package_identification:_identify(prius_sdc_pkg/prius_sdc_pkg/data/live_dataset/5) by extensions ['ros']
[4.540s] Level 1:colcon.colcon_core.package_identification:_identify(prius_sdc_pkg/prius_sdc_pkg/data/live_dataset/5) by extension 'ros'
[4.541s] Level 1:colcon.colcon_core.package_identification:_identify(prius_sdc_pkg/prius_sdc_pkg/data/live_dataset/5) by extensions ['cmake', 'python']
[4.541s] Level 1:colcon.colcon_core.package_identification:_identify(prius_sdc_pkg/prius_sdc_pkg/data/live_dataset/5) by extension 'cmake'
[4.541s] Level 1:colcon.colcon_core.package_identification:_identify(prius_sdc_pkg/prius_sdc_pkg/data/live_dataset/5) by extension 'python'
[4.542s] Level 1:colcon.colcon_core.package_identification:_identify(prius_sdc_pkg/prius_sdc_pkg/data/live_dataset/5) by extensions ['python_setup_py']
[4.542s] Level 1:colcon.colcon_core.package_identification:_identify(prius_sdc_pkg/prius_sdc_pkg/data/live_dataset/5) by extension 'python_setup_py'
[4.543s] Level 1:colcon.colcon_core.package_identification:_identify(src) by extensions ['ignore', 'ignore_ament_install']
[4.543s] Level 1:colcon.colcon_core.package_identification:_identify(src) by extension 'ignore'
[4.543s] Level 1:colcon.colcon_core.package_identification:_identify(src) by extension 'ignore_ament_install'
[4.544s] Level 1:colcon.colcon_core.package_identification:_identify(src) by extensions ['colcon_pkg']
[4.544s] Level 1:colcon.colcon_core.package_identification:_identify(src) by extension 'colcon_pkg'
[4.544s] Level 1:colcon.colcon_core.package_identification:_identify(src) by extensions ['colcon_meta']
[4.545s] Level 1:colcon.colcon_core.package_identification:_identify(src) by extension 'colcon_meta'
[4.545s] Level 1:colcon.colcon_core.package_identification:_identify(src) by extensions ['ros']
[4.545s] Level 1:colcon.colcon_core.package_identification:_identify(src) by extension 'ros'
[4.546s] Level 1:colcon.colcon_core.package_identification:_identify(src) by extensions ['cmake', 'python']
[4.546s] Level 1:colcon.colcon_core.package_identification:_identify(src) by extension 'cmake'
[4.546s] Level 1:colcon.colcon_core.package_identification:_identify(src) by extension 'python'
[4.546s] Level 1:colcon.colcon_core.package_identification:_identify(src) by extensions ['python_setup_py']
[4.547s] Level 1:colcon.colcon_core.package_identification:_identify(src) by extension 'python_setup_py'
[4.547s] Level 1:colcon.colcon_core.package_identification:_identify(src/build) by extensions ['ignore', 'ignore_ament_install']
[4.548s] Level 1:colcon.colcon_core.package_identification:_identify(src/build) by extension 'ignore'
[4.548s] Level 1:colcon.colcon_core.package_identification:_identify(src/build) ignored
[4.548s] Level 1:colcon.colcon_core.package_identification:_identify(src/install) by extensions ['ignore', 'ignore_ament_install']
[4.549s] Level 1:colcon.colcon_core.package_identification:_identify(src/install) by extension 'ignore'
[4.549s] Level 1:colcon.colcon_core.package_identification:_identify(src/install) ignored
[4.550s] Level 1:colcon.colcon_core.package_identification:_identify(src/log) by extensions ['ignore', 'ignore_ament_install']
[4.550s] Level 1:colcon.colcon_core.package_identification:_identify(src/log) by extension 'ignore'
[4.550s] Level 1:colcon.colcon_core.package_identification:_identify(src/log) ignored
[4.553s] Level 1:colcon.colcon_core.package_identification:_identify(src/prius_sdc_pkg) by extensions ['ignore', 'ignore_ament_install']
[4.554s] Level 1:colcon.colcon_core.package_identification:_identify(src/prius_sdc_pkg) by extension 'ignore'
[4.554s] Level 1:colcon.colcon_core.package_identification:_identify(src/prius_sdc_pkg) by extension 'ignore_ament_install'
[4.554s] Level 1:colcon.colcon_core.package_identification:_identify(src/prius_sdc_pkg) by extensions ['colcon_pkg']
[4.555s] Level 1:colcon.colcon_core.package_identification:_identify(src/prius_sdc_pkg) by extension 'colcon_pkg'
[4.555s] Level 1:colcon.colcon_core.package_identification:_identify(src/prius_sdc_pkg) by extensions ['colcon_meta']
[4.555s] Level 1:colcon.colcon_core.package_identification:_identify(src/prius_sdc_pkg) by extension 'colcon_meta'
[4.555s] Level 1:colcon.colcon_core.package_identification:_identify(src/prius_sdc_pkg) by extensions ['ros']
[4.556s] Level 1:colcon.colcon_core.package_identification:_identify(src/prius_sdc_pkg) by extension 'ros'
[4.566s] DEBUG:colcon.colcon_core.package_identification:Package 'src/prius_sdc_pkg' with type 'ros.ament_python' and name 'prius_sdc_pkg'
[4.566s] Level 1:colcon.colcon_core.package_discovery:discover_packages(recursive) using defaults
[4.566s] Level 1:colcon.colcon_core.package_discovery:discover_packages(ignore) discover
[4.566s] Level 1:colcon.colcon_core.package_discovery:discover_packages(ignore) using defaults
[4.567s] Level 1:colcon.colcon_core.package_discovery:discover_packages(path) discover
[4.567s] Level 1:colcon.colcon_core.package_discovery:discover_packages(path) using defaults
[4.713s] Level 1:colcon.colcon_core.package_discovery:discover_packages(prefix_path) check parameters
[4.713s] Level 1:colcon.colcon_core.package_discovery:discover_packages(prefix_path) discover
[4.750s] DEBUG:colcon.colcon_installed_package_information.package_discovery:Found 1 installed packages in /home/louwee/sdc_ws/install
[4.759s] DEBUG:colcon.colcon_installed_package_information.package_discovery:Found 270 installed packages in /opt/ros/foxy
[4.820s] Level 1:colcon.colcon_core.package_discovery:discover_packages(prefix_path) using defaults
[6.984s] Level 5:colcon.colcon_core.verb:set package 'prius_sdc_pkg' build argument 'cmake_args' from command line to 'None'
[6.984s] Level 5:colcon.colcon_core.verb:set package 'prius_sdc_pkg' build argument 'cmake_target' from command line to 'None'
[6.984s] Level 5:colcon.colcon_core.verb:set package 'prius_sdc_pkg' build argument 'cmake_target_skip_unavailable' from command line to 'False'
[6.984s] Level 5:colcon.colcon_core.verb:set package 'prius_sdc_pkg' build argument 'cmake_clean_cache' from command line to 'False'
[6.984s] Level 5:colcon.colcon_core.verb:set package 'prius_sdc_pkg' build argument 'cmake_clean_first' from command line to 'False'
[6.985s] Level 5:colcon.colcon_core.verb:set package 'prius_sdc_pkg' build argument 'cmake_force_configure' from command line to 'False'
[6.985s] Level 5:colcon.colcon_core.verb:set package 'prius_sdc_pkg' build argument 'ament_cmake_args' from command line to 'None'
[6.985s] Level 5:colcon.colcon_core.verb:set package 'prius_sdc_pkg' build argument 'catkin_cmake_args' from command line to 'None'
[6.985s] Level 5:colcon.colcon_core.verb:set package 'prius_sdc_pkg' build argument 'catkin_skip_building_tests' from command line to 'False'
[6.985s] DEBUG:colcon.colcon_core.verb:Building package 'prius_sdc_pkg' with the following arguments: {'ament_cmake_args': None, 'build_base': '/home/louwee/sdc_ws/build/prius_sdc_pkg', 'catkin_cmake_args': None, 'catkin_skip_building_tests': False, 'cmake_args': None, 'cmake_clean_cache': False, 'cmake_clean_first': False, 'cmake_force_configure': False, 'cmake_target': None, 'cmake_target_skip_unavailable': False, 'install_base': '/home/louwee/sdc_ws/install/prius_sdc_pkg', 'merge_install': False, 'path': '/home/louwee/sdc_ws/src/prius_sdc_pkg', 'symlink_install': False, 'test_result_base': None}
[6.986s] INFO:colcon.colcon_core.executor:Executing jobs using 'parallel' executor
[6.993s] DEBUG:colcon.colcon_parallel_executor.executor.parallel:run_until_complete
[6.994s] INFO:colcon.colcon_ros.task.ament_python.build:Building ROS package in '/home/louwee/sdc_ws/src/prius_sdc_pkg' with build type 'ament_python'
[6.995s] Level 1:colcon.colcon_core.shell:create_environment_hook('prius_sdc_pkg', 'ament_prefix_path')
[7.137s] INFO:colcon.colcon_core.plugin_system:Skipping extension 'colcon_core.shell.bat': Not used on non-Windows systems
[7.139s] INFO:colcon.colcon_core.shell:Creating environment hook '/home/louwee/sdc_ws/install/prius_sdc_pkg/share/prius_sdc_pkg/hook/ament_prefix_path.ps1'
[7.156s] INFO:colcon.colcon_core.shell:Creating environment descriptor '/home/louwee/sdc_ws/install/prius_sdc_pkg/share/prius_sdc_pkg/hook/ament_prefix_path.dsv'
[7.204s] INFO:colcon.colcon_core.shell:Creating environment hook '/home/louwee/sdc_ws/install/prius_sdc_pkg/share/prius_sdc_pkg/hook/ament_prefix_path.sh'
[7.210s] INFO:colcon.colcon_core.shell:Skip shell extension 'powershell' for command environment: Not usable outside of PowerShell
[7.211s] DEBUG:colcon.colcon_core.shell:Skip shell extension 'dsv' for command environment
[9.729s] INFO:colcon.colcon_core.task.python.build:Building Python package in '/home/louwee/sdc_ws/src/prius_sdc_pkg'
[9.732s] INFO:colcon.colcon_core.shell:Skip shell extension 'powershell' for command environment: Not usable outside of PowerShell
[9.732s] DEBUG:colcon.colcon_core.shell:Skip shell extension 'dsv' for command environment
[16.844s] DEBUG:colcon.colcon_core.event_handler.log_command:Invoking command in '/home/louwee/sdc_ws/src/prius_sdc_pkg': PYTHONPATH=/home/louwee/sdc_ws/build/prius_sdc_pkg/prefix_override:/home/louwee/sdc_ws/install/prius_sdc_pkg/lib/python3.8/site-packages:${PYTHONPATH} /usr/bin/python3 -W ignore:setup.py install is deprecated setup.py egg_info --egg-base ../../build/prius_sdc_pkg build --build-base /home/louwee/sdc_ws/build/prius_sdc_pkg/build install --record /home/louwee/sdc_ws/build/prius_sdc_pkg/install.log --install-scripts $base/lib/prius_sdc_pkg --single-version-externally-managed install_data
[19.423s] DEBUG:colcon.colcon_core.event_handler.log_command:Invoked command in '/home/louwee/sdc_ws/src/prius_sdc_pkg' returned '0': PYTHONPATH=/home/louwee/sdc_ws/build/prius_sdc_pkg/prefix_override:/home/louwee/sdc_ws/install/prius_sdc_pkg/lib/python3.8/site-packages:${PYTHONPATH} /usr/bin/python3 -W ignore:setup.py install is deprecated setup.py egg_info --egg-base ../../build/prius_sdc_pkg build --build-base /home/louwee/sdc_ws/build/prius_sdc_pkg/build install --record /home/louwee/sdc_ws/build/prius_sdc_pkg/install.log --install-scripts $base/lib/prius_sdc_pkg --single-version-externally-managed install_data
[19.553s] Level 1:colcon.colcon_core.environment:checking '/home/louwee/sdc_ws/install/prius_sdc_pkg' for CMake module files
[19.587s] Level 1:colcon.colcon_core.environment:checking '/home/louwee/sdc_ws/install/prius_sdc_pkg' for CMake config files
[19.619s] Level 1:colcon.colcon_core.environment:checking '/home/louwee/sdc_ws/install/prius_sdc_pkg/lib'
[19.619s] Level 1:colcon.colcon_core.environment:checking '/home/louwee/sdc_ws/install/prius_sdc_pkg/bin'
[19.620s] Level 1:colcon.colcon_core.environment:checking '/home/louwee/sdc_ws/install/prius_sdc_pkg/lib/pkgconfig/prius_sdc_pkg.pc'
[19.653s] Level 1:colcon.colcon_core.environment:checking '/home/louwee/sdc_ws/install/prius_sdc_pkg/lib/python3.8/site-packages'
[19.653s] Level 1:colcon.colcon_core.shell:create_environment_hook('prius_sdc_pkg', 'pythonpath')
[19.655s] INFO:colcon.colcon_core.shell:Creating environment hook '/home/louwee/sdc_ws/install/prius_sdc_pkg/share/prius_sdc_pkg/hook/pythonpath.ps1'
[19.658s] INFO:colcon.colcon_core.shell:Creating environment descriptor '/home/louwee/sdc_ws/install/prius_sdc_pkg/share/prius_sdc_pkg/hook/pythonpath.dsv'
[19.661s] INFO:colcon.colcon_core.shell:Creating environment hook '/home/louwee/sdc_ws/install/prius_sdc_pkg/share/prius_sdc_pkg/hook/pythonpath.sh'
[19.663s] Level 1:colcon.colcon_core.environment:checking '/home/louwee/sdc_ws/install/prius_sdc_pkg/bin'
[19.664s] Level 1:colcon.colcon_core.environment:create_environment_scripts_only(prius_sdc_pkg)
[19.665s] INFO:colcon.colcon_core.shell:Creating package script '/home/louwee/sdc_ws/install/prius_sdc_pkg/share/prius_sdc_pkg/package.ps1'
[19.701s] INFO:colcon.colcon_core.shell:Creating package descriptor '/home/louwee/sdc_ws/install/prius_sdc_pkg/share/prius_sdc_pkg/package.dsv'
[19.727s] INFO:colcon.colcon_core.shell:Creating package script '/home/louwee/sdc_ws/install/prius_sdc_pkg/share/prius_sdc_pkg/package.sh'
[19.733s] INFO:colcon.colcon_core.shell:Creating package script '/home/louwee/sdc_ws/install/prius_sdc_pkg/share/prius_sdc_pkg/package.bash'
[19.737s] INFO:colcon.colcon_core.shell:Creating package script '/home/louwee/sdc_ws/install/prius_sdc_pkg/share/prius_sdc_pkg/package.zsh'
[19.746s] Level 1:colcon.colcon_core.environment:create_file_with_runtime_dependencies(/home/louwee/sdc_ws/install/prius_sdc_pkg/share/colcon-core/packages/prius_sdc_pkg)
[19.752s] DEBUG:colcon.colcon_parallel_executor.executor.parallel:closing loop
[19.755s] DEBUG:colcon.colcon_parallel_executor.executor.parallel:loop closed
[19.755s] DEBUG:colcon.colcon_parallel_executor.executor.parallel:run_until_complete finished with '0'
[19.756s] DEBUG:colcon.colcon_core.event_reactor:joining thread
[19.928s] INFO:colcon.colcon_core.plugin_system:Skipping extension 'colcon_notification.desktop_notification.terminal_notifier': Not used on non-Darwin systems
[19.929s] INFO:colcon.colcon_core.plugin_system:Skipping extension 'colcon_notification.desktop_notification.win32': Not used on non-Windows systems
[19.930s] INFO:colcon.colcon_notification.desktop_notification:Sending desktop notification using 'notify2'
[20.064s] DEBUG:colcon.colcon_core.event_reactor:joined thread
[20.066s] INFO:colcon.colcon_core.shell:Creating prefix script '/home/louwee/sdc_ws/install/local_setup.ps1'
[20.114s] INFO:colcon.colcon_core.shell:Creating prefix util module '/home/louwee/sdc_ws/install/_local_setup_util_ps1.py'
[20.158s] INFO:colcon.colcon_core.shell:Creating prefix chain script '/home/louwee/sdc_ws/install/setup.ps1'
[20.165s] INFO:colcon.colcon_core.shell:Creating prefix script '/home/louwee/sdc_ws/install/local_setup.sh'
[20.172s] INFO:colcon.colcon_core.shell:Creating prefix util module '/home/louwee/sdc_ws/install/_local_setup_util_sh.py'
[20.176s] INFO:colcon.colcon_core.shell:Creating prefix chain script '/home/louwee/sdc_ws/install/setup.sh'
[20.188s] INFO:colcon.colcon_core.shell:Creating prefix script '/home/louwee/sdc_ws/install/local_setup.bash'
[20.206s] INFO:colcon.colcon_core.shell:Creating prefix chain script '/home/louwee/sdc_ws/install/setup.bash'
[20.214s] INFO:colcon.colcon_core.shell:Creating prefix script '/home/louwee/sdc_ws/install/local_setup.zsh'
[20.220s] INFO:colcon.colcon_core.shell:Creating prefix chain script '/home/louwee/sdc_ws/install/setup.zsh'
