[4.163s] Invoking command in '/home/louwee/sdc_ws/src/prius_sdc_pkg': PYTHONPATH=/home/louwee/sdc_ws/build/prius_sdc_pkg/prefix_override:/home/louwee/sdc_ws/install/prius_sdc_pkg/lib/python3.8/site-packages:${PYTHONPATH} /usr/bin/python3 -W ignore:setup.py install is deprecated setup.py egg_info --egg-base ../../build/prius_sdc_pkg build --build-base /home/louwee/sdc_ws/build/prius_sdc_pkg/build install --record /home/louwee/sdc_ws/build/prius_sdc_pkg/install.log --install-scripts $base/lib/prius_sdc_pkg --single-version-externally-managed install_data
[5.280s] running egg_info
[5.284s] writing ../../build/prius_sdc_pkg/prius_sdc_pkg.egg-info/PKG-INFO
[5.299s] writing dependency_links to ../../build/prius_sdc_pkg/prius_sdc_pkg.egg-info/dependency_links.txt
[5.300s] writing entry points to ../../build/prius_sdc_pkg/prius_sdc_pkg.egg-info/entry_points.txt
[5.301s] writing requirements to ../../build/prius_sdc_pkg/prius_sdc_pkg.egg-info/requires.txt
[5.302s] writing top-level names to ../../build/prius_sdc_pkg/prius_sdc_pkg.egg-info/top_level.txt
[5.491s] reading manifest file '../../build/prius_sdc_pkg/prius_sdc_pkg.egg-info/SOURCES.txt'
[5.517s] writing manifest file '../../build/prius_sdc_pkg/prius_sdc_pkg.egg-info/SOURCES.txt'
[5.518s] running build
[5.518s] running build_py
[5.522s] copying prius_sdc_pkg/Drive_Bot.py -> /home/louwee/sdc_ws/build/prius_sdc_pkg/build/lib/prius_sdc_pkg
[5.523s] copying prius_sdc_pkg/video_recorder.py -> /home/louwee/sdc_ws/build/prius_sdc_pkg/build/lib/prius_sdc_pkg
[5.525s] creating /home/louwee/sdc_ws/build/prius_sdc_pkg/build/lib/prius_sdc_pkg/config
[5.525s] copying prius_sdc_pkg/config/__init__.py -> /home/louwee/sdc_ws/build/prius_sdc_pkg/build/lib/prius_sdc_pkg/config
[5.526s] copying prius_sdc_pkg/config/config.py -> /home/louwee/sdc_ws/build/prius_sdc_pkg/build/lib/prius_sdc_pkg/config
[5.527s] creating /home/louwee/sdc_ws/build/prius_sdc_pkg/build/lib/prius_sdc_pkg/Detection
[5.527s] copying prius_sdc_pkg/Detection/__init__.py -> /home/louwee/sdc_ws/build/prius_sdc_pkg/build/lib/prius_sdc_pkg/Detection
[5.528s] creating /home/louwee/sdc_ws/build/prius_sdc_pkg/build/lib/prius_sdc_pkg/Detection/Lanes
[5.529s] copying prius_sdc_pkg/Detection/Lanes/__init__.py -> /home/louwee/sdc_ws/build/prius_sdc_pkg/build/lib/prius_sdc_pkg/Detection/Lanes
[5.529s] copying prius_sdc_pkg/Detection/Lanes/lane_detection.py -> /home/louwee/sdc_ws/build/prius_sdc_pkg/build/lib/prius_sdc_pkg/Detection/Lanes
[5.530s] copying prius_sdc_pkg/Detection/Lanes/color_segmentation.py -> /home/louwee/sdc_ws/build/prius_sdc_pkg/build/lib/prius_sdc_pkg/Detection/Lanes
[5.532s] running install
[5.537s] running install_lib
[5.544s] copying /home/louwee/sdc_ws/build/prius_sdc_pkg/build/lib/prius_sdc_pkg/Drive_Bot.py -> /home/louwee/sdc_ws/install/prius_sdc_pkg/lib/python3.8/site-packages/prius_sdc_pkg
[5.554s] creating /home/louwee/sdc_ws/install/prius_sdc_pkg/lib/python3.8/site-packages/prius_sdc_pkg/config
[5.554s] copying /home/louwee/sdc_ws/build/prius_sdc_pkg/build/lib/prius_sdc_pkg/config/__init__.py -> /home/louwee/sdc_ws/install/prius_sdc_pkg/lib/python3.8/site-packages/prius_sdc_pkg/config
[5.557s] copying /home/louwee/sdc_ws/build/prius_sdc_pkg/build/lib/prius_sdc_pkg/config/config.py -> /home/louwee/sdc_ws/install/prius_sdc_pkg/lib/python3.8/site-packages/prius_sdc_pkg/config
[5.558s] copying /home/louwee/sdc_ws/build/prius_sdc_pkg/build/lib/prius_sdc_pkg/video_recorder.py -> /home/louwee/sdc_ws/install/prius_sdc_pkg/lib/python3.8/site-packages/prius_sdc_pkg
[5.559s] creating /home/louwee/sdc_ws/install/prius_sdc_pkg/lib/python3.8/site-packages/prius_sdc_pkg/Detection
[5.559s] copying /home/louwee/sdc_ws/build/prius_sdc_pkg/build/lib/prius_sdc_pkg/Detection/__init__.py -> /home/louwee/sdc_ws/install/prius_sdc_pkg/lib/python3.8/site-packages/prius_sdc_pkg/Detection
[5.560s] creating /home/louwee/sdc_ws/install/prius_sdc_pkg/lib/python3.8/site-packages/prius_sdc_pkg/Detection/Lanes
[5.560s] copying /home/louwee/sdc_ws/build/prius_sdc_pkg/build/lib/prius_sdc_pkg/Detection/Lanes/__init__.py -> /home/louwee/sdc_ws/install/prius_sdc_pkg/lib/python3.8/site-packages/prius_sdc_pkg/Detection/Lanes
[5.561s] copying /home/louwee/sdc_ws/build/prius_sdc_pkg/build/lib/prius_sdc_pkg/Detection/Lanes/lane_detection.py -> /home/louwee/sdc_ws/install/prius_sdc_pkg/lib/python3.8/site-packages/prius_sdc_pkg/Detection/Lanes
[5.562s] copying /home/louwee/sdc_ws/build/prius_sdc_pkg/build/lib/prius_sdc_pkg/Detection/Lanes/color_segmentation.py -> /home/louwee/sdc_ws/install/prius_sdc_pkg/lib/python3.8/site-packages/prius_sdc_pkg/Detection/Lanes
[5.562s] byte-compiling /home/louwee/sdc_ws/install/prius_sdc_pkg/lib/python3.8/site-packages/prius_sdc_pkg/Drive_Bot.py to Drive_Bot.cpython-38.pyc
[5.567s] byte-compiling /home/louwee/sdc_ws/install/prius_sdc_pkg/lib/python3.8/site-packages/prius_sdc_pkg/config/__init__.py to __init__.cpython-38.pyc
[5.570s] byte-compiling /home/louwee/sdc_ws/install/prius_sdc_pkg/lib/python3.8/site-packages/prius_sdc_pkg/config/config.py to config.cpython-38.pyc
[5.573s] byte-compiling /home/louwee/sdc_ws/install/prius_sdc_pkg/lib/python3.8/site-packages/prius_sdc_pkg/video_recorder.py to video_recorder.cpython-38.pyc
[5.575s] byte-compiling /home/louwee/sdc_ws/install/prius_sdc_pkg/lib/python3.8/site-packages/prius_sdc_pkg/Detection/__init__.py to __init__.cpython-38.pyc
[5.579s] byte-compiling /home/louwee/sdc_ws/install/prius_sdc_pkg/lib/python3.8/site-packages/prius_sdc_pkg/Detection/Lanes/__init__.py to __init__.cpython-38.pyc
[5.580s] byte-compiling /home/louwee/sdc_ws/install/prius_sdc_pkg/lib/python3.8/site-packages/prius_sdc_pkg/Detection/Lanes/lane_detection.py to lane_detection.cpython-38.pyc
[5.583s] byte-compiling /home/louwee/sdc_ws/install/prius_sdc_pkg/lib/python3.8/site-packages/prius_sdc_pkg/Detection/Lanes/color_segmentation.py to color_segmentation.cpython-38.pyc
[5.584s] running install_data
[5.599s] running install_egg_info
[5.608s] removing '/home/louwee/sdc_ws/install/prius_sdc_pkg/lib/python3.8/site-packages/prius_sdc_pkg-0.0.0-py3.8.egg-info' (and everything under it)
[5.609s] Copying ../../build/prius_sdc_pkg/prius_sdc_pkg.egg-info to /home/louwee/sdc_ws/install/prius_sdc_pkg/lib/python3.8/site-packages/prius_sdc_pkg-0.0.0-py3.8.egg-info
[5.631s] running install_scripts
[5.711s] Installing driver_node script to /home/louwee/sdc_ws/install/prius_sdc_pkg/lib/prius_sdc_pkg
[5.713s] Installing recorder_node script to /home/louwee/sdc_ws/install/prius_sdc_pkg/lib/prius_sdc_pkg
[5.714s] Installing spawner_node script to /home/louwee/sdc_ws/install/prius_sdc_pkg/lib/prius_sdc_pkg
[5.718s] writing list of installed files to '/home/louwee/sdc_ws/build/prius_sdc_pkg/install.log'
[5.867s] Invoked command in '/home/louwee/sdc_ws/src/prius_sdc_pkg' returned '0': PYTHONPATH=/home/louwee/sdc_ws/build/prius_sdc_pkg/prefix_override:/home/louwee/sdc_ws/install/prius_sdc_pkg/lib/python3.8/site-packages:${PYTHONPATH} /usr/bin/python3 -W ignore:setup.py install is deprecated setup.py egg_info --egg-base ../../build/prius_sdc_pkg build --build-base /home/louwee/sdc_ws/build/prius_sdc_pkg/build install --record /home/louwee/sdc_ws/build/prius_sdc_pkg/install.log --install-scripts $base/lib/prius_sdc_pkg --single-version-externally-managed install_data
