[2.281s] DEBUG:colcon:Command line arguments: ['/usr/bin/colcon', 'build']
[2.282s] DEBUG:colcon:Parsed command line arguments: Namespace(allow_overriding=[], ament_cmake_args=None, base_paths=['.'], build_base='build', catkin_cmake_args=None, catkin_skip_building_tests=False, cmake_args=None, cmake_clean_cache=False, cmake_clean_first=False, cmake_force_configure=False, cmake_target=None, cmake_target_skip_unavailable=False, continue_on_error=False, event_handlers=None, executor='parallel', ignore_user_meta=False, install_base='install', log_base=None, log_level=None, main=<bound method BuildVerb.main of <colcon_core.verb.build.BuildVerb object at 0x7efecd4bb6d0>>, merge_install=False, metas=['./colcon.meta'], mixin=None, mixin_files=None, mixin_verb=('build',), packages_above=None, packages_above_and_dependencies=None, packages_above_depth=None, packages_end=None, packages_ignore=None, packages_ignore_regex=None, packages_select=None, packages_select_build_failed=False, packages_select_by_dep=None, packages_select_regex=None, packages_select_test_failures=False, packages_skip=None, packages_skip_build_finished=False, packages_skip_by_dep=None, packages_skip_regex=None, packages_skip_test_passed=False, packages_skip_up_to=None, packages_start=None, packages_up_to=None, packages_up_to_regex=None, parallel_workers=4, paths=None, symlink_install=False, test_result_base=None, verb_extension=<colcon_core.verb.build.BuildVerb object at 0x7efecd4bb6d0>, verb_name='build', verb_parser=<colcon_mixin.mixin.mixin_argument.MixinArgumentDecorator object at 0x7efecd4005b0>)
[4.494s] Level 1:colcon.colcon_core.package_discovery:discover_packages(colcon_meta) check parameters
[4.497s] Level 1:colcon.colcon_core.package_discovery:discover_packages(recursive) check parameters
[4.498s] Level 1:colcon.colcon_core.package_discovery:discover_packages(ignore) check parameters
[4.498s] Level 1:colcon.colcon_core.package_discovery:discover_packages(path) check parameters
[4.499s] Level 1:colcon.colcon_core.package_discovery:discover_packages(colcon_meta) discover
[4.499s] Level 1:colcon.colcon_core.package_discovery:discover_packages(recursive) discover
[4.500s] INFO:colcon.colcon_core.package_discovery:Crawling recursively for packages in '/home/louwee/sdc_ws'
[4.501s] Level 1:colcon.colcon_core.package_identification:_identify(.) by extensions ['ignore', 'ignore_ament_install']
[4.501s] Level 1:colcon.colcon_core.package_identification:_identify(.) by extension 'ignore'
[4.502s] Level 1:colcon.colcon_core.package_identification:_identify(.) by extension 'ignore_ament_install'
[4.502s] Level 1:colcon.colcon_core.package_identification:_identify(.) by extensions ['colcon_pkg']
[4.503s] Level 1:colcon.colcon_core.package_identification:_identify(.) by extension 'colcon_pkg'
[4.503s] Level 1:colcon.colcon_core.package_identification:_identify(.) by extensions ['colcon_meta']
[4.503s] Level 1:colcon.colcon_core.package_identification:_identify(.) by extension 'colcon_meta'
[4.504s] Level 1:colcon.colcon_core.package_identification:_identify(.) by extensions ['ros']
[4.504s] Level 1:colcon.colcon_core.package_identification:_identify(.) by extension 'ros'
[4.622s] Level 1:colcon.colcon_core.package_identification:_identify(.) by extensions ['cmake', 'python']
[4.622s] Level 1:colcon.colcon_core.package_identification:_identify(.) by extension 'cmake'
[4.623s] Level 1:colcon.colcon_core.package_identification:_identify(.) by extension 'python'
[4.624s] Level 1:colcon.colcon_core.package_identification:_identify(.) by extensions ['python_setup_py']
[4.624s] Level 1:colcon.colcon_core.package_identification:_identify(.) by extension 'python_setup_py'
[4.625s] Level 1:colcon.colcon_core.package_identification:_identify(build) by extensions ['ignore', 'ignore_ament_install']
[4.626s] Level 1:colcon.colcon_core.package_identification:_identify(build) by extension 'ignore'
[4.626s] Level 1:colcon.colcon_core.package_identification:_identify(build) ignored
[4.628s] Level 1:colcon.colcon_core.package_identification:_identify(install) by extensions ['ignore', 'ignore_ament_install']
[4.629s] Level 1:colcon.colcon_core.package_identification:_identify(install) by extension 'ignore'
[4.630s] Level 1:colcon.colcon_core.package_identification:_identify(install) ignored
[4.634s] Level 1:colcon.colcon_core.package_identification:_identify(log) by extensions ['ignore', 'ignore_ament_install']
[4.635s] Level 1:colcon.colcon_core.package_identification:_identify(log) by extension 'ignore'
[4.636s] Level 1:colcon.colcon_core.package_identification:_identify(log) ignored
[4.637s] Level 1:colcon.colcon_core.package_identification:_identify(prius_sdc_pkg) by extensions ['ignore', 'ignore_ament_install']
[4.637s] Level 1:colcon.colcon_core.package_identification:_identify(prius_sdc_pkg) by extension 'ignore'
[4.638s] Level 1:colcon.colcon_core.package_identification:_identify(prius_sdc_pkg) by extension 'ignore_ament_install'
[4.638s] Level 1:colcon.colcon_core.package_identification:_identify(prius_sdc_pkg) by extensions ['colcon_pkg']
[4.638s] Level 1:colcon.colcon_core.package_identification:_identify(prius_sdc_pkg) by extension 'colcon_pkg'
[4.639s] Level 1:colcon.colcon_core.package_identification:_identify(prius_sdc_pkg) by extensions ['colcon_meta']
[4.639s] Level 1:colcon.colcon_core.package_identification:_identify(prius_sdc_pkg) by extension 'colcon_meta'
[4.639s] Level 1:colcon.colcon_core.package_identification:_identify(prius_sdc_pkg) by extensions ['ros']
[4.640s] Level 1:colcon.colcon_core.package_identification:_identify(prius_sdc_pkg) by extension 'ros'
[4.640s] Level 1:colcon.colcon_core.package_identification:_identify(prius_sdc_pkg) by extensions ['cmake', 'python']
[4.641s] Level 1:colcon.colcon_core.package_identification:_identify(prius_sdc_pkg) by extension 'cmake'
[4.641s] Level 1:colcon.colcon_core.package_identification:_identify(prius_sdc_pkg) by extension 'python'
[4.641s] Level 1:colcon.colcon_core.package_identification:_identify(prius_sdc_pkg) by extensions ['python_setup_py']
[4.641s] Level 1:colcon.colcon_core.package_identification:_identify(prius_sdc_pkg) by extension 'python_setup_py'
[4.642s] Level 1:colcon.colcon_core.package_identification:_identify(prius_sdc_pkg/prius_sdc_pkg) by extensions ['ignore', 'ignore_ament_install']
[4.644s] Level 1:colcon.colcon_core.package_identification:_identify(prius_sdc_pkg/prius_sdc_pkg) by extension 'ignore'
[4.645s] Level 1:colcon.colcon_core.package_identification:_identify(prius_sdc_pkg/prius_sdc_pkg) by extension 'ignore_ament_install'
[4.646s] Level 1:colcon.colcon_core.package_identification:_identify(prius_sdc_pkg/prius_sdc_pkg) by extensions ['colcon_pkg']
[4.651s] Level 1:colcon.colcon_core.package_identification:_identify(prius_sdc_pkg/prius_sdc_pkg) by extension 'colcon_pkg'
[4.653s] Level 1:colcon.colcon_core.package_identification:_identify(prius_sdc_pkg/prius_sdc_pkg) by extensions ['colcon_meta']
[4.653s] Level 1:colcon.colcon_core.package_identification:_identify(prius_sdc_pkg/prius_sdc_pkg) by extension 'colcon_meta'
[4.654s] Level 1:colcon.colcon_core.package_identification:_identify(prius_sdc_pkg/prius_sdc_pkg) by extensions ['ros']
[4.654s] Level 1:colcon.colcon_core.package_identification:_identify(prius_sdc_pkg/prius_sdc_pkg) by extension 'ros'
[4.655s] Level 1:colcon.colcon_core.package_identification:_identify(prius_sdc_pkg/prius_sdc_pkg) by extensions ['cmake', 'python']
[4.656s] Level 1:colcon.colcon_core.package_identification:_identify(prius_sdc_pkg/prius_sdc_pkg) by extension 'cmake'
[4.656s] Level 1:colcon.colcon_core.package_identification:_identify(prius_sdc_pkg/prius_sdc_pkg) by extension 'python'
[4.657s] Level 1:colcon.colcon_core.package_identification:_identify(prius_sdc_pkg/prius_sdc_pkg) by extensions ['python_setup_py']
[4.657s] Level 1:colcon.colcon_core.package_identification:_identify(prius_sdc_pkg/prius_sdc_pkg) by extension 'python_setup_py'
[4.658s] Level 1:colcon.colcon_core.package_identification:_identify(prius_sdc_pkg/prius_sdc_pkg/data) by extensions ['ignore', 'ignore_ament_install']
[4.662s] Level 1:colcon.colcon_core.package_identification:_identify(prius_sdc_pkg/prius_sdc_pkg/data) by extension 'ignore'
[4.664s] Level 1:colcon.colcon_core.package_identification:_identify(prius_sdc_pkg/prius_sdc_pkg/data) by extension 'ignore_ament_install'
[4.665s] Level 1:colcon.colcon_core.package_identification:_identify(prius_sdc_pkg/prius_sdc_pkg/data) by extensions ['colcon_pkg']
[4.666s] Level 1:colcon.colcon_core.package_identification:_identify(prius_sdc_pkg/prius_sdc_pkg/data) by extension 'colcon_pkg'
[4.666s] Level 1:colcon.colcon_core.package_identification:_identify(prius_sdc_pkg/prius_sdc_pkg/data) by extensions ['colcon_meta']
[4.666s] Level 1:colcon.colcon_core.package_identification:_identify(prius_sdc_pkg/prius_sdc_pkg/data) by extension 'colcon_meta'
[4.667s] Level 1:colcon.colcon_core.package_identification:_identify(prius_sdc_pkg/prius_sdc_pkg/data) by extensions ['ros']
[4.667s] Level 1:colcon.colcon_core.package_identification:_identify(prius_sdc_pkg/prius_sdc_pkg/data) by extension 'ros'
[4.668s] Level 1:colcon.colcon_core.package_identification:_identify(prius_sdc_pkg/prius_sdc_pkg/data) by extensions ['cmake', 'python']
[4.669s] Level 1:colcon.colcon_core.package_identification:_identify(prius_sdc_pkg/prius_sdc_pkg/data) by extension 'cmake'
[4.669s] Level 1:colcon.colcon_core.package_identification:_identify(prius_sdc_pkg/prius_sdc_pkg/data) by extension 'python'
[4.669s] Level 1:colcon.colcon_core.package_identification:_identify(prius_sdc_pkg/prius_sdc_pkg/data) by extensions ['python_setup_py']
[4.669s] Level 1:colcon.colcon_core.package_identification:_identify(prius_sdc_pkg/prius_sdc_pkg/data) by extension 'python_setup_py'
[4.670s] Level 1:colcon.colcon_core.package_identification:_identify(prius_sdc_pkg/prius_sdc_pkg/data/live_dataset) by extensions ['ignore', 'ignore_ament_install']
[4.672s] Level 1:colcon.colcon_core.package_identification:_identify(prius_sdc_pkg/prius_sdc_pkg/data/live_dataset) by extension 'ignore'
[4.673s] Level 1:colcon.colcon_core.package_identification:_identify(prius_sdc_pkg/prius_sdc_pkg/data/live_dataset) by extension 'ignore_ament_install'
[4.674s] Level 1:colcon.colcon_core.package_identification:_identify(prius_sdc_pkg/prius_sdc_pkg/data/live_dataset) by extensions ['colcon_pkg']
[4.674s] Level 1:colcon.colcon_core.package_identification:_identify(prius_sdc_pkg/prius_sdc_pkg/data/live_dataset) by extension 'colcon_pkg'
[4.675s] Level 1:colcon.colcon_core.package_identification:_identify(prius_sdc_pkg/prius_sdc_pkg/data/live_dataset) by extensions ['colcon_meta']
[4.675s] Level 1:colcon.colcon_core.package_identification:_identify(prius_sdc_pkg/prius_sdc_pkg/data/live_dataset) by extension 'colcon_meta'
[4.676s] Level 1:colcon.colcon_core.package_identification:_identify(prius_sdc_pkg/prius_sdc_pkg/data/live_dataset) by extensions ['ros']
[4.676s] Level 1:colcon.colcon_core.package_identification:_identify(prius_sdc_pkg/prius_sdc_pkg/data/live_dataset) by extension 'ros'
[4.676s] Level 1:colcon.colcon_core.package_identification:_identify(prius_sdc_pkg/prius_sdc_pkg/data/live_dataset) by extensions ['cmake', 'python']
[4.677s] Level 1:colcon.colcon_core.package_identification:_identify(prius_sdc_pkg/prius_sdc_pkg/data/live_dataset) by extension 'cmake'
[4.677s] Level 1:colcon.colcon_core.package_identification:_identify(prius_sdc_pkg/prius_sdc_pkg/data/live_dataset) by extension 'python'
[4.678s] Level 1:colcon.colcon_core.package_identification:_identify(prius_sdc_pkg/prius_sdc_pkg/data/live_dataset) by extensions ['python_setup_py']
[4.678s] Level 1:colcon.colcon_core.package_identification:_identify(prius_sdc_pkg/prius_sdc_pkg/data/live_dataset) by extension 'python_setup_py'
[4.679s] Level 1:colcon.colcon_core.package_identification:_identify(prius_sdc_pkg/prius_sdc_pkg/data/live_dataset/0) by extensions ['ignore', 'ignore_ament_install']
[4.680s] Level 1:colcon.colcon_core.package_identification:_identify(prius_sdc_pkg/prius_sdc_pkg/data/live_dataset/0) by extension 'ignore'
[4.680s] Level 1:colcon.colcon_core.package_identification:_identify(prius_sdc_pkg/prius_sdc_pkg/data/live_dataset/0) by extension 'ignore_ament_install'
[4.682s] Level 1:colcon.colcon_core.package_identification:_identify(prius_sdc_pkg/prius_sdc_pkg/data/live_dataset/0) by extensions ['colcon_pkg']
[4.684s] Level 1:colcon.colcon_core.package_identification:_identify(prius_sdc_pkg/prius_sdc_pkg/data/live_dataset/0) by extension 'colcon_pkg'
[4.685s] Level 1:colcon.colcon_core.package_identification:_identify(prius_sdc_pkg/prius_sdc_pkg/data/live_dataset/0) by extensions ['colcon_meta']
[4.686s] Level 1:colcon.colcon_core.package_identification:_identify(prius_sdc_pkg/prius_sdc_pkg/data/live_dataset/0) by extension 'colcon_meta'
[4.687s] Level 1:colcon.colcon_core.package_identification:_identify(prius_sdc_pkg/prius_sdc_pkg/data/live_dataset/0) by extensions ['ros']
[4.688s] Level 1:colcon.colcon_core.package_identification:_identify(prius_sdc_pkg/prius_sdc_pkg/data/live_dataset/0) by extension 'ros'
[4.689s] Level 1:colcon.colcon_core.package_identification:_identify(prius_sdc_pkg/prius_sdc_pkg/data/live_dataset/0) by extensions ['cmake', 'python']
[4.689s] Level 1:colcon.colcon_core.package_identification:_identify(prius_sdc_pkg/prius_sdc_pkg/data/live_dataset/0) by extension 'cmake'
[4.689s] Level 1:colcon.colcon_core.package_identification:_identify(prius_sdc_pkg/prius_sdc_pkg/data/live_dataset/0) by extension 'python'
[4.690s] Level 1:colcon.colcon_core.package_identification:_identify(prius_sdc_pkg/prius_sdc_pkg/data/live_dataset/0) by extensions ['python_setup_py']
[4.690s] Level 1:colcon.colcon_core.package_identification:_identify(prius_sdc_pkg/prius_sdc_pkg/data/live_dataset/0) by extension 'python_setup_py'
[4.692s] Level 1:colcon.colcon_core.package_identification:_identify(prius_sdc_pkg/prius_sdc_pkg/data/live_dataset/1) by extensions ['ignore', 'ignore_ament_install']
[4.693s] Level 1:colcon.colcon_core.package_identification:_identify(prius_sdc_pkg/prius_sdc_pkg/data/live_dataset/1) by extension 'ignore'
[4.694s] Level 1:colcon.colcon_core.package_identification:_identify(prius_sdc_pkg/prius_sdc_pkg/data/live_dataset/1) by extension 'ignore_ament_install'
[4.695s] Level 1:colcon.colcon_core.package_identification:_identify(prius_sdc_pkg/prius_sdc_pkg/data/live_dataset/1) by extensions ['colcon_pkg']
[4.696s] Level 1:colcon.colcon_core.package_identification:_identify(prius_sdc_pkg/prius_sdc_pkg/data/live_dataset/1) by extension 'colcon_pkg'
[4.697s] Level 1:colcon.colcon_core.package_identification:_identify(prius_sdc_pkg/prius_sdc_pkg/data/live_dataset/1) by extensions ['colcon_meta']
[4.700s] Level 1:colcon.colcon_core.package_identification:_identify(prius_sdc_pkg/prius_sdc_pkg/data/live_dataset/1) by extension 'colcon_meta'
[4.702s] Level 1:colcon.colcon_core.package_identification:_identify(prius_sdc_pkg/prius_sdc_pkg/data/live_dataset/1) by extensions ['ros']
[4.702s] Level 1:colcon.colcon_core.package_identification:_identify(prius_sdc_pkg/prius_sdc_pkg/data/live_dataset/1) by extension 'ros'
[4.703s] Level 1:colcon.colcon_core.package_identification:_identify(prius_sdc_pkg/prius_sdc_pkg/data/live_dataset/1) by extensions ['cmake', 'python']
[4.704s] Level 1:colcon.colcon_core.package_identification:_identify(prius_sdc_pkg/prius_sdc_pkg/data/live_dataset/1) by extension 'cmake'
[4.704s] Level 1:colcon.colcon_core.package_identification:_identify(prius_sdc_pkg/prius_sdc_pkg/data/live_dataset/1) by extension 'python'
[4.705s] Level 1:colcon.colcon_core.package_identification:_identify(prius_sdc_pkg/prius_sdc_pkg/data/live_dataset/1) by extensions ['python_setup_py']
[4.705s] Level 1:colcon.colcon_core.package_identification:_identify(prius_sdc_pkg/prius_sdc_pkg/data/live_dataset/1) by extension 'python_setup_py'
[4.706s] Level 1:colcon.colcon_core.package_identification:_identify(prius_sdc_pkg/prius_sdc_pkg/data/live_dataset/2) by extensions ['ignore', 'ignore_ament_install']
[4.707s] Level 1:colcon.colcon_core.package_identification:_identify(prius_sdc_pkg/prius_sdc_pkg/data/live_dataset/2) by extension 'ignore'
[4.708s] Level 1:colcon.colcon_core.package_identification:_identify(prius_sdc_pkg/prius_sdc_pkg/data/live_dataset/2) by extension 'ignore_ament_install'
[4.709s] Level 1:colcon.colcon_core.package_identification:_identify(prius_sdc_pkg/prius_sdc_pkg/data/live_dataset/2) by extensions ['colcon_pkg']
[4.709s] Level 1:colcon.colcon_core.package_identification:_identify(prius_sdc_pkg/prius_sdc_pkg/data/live_dataset/2) by extension 'colcon_pkg'
[4.710s] Level 1:colcon.colcon_core.package_identification:_identify(prius_sdc_pkg/prius_sdc_pkg/data/live_dataset/2) by extensions ['colcon_meta']
[4.710s] Level 1:colcon.colcon_core.package_identification:_identify(prius_sdc_pkg/prius_sdc_pkg/data/live_dataset/2) by extension 'colcon_meta'
[4.711s] Level 1:colcon.colcon_core.package_identification:_identify(prius_sdc_pkg/prius_sdc_pkg/data/live_dataset/2) by extensions ['ros']
[4.712s] Level 1:colcon.colcon_core.package_identification:_identify(prius_sdc_pkg/prius_sdc_pkg/data/live_dataset/2) by extension 'ros'
[4.713s] Level 1:colcon.colcon_core.package_identification:_identify(prius_sdc_pkg/prius_sdc_pkg/data/live_dataset/2) by extensions ['cmake', 'python']
[4.713s] Level 1:colcon.colcon_core.package_identification:_identify(prius_sdc_pkg/prius_sdc_pkg/data/live_dataset/2) by extension 'cmake'
[4.715s] Level 1:colcon.colcon_core.package_identification:_identify(prius_sdc_pkg/prius_sdc_pkg/data/live_dataset/2) by extension 'python'
[4.716s] Level 1:colcon.colcon_core.package_identification:_identify(prius_sdc_pkg/prius_sdc_pkg/data/live_dataset/2) by extensions ['python_setup_py']
[4.717s] Level 1:colcon.colcon_core.package_identification:_identify(prius_sdc_pkg/prius_sdc_pkg/data/live_dataset/2) by extension 'python_setup_py'
[4.718s] Level 1:colcon.colcon_core.package_identification:_identify(prius_sdc_pkg/prius_sdc_pkg/data/live_dataset/3) by extensions ['ignore', 'ignore_ament_install']
[4.719s] Level 1:colcon.colcon_core.package_identification:_identify(prius_sdc_pkg/prius_sdc_pkg/data/live_dataset/3) by extension 'ignore'
[4.720s] Level 1:colcon.colcon_core.package_identification:_identify(prius_sdc_pkg/prius_sdc_pkg/data/live_dataset/3) by extension 'ignore_ament_install'
[4.721s] Level 1:colcon.colcon_core.package_identification:_identify(prius_sdc_pkg/prius_sdc_pkg/data/live_dataset/3) by extensions ['colcon_pkg']
[4.723s] Level 1:colcon.colcon_core.package_identification:_identify(prius_sdc_pkg/prius_sdc_pkg/data/live_dataset/3) by extension 'colcon_pkg'
[4.724s] Level 1:colcon.colcon_core.package_identification:_identify(prius_sdc_pkg/prius_sdc_pkg/data/live_dataset/3) by extensions ['colcon_meta']
[4.724s] Level 1:colcon.colcon_core.package_identification:_identify(prius_sdc_pkg/prius_sdc_pkg/data/live_dataset/3) by extension 'colcon_meta'
[4.725s] Level 1:colcon.colcon_core.package_identification:_identify(prius_sdc_pkg/prius_sdc_pkg/data/live_dataset/3) by extensions ['ros']
[4.725s] Level 1:colcon.colcon_core.package_identification:_identify(prius_sdc_pkg/prius_sdc_pkg/data/live_dataset/3) by extension 'ros'
[4.726s] Level 1:colcon.colcon_core.package_identification:_identify(prius_sdc_pkg/prius_sdc_pkg/data/live_dataset/3) by extensions ['cmake', 'python']
[4.727s] Level 1:colcon.colcon_core.package_identification:_identify(prius_sdc_pkg/prius_sdc_pkg/data/live_dataset/3) by extension 'cmake'
[4.728s] Level 1:colcon.colcon_core.package_identification:_identify(prius_sdc_pkg/prius_sdc_pkg/data/live_dataset/3) by extension 'python'
[4.729s] Level 1:colcon.colcon_core.package_identification:_identify(prius_sdc_pkg/prius_sdc_pkg/data/live_dataset/3) by extensions ['python_setup_py']
[4.729s] Level 1:colcon.colcon_core.package_identification:_identify(prius_sdc_pkg/prius_sdc_pkg/data/live_dataset/3) by extension 'python_setup_py'
[4.730s] Level 1:colcon.colcon_core.package_identification:_identify(prius_sdc_pkg/prius_sdc_pkg/data/live_dataset/4) by extensions ['ignore', 'ignore_ament_install']
[4.732s] Level 1:colcon.colcon_core.package_identification:_identify(prius_sdc_pkg/prius_sdc_pkg/data/live_dataset/4) by extension 'ignore'
[4.732s] Level 1:colcon.colcon_core.package_identification:_identify(prius_sdc_pkg/prius_sdc_pkg/data/live_dataset/4) by extension 'ignore_ament_install'
[4.733s] Level 1:colcon.colcon_core.package_identification:_identify(prius_sdc_pkg/prius_sdc_pkg/data/live_dataset/4) by extensions ['colcon_pkg']
[4.734s] Level 1:colcon.colcon_core.package_identification:_identify(prius_sdc_pkg/prius_sdc_pkg/data/live_dataset/4) by extension 'colcon_pkg'
[4.734s] Level 1:colcon.colcon_core.package_identification:_identify(prius_sdc_pkg/prius_sdc_pkg/data/live_dataset/4) by extensions ['colcon_meta']
[4.735s] Level 1:colcon.colcon_core.package_identification:_identify(prius_sdc_pkg/prius_sdc_pkg/data/live_dataset/4) by extension 'colcon_meta'
[4.736s] Level 1:colcon.colcon_core.package_identification:_identify(prius_sdc_pkg/prius_sdc_pkg/data/live_dataset/4) by extensions ['ros']
[4.736s] Level 1:colcon.colcon_core.package_identification:_identify(prius_sdc_pkg/prius_sdc_pkg/data/live_dataset/4) by extension 'ros'
[4.737s] Level 1:colcon.colcon_core.package_identification:_identify(prius_sdc_pkg/prius_sdc_pkg/data/live_dataset/4) by extensions ['cmake', 'python']
[4.737s] Level 1:colcon.colcon_core.package_identification:_identify(prius_sdc_pkg/prius_sdc_pkg/data/live_dataset/4) by extension 'cmake'
[4.737s] Level 1:colcon.colcon_core.package_identification:_identify(prius_sdc_pkg/prius_sdc_pkg/data/live_dataset/4) by extension 'python'
[4.738s] Level 1:colcon.colcon_core.package_identification:_identify(prius_sdc_pkg/prius_sdc_pkg/data/live_dataset/4) by extensions ['python_setup_py']
[4.738s] Level 1:colcon.colcon_core.package_identification:_identify(prius_sdc_pkg/prius_sdc_pkg/data/live_dataset/4) by extension 'python_setup_py'
[4.739s] Level 1:colcon.colcon_core.package_identification:_identify(prius_sdc_pkg/prius_sdc_pkg/data/live_dataset/5) by extensions ['ignore', 'ignore_ament_install']
[4.740s] Level 1:colcon.colcon_core.package_identification:_identify(prius_sdc_pkg/prius_sdc_pkg/data/live_dataset/5) by extension 'ignore'
[4.740s] Level 1:colcon.colcon_core.package_identification:_identify(prius_sdc_pkg/prius_sdc_pkg/data/live_dataset/5) by extension 'ignore_ament_install'
[4.741s] Level 1:colcon.colcon_core.package_identification:_identify(prius_sdc_pkg/prius_sdc_pkg/data/live_dataset/5) by extensions ['colcon_pkg']
[4.741s] Level 1:colcon.colcon_core.package_identification:_identify(prius_sdc_pkg/prius_sdc_pkg/data/live_dataset/5) by extension 'colcon_pkg'
[4.742s] Level 1:colcon.colcon_core.package_identification:_identify(prius_sdc_pkg/prius_sdc_pkg/data/live_dataset/5) by extensions ['colcon_meta']
[4.742s] Level 1:colcon.colcon_core.package_identification:_identify(prius_sdc_pkg/prius_sdc_pkg/data/live_dataset/5) by extension 'colcon_meta'
[4.742s] Level 1:colcon.colcon_core.package_identification:_identify(prius_sdc_pkg/prius_sdc_pkg/data/live_dataset/5) by extensions ['ros']
[4.742s] Level 1:colcon.colcon_core.package_identification:_identify(prius_sdc_pkg/prius_sdc_pkg/data/live_dataset/5) by extension 'ros'
[4.743s] Level 1:colcon.colcon_core.package_identification:_identify(prius_sdc_pkg/prius_sdc_pkg/data/live_dataset/5) by extensions ['cmake', 'python']
[4.744s] Level 1:colcon.colcon_core.package_identification:_identify(prius_sdc_pkg/prius_sdc_pkg/data/live_dataset/5) by extension 'cmake'
[4.746s] Level 1:colcon.colcon_core.package_identification:_identify(prius_sdc_pkg/prius_sdc_pkg/data/live_dataset/5) by extension 'python'
[4.748s] Level 1:colcon.colcon_core.package_identification:_identify(prius_sdc_pkg/prius_sdc_pkg/data/live_dataset/5) by extensions ['python_setup_py']
[4.749s] Level 1:colcon.colcon_core.package_identification:_identify(prius_sdc_pkg/prius_sdc_pkg/data/live_dataset/5) by extension 'python_setup_py'
[4.751s] Level 1:colcon.colcon_core.package_identification:_identify(src) by extensions ['ignore', 'ignore_ament_install']
[4.751s] Level 1:colcon.colcon_core.package_identification:_identify(src) by extension 'ignore'
[4.752s] Level 1:colcon.colcon_core.package_identification:_identify(src) by extension 'ignore_ament_install'
[4.753s] Level 1:colcon.colcon_core.package_identification:_identify(src) by extensions ['colcon_pkg']
[4.753s] Level 1:colcon.colcon_core.package_identification:_identify(src) by extension 'colcon_pkg'
[4.754s] Level 1:colcon.colcon_core.package_identification:_identify(src) by extensions ['colcon_meta']
[4.754s] Level 1:colcon.colcon_core.package_identification:_identify(src) by extension 'colcon_meta'
[4.755s] Level 1:colcon.colcon_core.package_identification:_identify(src) by extensions ['ros']
[4.755s] Level 1:colcon.colcon_core.package_identification:_identify(src) by extension 'ros'
[4.756s] Level 1:colcon.colcon_core.package_identification:_identify(src) by extensions ['cmake', 'python']
[4.756s] Level 1:colcon.colcon_core.package_identification:_identify(src) by extension 'cmake'
[4.757s] Level 1:colcon.colcon_core.package_identification:_identify(src) by extension 'python'
[4.757s] Level 1:colcon.colcon_core.package_identification:_identify(src) by extensions ['python_setup_py']
[4.757s] Level 1:colcon.colcon_core.package_identification:_identify(src) by extension 'python_setup_py'
[4.758s] Level 1:colcon.colcon_core.package_identification:_identify(src/build) by extensions ['ignore', 'ignore_ament_install']
[4.759s] Level 1:colcon.colcon_core.package_identification:_identify(src/build) by extension 'ignore'
[4.760s] Level 1:colcon.colcon_core.package_identification:_identify(src/build) ignored
[4.762s] Level 1:colcon.colcon_core.package_identification:_identify(src/install) by extensions ['ignore', 'ignore_ament_install']
[4.763s] Level 1:colcon.colcon_core.package_identification:_identify(src/install) by extension 'ignore'
[4.763s] Level 1:colcon.colcon_core.package_identification:_identify(src/install) ignored
[4.764s] Level 1:colcon.colcon_core.package_identification:_identify(src/log) by extensions ['ignore', 'ignore_ament_install']
[4.765s] Level 1:colcon.colcon_core.package_identification:_identify(src/log) by extension 'ignore'
[4.766s] Level 1:colcon.colcon_core.package_identification:_identify(src/log) ignored
[4.768s] Level 1:colcon.colcon_core.package_identification:_identify(src/prius_sdc_pkg) by extensions ['ignore', 'ignore_ament_install']
[4.769s] Level 1:colcon.colcon_core.package_identification:_identify(src/prius_sdc_pkg) by extension 'ignore'
[4.769s] Level 1:colcon.colcon_core.package_identification:_identify(src/prius_sdc_pkg) by extension 'ignore_ament_install'
[4.770s] Level 1:colcon.colcon_core.package_identification:_identify(src/prius_sdc_pkg) by extensions ['colcon_pkg']
[4.771s] Level 1:colcon.colcon_core.package_identification:_identify(src/prius_sdc_pkg) by extension 'colcon_pkg'
[4.772s] Level 1:colcon.colcon_core.package_identification:_identify(src/prius_sdc_pkg) by extensions ['colcon_meta']
[4.772s] Level 1:colcon.colcon_core.package_identification:_identify(src/prius_sdc_pkg) by extension 'colcon_meta'
[4.775s] Level 1:colcon.colcon_core.package_identification:_identify(src/prius_sdc_pkg) by extensions ['ros']
[4.776s] Level 1:colcon.colcon_core.package_identification:_identify(src/prius_sdc_pkg) by extension 'ros'
[4.804s] DEBUG:colcon.colcon_core.package_identification:Package 'src/prius_sdc_pkg' with type 'ros.ament_python' and name 'prius_sdc_pkg'
[4.805s] Level 1:colcon.colcon_core.package_discovery:discover_packages(recursive) using defaults
[4.805s] Level 1:colcon.colcon_core.package_discovery:discover_packages(ignore) discover
[4.806s] Level 1:colcon.colcon_core.package_discovery:discover_packages(ignore) using defaults
[4.806s] Level 1:colcon.colcon_core.package_discovery:discover_packages(path) discover
[4.806s] Level 1:colcon.colcon_core.package_discovery:discover_packages(path) using defaults
[4.945s] Level 1:colcon.colcon_core.package_discovery:discover_packages(prefix_path) check parameters
[4.947s] Level 1:colcon.colcon_core.package_discovery:discover_packages(prefix_path) discover
[4.967s] DEBUG:colcon.colcon_installed_package_information.package_discovery:Found 1 installed packages in /home/louwee/sdc_ws/install
[4.980s] DEBUG:colcon.colcon_installed_package_information.package_discovery:Found 270 installed packages in /opt/ros/foxy
[5.105s] Level 1:colcon.colcon_core.package_discovery:discover_packages(prefix_path) using defaults
[5.807s] Level 5:colcon.colcon_core.verb:set package 'prius_sdc_pkg' build argument 'cmake_args' from command line to 'None'
[5.808s] Level 5:colcon.colcon_core.verb:set package 'prius_sdc_pkg' build argument 'cmake_target' from command line to 'None'
[5.809s] Level 5:colcon.colcon_core.verb:set package 'prius_sdc_pkg' build argument 'cmake_target_skip_unavailable' from command line to 'False'
[5.809s] Level 5:colcon.colcon_core.verb:set package 'prius_sdc_pkg' build argument 'cmake_clean_cache' from command line to 'False'
[5.809s] Level 5:colcon.colcon_core.verb:set package 'prius_sdc_pkg' build argument 'cmake_clean_first' from command line to 'False'
[5.810s] Level 5:colcon.colcon_core.verb:set package 'prius_sdc_pkg' build argument 'cmake_force_configure' from command line to 'False'
[5.810s] Level 5:colcon.colcon_core.verb:set package 'prius_sdc_pkg' build argument 'ament_cmake_args' from command line to 'None'
[5.810s] Level 5:colcon.colcon_core.verb:set package 'prius_sdc_pkg' build argument 'catkin_cmake_args' from command line to 'None'
[5.811s] Level 5:colcon.colcon_core.verb:set package 'prius_sdc_pkg' build argument 'catkin_skip_building_tests' from command line to 'False'
[5.811s] DEBUG:colcon.colcon_core.verb:Building package 'prius_sdc_pkg' with the following arguments: {'ament_cmake_args': None, 'build_base': '/home/louwee/sdc_ws/build/prius_sdc_pkg', 'catkin_cmake_args': None, 'catkin_skip_building_tests': False, 'cmake_args': None, 'cmake_clean_cache': False, 'cmake_clean_first': False, 'cmake_force_configure': False, 'cmake_target': None, 'cmake_target_skip_unavailable': False, 'install_base': '/home/louwee/sdc_ws/install/prius_sdc_pkg', 'merge_install': False, 'path': '/home/louwee/sdc_ws/src/prius_sdc_pkg', 'symlink_install': False, 'test_result_base': None}
[5.813s] INFO:colcon.colcon_core.executor:Executing jobs using 'parallel' executor
[5.821s] DEBUG:colcon.colcon_parallel_executor.executor.parallel:run_until_complete
[5.823s] INFO:colcon.colcon_ros.task.ament_python.build:Building ROS package in '/home/louwee/sdc_ws/src/prius_sdc_pkg' with build type 'ament_python'
[5.824s] Level 1:colcon.colcon_core.shell:create_environment_hook('prius_sdc_pkg', 'ament_prefix_path')
[5.859s] INFO:colcon.colcon_core.plugin_system:Skipping extension 'colcon_core.shell.bat': Not used on non-Windows systems
[5.861s] INFO:colcon.colcon_core.shell:Creating environment hook '/home/louwee/sdc_ws/install/prius_sdc_pkg/share/prius_sdc_pkg/hook/ament_prefix_path.ps1'
[5.865s] INFO:colcon.colcon_core.shell:Creating environment descriptor '/home/louwee/sdc_ws/install/prius_sdc_pkg/share/prius_sdc_pkg/hook/ament_prefix_path.dsv'
[5.871s] INFO:colcon.colcon_core.shell:Creating environment hook '/home/louwee/sdc_ws/install/prius_sdc_pkg/share/prius_sdc_pkg/hook/ament_prefix_path.sh'
[5.880s] INFO:colcon.colcon_core.shell:Skip shell extension 'powershell' for command environment: Not usable outside of PowerShell
[5.881s] DEBUG:colcon.colcon_core.shell:Skip shell extension 'dsv' for command environment
[8.852s] INFO:colcon.colcon_core.task.python.build:Building Python package in '/home/louwee/sdc_ws/src/prius_sdc_pkg'
[8.860s] INFO:colcon.colcon_core.shell:Skip shell extension 'powershell' for command environment: Not usable outside of PowerShell
[8.861s] DEBUG:colcon.colcon_core.shell:Skip shell extension 'dsv' for command environment
[13.940s] DEBUG:colcon.colcon_core.event_handler.log_command:Invoking command in '/home/louwee/sdc_ws/src/prius_sdc_pkg': PYTHONPATH=/home/louwee/sdc_ws/build/prius_sdc_pkg/prefix_override:/home/louwee/sdc_ws/install/prius_sdc_pkg/lib/python3.8/site-packages:${PYTHONPATH} /usr/bin/python3 -W ignore:setup.py install is deprecated setup.py egg_info --egg-base ../../build/prius_sdc_pkg build --build-base /home/louwee/sdc_ws/build/prius_sdc_pkg/build install --record /home/louwee/sdc_ws/build/prius_sdc_pkg/install.log --install-scripts $base/lib/prius_sdc_pkg --single-version-externally-managed install_data
[18.183s] DEBUG:colcon.colcon_core.event_handler.log_command:Invoked command in '/home/louwee/sdc_ws/src/prius_sdc_pkg' returned '0': PYTHONPATH=/home/louwee/sdc_ws/build/prius_sdc_pkg/prefix_override:/home/louwee/sdc_ws/install/prius_sdc_pkg/lib/python3.8/site-packages:${PYTHONPATH} /usr/bin/python3 -W ignore:setup.py install is deprecated setup.py egg_info --egg-base ../../build/prius_sdc_pkg build --build-base /home/louwee/sdc_ws/build/prius_sdc_pkg/build install --record /home/louwee/sdc_ws/build/prius_sdc_pkg/install.log --install-scripts $base/lib/prius_sdc_pkg --single-version-externally-managed install_data
[18.202s] Level 1:colcon.colcon_core.environment:checking '/home/louwee/sdc_ws/install/prius_sdc_pkg' for CMake module files
[18.217s] Level 1:colcon.colcon_core.environment:checking '/home/louwee/sdc_ws/install/prius_sdc_pkg' for CMake config files
[18.252s] Level 1:colcon.colcon_core.environment:checking '/home/louwee/sdc_ws/install/prius_sdc_pkg/lib'
[18.253s] Level 1:colcon.colcon_core.environment:checking '/home/louwee/sdc_ws/install/prius_sdc_pkg/bin'
[18.254s] Level 1:colcon.colcon_core.environment:checking '/home/louwee/sdc_ws/install/prius_sdc_pkg/lib/pkgconfig/prius_sdc_pkg.pc'
[18.255s] Level 1:colcon.colcon_core.environment:checking '/home/louwee/sdc_ws/install/prius_sdc_pkg/lib/python3.8/site-packages'
[18.256s] Level 1:colcon.colcon_core.shell:create_environment_hook('prius_sdc_pkg', 'pythonpath')
[18.259s] INFO:colcon.colcon_core.shell:Creating environment hook '/home/louwee/sdc_ws/install/prius_sdc_pkg/share/prius_sdc_pkg/hook/pythonpath.ps1'
[18.269s] INFO:colcon.colcon_core.shell:Creating environment descriptor '/home/louwee/sdc_ws/install/prius_sdc_pkg/share/prius_sdc_pkg/hook/pythonpath.dsv'
[18.279s] INFO:colcon.colcon_core.shell:Creating environment hook '/home/louwee/sdc_ws/install/prius_sdc_pkg/share/prius_sdc_pkg/hook/pythonpath.sh'
[18.288s] Level 1:colcon.colcon_core.environment:checking '/home/louwee/sdc_ws/install/prius_sdc_pkg/bin'
[18.290s] Level 1:colcon.colcon_core.environment:create_environment_scripts_only(prius_sdc_pkg)
[18.294s] INFO:colcon.colcon_core.shell:Creating package script '/home/louwee/sdc_ws/install/prius_sdc_pkg/share/prius_sdc_pkg/package.ps1'
[18.310s] INFO:colcon.colcon_core.shell:Creating package descriptor '/home/louwee/sdc_ws/install/prius_sdc_pkg/share/prius_sdc_pkg/package.dsv'
[18.314s] INFO:colcon.colcon_core.shell:Creating package script '/home/louwee/sdc_ws/install/prius_sdc_pkg/share/prius_sdc_pkg/package.sh'
[18.324s] INFO:colcon.colcon_core.shell:Creating package script '/home/louwee/sdc_ws/install/prius_sdc_pkg/share/prius_sdc_pkg/package.bash'
[18.331s] INFO:colcon.colcon_core.shell:Creating package script '/home/louwee/sdc_ws/install/prius_sdc_pkg/share/prius_sdc_pkg/package.zsh'
[18.340s] Level 1:colcon.colcon_core.environment:create_file_with_runtime_dependencies(/home/louwee/sdc_ws/install/prius_sdc_pkg/share/colcon-core/packages/prius_sdc_pkg)
[18.343s] DEBUG:colcon.colcon_parallel_executor.executor.parallel:closing loop
[18.362s] DEBUG:colcon.colcon_parallel_executor.executor.parallel:loop closed
[18.364s] DEBUG:colcon.colcon_parallel_executor.executor.parallel:run_until_complete finished with '0'
[18.366s] DEBUG:colcon.colcon_core.event_reactor:joining thread
[18.477s] INFO:colcon.colcon_core.plugin_system:Skipping extension 'colcon_notification.desktop_notification.terminal_notifier': Not used on non-Darwin systems
[18.478s] INFO:colcon.colcon_core.plugin_system:Skipping extension 'colcon_notification.desktop_notification.win32': Not used on non-Windows systems
[18.479s] INFO:colcon.colcon_notification.desktop_notification:Sending desktop notification using 'notify2'
[18.765s] DEBUG:colcon.colcon_core.event_reactor:joined thread
[18.767s] INFO:colcon.colcon_core.shell:Creating prefix script '/home/louwee/sdc_ws/install/local_setup.ps1'
[18.775s] INFO:colcon.colcon_core.shell:Creating prefix util module '/home/louwee/sdc_ws/install/_local_setup_util_ps1.py'
[18.805s] INFO:colcon.colcon_core.shell:Creating prefix chain script '/home/louwee/sdc_ws/install/setup.ps1'
[18.817s] INFO:colcon.colcon_core.shell:Creating prefix script '/home/louwee/sdc_ws/install/local_setup.sh'
[18.822s] INFO:colcon.colcon_core.shell:Creating prefix util module '/home/louwee/sdc_ws/install/_local_setup_util_sh.py'
[18.832s] INFO:colcon.colcon_core.shell:Creating prefix chain script '/home/louwee/sdc_ws/install/setup.sh'
[18.847s] INFO:colcon.colcon_core.shell:Creating prefix script '/home/louwee/sdc_ws/install/local_setup.bash'
[18.859s] INFO:colcon.colcon_core.shell:Creating prefix chain script '/home/louwee/sdc_ws/install/setup.bash'
[18.871s] INFO:colcon.colcon_core.shell:Creating prefix script '/home/louwee/sdc_ws/install/local_setup.zsh'
[18.876s] INFO:colcon.colcon_core.shell:Creating prefix chain script '/home/louwee/sdc_ws/install/setup.zsh'
