[8.094s] Invoking command in '/home/louwee/sdc_ws/src/prius_sdc_pkg': PYTHONPATH=/home/louwee/sdc_ws/build/prius_sdc_pkg/prefix_override:/home/louwee/sdc_ws/install/prius_sdc_pkg/lib/python3.8/site-packages:${PYTHONPATH} /usr/bin/python3 -W ignore:setup.py install is deprecated setup.py egg_info --egg-base ../../build/prius_sdc_pkg build --build-base /home/louwee/sdc_ws/build/prius_sdc_pkg/build install --record /home/louwee/sdc_ws/build/prius_sdc_pkg/install.log --install-scripts $base/lib/prius_sdc_pkg --single-version-externally-managed install_data
[11.132s] running egg_info
[11.138s] writing ../../build/prius_sdc_pkg/prius_sdc_pkg.egg-info/PKG-INFO
[11.143s] writing dependency_links to ../../build/prius_sdc_pkg/prius_sdc_pkg.egg-info/dependency_links.txt
[11.147s] writing entry points to ../../build/prius_sdc_pkg/prius_sdc_pkg.egg-info/entry_points.txt
[11.152s] writing requirements to ../../build/prius_sdc_pkg/prius_sdc_pkg.egg-info/requires.txt
[11.160s] writing top-level names to ../../build/prius_sdc_pkg/prius_sdc_pkg.egg-info/top_level.txt
[11.558s] reading manifest file '../../build/prius_sdc_pkg/prius_sdc_pkg.egg-info/SOURCES.txt'
[11.614s] writing manifest file '../../build/prius_sdc_pkg/prius_sdc_pkg.egg-info/SOURCES.txt'
[11.621s] running build
[11.628s] running build_py
[11.634s] copying prius_sdc_pkg/Drive_Bot.py -> /home/louwee/sdc_ws/build/prius_sdc_pkg/build/lib/prius_sdc_pkg
[11.676s] running install
[11.697s] running install_lib
[11.709s] copying /home/louwee/sdc_ws/build/prius_sdc_pkg/build/lib/prius_sdc_pkg/Drive_Bot.py -> /home/louwee/sdc_ws/install/prius_sdc_pkg/lib/python3.8/site-packages/prius_sdc_pkg
[11.737s] byte-compiling /home/louwee/sdc_ws/install/prius_sdc_pkg/lib/python3.8/site-packages/prius_sdc_pkg/Drive_Bot.py to Drive_Bot.cpython-38.pyc
[11.760s] running install_data
[11.765s] running install_egg_info
[11.787s] removing '/home/louwee/sdc_ws/install/prius_sdc_pkg/lib/python3.8/site-packages/prius_sdc_pkg-0.0.0-py3.8.egg-info' (and everything under it)
[11.839s] Copying ../../build/prius_sdc_pkg/prius_sdc_pkg.egg-info to /home/louwee/sdc_ws/install/prius_sdc_pkg/lib/python3.8/site-packages/prius_sdc_pkg-0.0.0-py3.8.egg-info
[11.840s] running install_scripts
[12.038s] Installing driver_node script to /home/louwee/sdc_ws/install/prius_sdc_pkg/lib/prius_sdc_pkg
[12.039s] Installing recorder_node script to /home/louwee/sdc_ws/install/prius_sdc_pkg/lib/prius_sdc_pkg
[12.048s] Installing spawner_node script to /home/louwee/sdc_ws/install/prius_sdc_pkg/lib/prius_sdc_pkg
[12.073s] writing list of installed files to '/home/louwee/sdc_ws/build/prius_sdc_pkg/install.log'
[12.349s] Invoked command in '/home/louwee/sdc_ws/src/prius_sdc_pkg' returned '0': PYTHONPATH=/home/louwee/sdc_ws/build/prius_sdc_pkg/prefix_override:/home/louwee/sdc_ws/install/prius_sdc_pkg/lib/python3.8/site-packages:${PYTHONPATH} /usr/bin/python3 -W ignore:setup.py install is deprecated setup.py egg_info --egg-base ../../build/prius_sdc_pkg build --build-base /home/louwee/sdc_ws/build/prius_sdc_pkg/build install --record /home/louwee/sdc_ws/build/prius_sdc_pkg/install.log --install-scripts $base/lib/prius_sdc_pkg --single-version-externally-managed install_data
