[1.050s] DEBUG:colcon:Command line arguments: ['/usr/bin/colcon', 'build']
[1.051s] DEBUG:colcon:Parsed command line arguments: Namespace(allow_overriding=[], ament_cmake_args=None, base_paths=['.'], build_base='build', catkin_cmake_args=None, catkin_skip_building_tests=False, cmake_args=None, cmake_clean_cache=False, cmake_clean_first=False, cmake_force_configure=False, cmake_target=None, cmake_target_skip_unavailable=False, continue_on_error=False, event_handlers=None, executor='parallel', ignore_user_meta=False, install_base='install', log_base=None, log_level=None, main=<bound method BuildVerb.main of <colcon_core.verb.build.BuildVerb object at 0x7f82ed0316d0>>, merge_install=False, metas=['./colcon.meta'], mixin=None, mixin_files=None, mixin_verb=('build',), packages_above=None, packages_above_and_dependencies=None, packages_above_depth=None, packages_end=None, packages_ignore=None, packages_ignore_regex=None, packages_select=None, packages_select_build_failed=False, packages_select_by_dep=None, packages_select_regex=None, packages_select_test_failures=False, packages_skip=None, packages_skip_build_finished=False, packages_skip_by_dep=None, packages_skip_regex=None, packages_skip_test_passed=False, packages_skip_up_to=None, packages_start=None, packages_up_to=None, packages_up_to_regex=None, parallel_workers=4, paths=None, symlink_install=False, test_result_base=None, verb_extension=<colcon_core.verb.build.BuildVerb object at 0x7f82ed0316d0>, verb_name='build', verb_parser=<colcon_mixin.mixin.mixin_argument.MixinArgumentDecorator object at 0x7f82ecf745b0>)
[2.086s] Level 1:colcon.colcon_core.package_discovery:discover_packages(colcon_meta) check parameters
[2.089s] Level 1:colcon.colcon_core.package_discovery:discover_packages(recursive) check parameters
[2.090s] Level 1:colcon.colcon_core.package_discovery:discover_packages(ignore) check parameters
[2.090s] Level 1:colcon.colcon_core.package_discovery:discover_packages(path) check parameters
[2.090s] Level 1:colcon.colcon_core.package_discovery:discover_packages(colcon_meta) discover
[2.091s] Level 1:colcon.colcon_core.package_discovery:discover_packages(recursive) discover
[2.091s] INFO:colcon.colcon_core.package_discovery:Crawling recursively for packages in '/home/louwee/sdc_ws'
[2.092s] Level 1:colcon.colcon_core.package_identification:_identify(.) by extensions ['ignore', 'ignore_ament_install']
[2.093s] Level 1:colcon.colcon_core.package_identification:_identify(.) by extension 'ignore'
[2.093s] Level 1:colcon.colcon_core.package_identification:_identify(.) by extension 'ignore_ament_install'
[2.094s] Level 1:colcon.colcon_core.package_identification:_identify(.) by extensions ['colcon_pkg']
[2.094s] Level 1:colcon.colcon_core.package_identification:_identify(.) by extension 'colcon_pkg'
[2.095s] Level 1:colcon.colcon_core.package_identification:_identify(.) by extensions ['colcon_meta']
[2.095s] Level 1:colcon.colcon_core.package_identification:_identify(.) by extension 'colcon_meta'
[2.095s] Level 1:colcon.colcon_core.package_identification:_identify(.) by extensions ['ros']
[2.096s] Level 1:colcon.colcon_core.package_identification:_identify(.) by extension 'ros'
[2.156s] Level 1:colcon.colcon_core.package_identification:_identify(.) by extensions ['cmake', 'python']
[2.157s] Level 1:colcon.colcon_core.package_identification:_identify(.) by extension 'cmake'
[2.157s] Level 1:colcon.colcon_core.package_identification:_identify(.) by extension 'python'
[2.157s] Level 1:colcon.colcon_core.package_identification:_identify(.) by extensions ['python_setup_py']
[2.157s] Level 1:colcon.colcon_core.package_identification:_identify(.) by extension 'python_setup_py'
[2.158s] Level 1:colcon.colcon_core.package_identification:_identify(build) by extensions ['ignore', 'ignore_ament_install']
[2.159s] Level 1:colcon.colcon_core.package_identification:_identify(build) by extension 'ignore'
[2.159s] Level 1:colcon.colcon_core.package_identification:_identify(build) ignored
[2.160s] Level 1:colcon.colcon_core.package_identification:_identify(install) by extensions ['ignore', 'ignore_ament_install']
[2.160s] Level 1:colcon.colcon_core.package_identification:_identify(install) by extension 'ignore'
[2.161s] Level 1:colcon.colcon_core.package_identification:_identify(install) ignored
[2.162s] Level 1:colcon.colcon_core.package_identification:_identify(log) by extensions ['ignore', 'ignore_ament_install']
[2.162s] Level 1:colcon.colcon_core.package_identification:_identify(log) by extension 'ignore'
[2.162s] Level 1:colcon.colcon_core.package_identification:_identify(log) ignored
[2.163s] Level 1:colcon.colcon_core.package_identification:_identify(prius_sdc_pkg) by extensions ['ignore', 'ignore_ament_install']
[2.163s] Level 1:colcon.colcon_core.package_identification:_identify(prius_sdc_pkg) by extension 'ignore'
[2.163s] Level 1:colcon.colcon_core.package_identification:_identify(prius_sdc_pkg) by extension 'ignore_ament_install'
[2.164s] Level 1:colcon.colcon_core.package_identification:_identify(prius_sdc_pkg) by extensions ['colcon_pkg']
[2.164s] Level 1:colcon.colcon_core.package_identification:_identify(prius_sdc_pkg) by extension 'colcon_pkg'
[2.164s] Level 1:colcon.colcon_core.package_identification:_identify(prius_sdc_pkg) by extensions ['colcon_meta']
[2.164s] Level 1:colcon.colcon_core.package_identification:_identify(prius_sdc_pkg) by extension 'colcon_meta'
[2.164s] Level 1:colcon.colcon_core.package_identification:_identify(prius_sdc_pkg) by extensions ['ros']
[2.165s] Level 1:colcon.colcon_core.package_identification:_identify(prius_sdc_pkg) by extension 'ros'
[2.165s] Level 1:colcon.colcon_core.package_identification:_identify(prius_sdc_pkg) by extensions ['cmake', 'python']
[2.165s] Level 1:colcon.colcon_core.package_identification:_identify(prius_sdc_pkg) by extension 'cmake'
[2.166s] Level 1:colcon.colcon_core.package_identification:_identify(prius_sdc_pkg) by extension 'python'
[2.166s] Level 1:colcon.colcon_core.package_identification:_identify(prius_sdc_pkg) by extensions ['python_setup_py']
[2.166s] Level 1:colcon.colcon_core.package_identification:_identify(prius_sdc_pkg) by extension 'python_setup_py'
[2.167s] Level 1:colcon.colcon_core.package_identification:_identify(prius_sdc_pkg/prius_sdc_pkg) by extensions ['ignore', 'ignore_ament_install']
[2.167s] Level 1:colcon.colcon_core.package_identification:_identify(prius_sdc_pkg/prius_sdc_pkg) by extension 'ignore'
[2.167s] Level 1:colcon.colcon_core.package_identification:_identify(prius_sdc_pkg/prius_sdc_pkg) by extension 'ignore_ament_install'
[2.167s] Level 1:colcon.colcon_core.package_identification:_identify(prius_sdc_pkg/prius_sdc_pkg) by extensions ['colcon_pkg']
[2.168s] Level 1:colcon.colcon_core.package_identification:_identify(prius_sdc_pkg/prius_sdc_pkg) by extension 'colcon_pkg'
[2.168s] Level 1:colcon.colcon_core.package_identification:_identify(prius_sdc_pkg/prius_sdc_pkg) by extensions ['colcon_meta']
[2.168s] Level 1:colcon.colcon_core.package_identification:_identify(prius_sdc_pkg/prius_sdc_pkg) by extension 'colcon_meta'
[2.168s] Level 1:colcon.colcon_core.package_identification:_identify(prius_sdc_pkg/prius_sdc_pkg) by extensions ['ros']
[2.169s] Level 1:colcon.colcon_core.package_identification:_identify(prius_sdc_pkg/prius_sdc_pkg) by extension 'ros'
[2.169s] Level 1:colcon.colcon_core.package_identification:_identify(prius_sdc_pkg/prius_sdc_pkg) by extensions ['cmake', 'python']
[2.169s] Level 1:colcon.colcon_core.package_identification:_identify(prius_sdc_pkg/prius_sdc_pkg) by extension 'cmake'
[2.169s] Level 1:colcon.colcon_core.package_identification:_identify(prius_sdc_pkg/prius_sdc_pkg) by extension 'python'
[2.170s] Level 1:colcon.colcon_core.package_identification:_identify(prius_sdc_pkg/prius_sdc_pkg) by extensions ['python_setup_py']
[2.170s] Level 1:colcon.colcon_core.package_identification:_identify(prius_sdc_pkg/prius_sdc_pkg) by extension 'python_setup_py'
[2.170s] Level 1:colcon.colcon_core.package_identification:_identify(prius_sdc_pkg/prius_sdc_pkg/data) by extensions ['ignore', 'ignore_ament_install']
[2.171s] Level 1:colcon.colcon_core.package_identification:_identify(prius_sdc_pkg/prius_sdc_pkg/data) by extension 'ignore'
[2.171s] Level 1:colcon.colcon_core.package_identification:_identify(prius_sdc_pkg/prius_sdc_pkg/data) by extension 'ignore_ament_install'
[2.171s] Level 1:colcon.colcon_core.package_identification:_identify(prius_sdc_pkg/prius_sdc_pkg/data) by extensions ['colcon_pkg']
[2.172s] Level 1:colcon.colcon_core.package_identification:_identify(prius_sdc_pkg/prius_sdc_pkg/data) by extension 'colcon_pkg'
[2.172s] Level 1:colcon.colcon_core.package_identification:_identify(prius_sdc_pkg/prius_sdc_pkg/data) by extensions ['colcon_meta']
[2.172s] Level 1:colcon.colcon_core.package_identification:_identify(prius_sdc_pkg/prius_sdc_pkg/data) by extension 'colcon_meta'
[2.172s] Level 1:colcon.colcon_core.package_identification:_identify(prius_sdc_pkg/prius_sdc_pkg/data) by extensions ['ros']
[2.172s] Level 1:colcon.colcon_core.package_identification:_identify(prius_sdc_pkg/prius_sdc_pkg/data) by extension 'ros'
[2.173s] Level 1:colcon.colcon_core.package_identification:_identify(prius_sdc_pkg/prius_sdc_pkg/data) by extensions ['cmake', 'python']
[2.173s] Level 1:colcon.colcon_core.package_identification:_identify(prius_sdc_pkg/prius_sdc_pkg/data) by extension 'cmake'
[2.173s] Level 1:colcon.colcon_core.package_identification:_identify(prius_sdc_pkg/prius_sdc_pkg/data) by extension 'python'
[2.174s] Level 1:colcon.colcon_core.package_identification:_identify(prius_sdc_pkg/prius_sdc_pkg/data) by extensions ['python_setup_py']
[2.174s] Level 1:colcon.colcon_core.package_identification:_identify(prius_sdc_pkg/prius_sdc_pkg/data) by extension 'python_setup_py'
[2.174s] Level 1:colcon.colcon_core.package_identification:_identify(prius_sdc_pkg/prius_sdc_pkg/data/live_dataset) by extensions ['ignore', 'ignore_ament_install']
[2.175s] Level 1:colcon.colcon_core.package_identification:_identify(prius_sdc_pkg/prius_sdc_pkg/data/live_dataset) by extension 'ignore'
[2.175s] Level 1:colcon.colcon_core.package_identification:_identify(prius_sdc_pkg/prius_sdc_pkg/data/live_dataset) by extension 'ignore_ament_install'
[2.175s] Level 1:colcon.colcon_core.package_identification:_identify(prius_sdc_pkg/prius_sdc_pkg/data/live_dataset) by extensions ['colcon_pkg']
[2.175s] Level 1:colcon.colcon_core.package_identification:_identify(prius_sdc_pkg/prius_sdc_pkg/data/live_dataset) by extension 'colcon_pkg'
[2.176s] Level 1:colcon.colcon_core.package_identification:_identify(prius_sdc_pkg/prius_sdc_pkg/data/live_dataset) by extensions ['colcon_meta']
[2.176s] Level 1:colcon.colcon_core.package_identification:_identify(prius_sdc_pkg/prius_sdc_pkg/data/live_dataset) by extension 'colcon_meta'
[2.176s] Level 1:colcon.colcon_core.package_identification:_identify(prius_sdc_pkg/prius_sdc_pkg/data/live_dataset) by extensions ['ros']
[2.176s] Level 1:colcon.colcon_core.package_identification:_identify(prius_sdc_pkg/prius_sdc_pkg/data/live_dataset) by extension 'ros'
[2.177s] Level 1:colcon.colcon_core.package_identification:_identify(prius_sdc_pkg/prius_sdc_pkg/data/live_dataset) by extensions ['cmake', 'python']
[2.177s] Level 1:colcon.colcon_core.package_identification:_identify(prius_sdc_pkg/prius_sdc_pkg/data/live_dataset) by extension 'cmake'
[2.177s] Level 1:colcon.colcon_core.package_identification:_identify(prius_sdc_pkg/prius_sdc_pkg/data/live_dataset) by extension 'python'
[2.177s] Level 1:colcon.colcon_core.package_identification:_identify(prius_sdc_pkg/prius_sdc_pkg/data/live_dataset) by extensions ['python_setup_py']
[2.178s] Level 1:colcon.colcon_core.package_identification:_identify(prius_sdc_pkg/prius_sdc_pkg/data/live_dataset) by extension 'python_setup_py'
[2.178s] Level 1:colcon.colcon_core.package_identification:_identify(prius_sdc_pkg/prius_sdc_pkg/data/live_dataset/0) by extensions ['ignore', 'ignore_ament_install']
[2.179s] Level 1:colcon.colcon_core.package_identification:_identify(prius_sdc_pkg/prius_sdc_pkg/data/live_dataset/0) by extension 'ignore'
[2.179s] Level 1:colcon.colcon_core.package_identification:_identify(prius_sdc_pkg/prius_sdc_pkg/data/live_dataset/0) by extension 'ignore_ament_install'
[2.179s] Level 1:colcon.colcon_core.package_identification:_identify(prius_sdc_pkg/prius_sdc_pkg/data/live_dataset/0) by extensions ['colcon_pkg']
[2.179s] Level 1:colcon.colcon_core.package_identification:_identify(prius_sdc_pkg/prius_sdc_pkg/data/live_dataset/0) by extension 'colcon_pkg'
[2.180s] Level 1:colcon.colcon_core.package_identification:_identify(prius_sdc_pkg/prius_sdc_pkg/data/live_dataset/0) by extensions ['colcon_meta']
[2.180s] Level 1:colcon.colcon_core.package_identification:_identify(prius_sdc_pkg/prius_sdc_pkg/data/live_dataset/0) by extension 'colcon_meta'
[2.180s] Level 1:colcon.colcon_core.package_identification:_identify(prius_sdc_pkg/prius_sdc_pkg/data/live_dataset/0) by extensions ['ros']
[2.181s] Level 1:colcon.colcon_core.package_identification:_identify(prius_sdc_pkg/prius_sdc_pkg/data/live_dataset/0) by extension 'ros'
[2.181s] Level 1:colcon.colcon_core.package_identification:_identify(prius_sdc_pkg/prius_sdc_pkg/data/live_dataset/0) by extensions ['cmake', 'python']
[2.181s] Level 1:colcon.colcon_core.package_identification:_identify(prius_sdc_pkg/prius_sdc_pkg/data/live_dataset/0) by extension 'cmake'
[2.181s] Level 1:colcon.colcon_core.package_identification:_identify(prius_sdc_pkg/prius_sdc_pkg/data/live_dataset/0) by extension 'python'
[2.182s] Level 1:colcon.colcon_core.package_identification:_identify(prius_sdc_pkg/prius_sdc_pkg/data/live_dataset/0) by extensions ['python_setup_py']
[2.182s] Level 1:colcon.colcon_core.package_identification:_identify(prius_sdc_pkg/prius_sdc_pkg/data/live_dataset/0) by extension 'python_setup_py'
[2.183s] Level 1:colcon.colcon_core.package_identification:_identify(prius_sdc_pkg/prius_sdc_pkg/data/live_dataset/1) by extensions ['ignore', 'ignore_ament_install']
[2.183s] Level 1:colcon.colcon_core.package_identification:_identify(prius_sdc_pkg/prius_sdc_pkg/data/live_dataset/1) by extension 'ignore'
[2.183s] Level 1:colcon.colcon_core.package_identification:_identify(prius_sdc_pkg/prius_sdc_pkg/data/live_dataset/1) by extension 'ignore_ament_install'
[2.183s] Level 1:colcon.colcon_core.package_identification:_identify(prius_sdc_pkg/prius_sdc_pkg/data/live_dataset/1) by extensions ['colcon_pkg']
[2.184s] Level 1:colcon.colcon_core.package_identification:_identify(prius_sdc_pkg/prius_sdc_pkg/data/live_dataset/1) by extension 'colcon_pkg'
[2.184s] Level 1:colcon.colcon_core.package_identification:_identify(prius_sdc_pkg/prius_sdc_pkg/data/live_dataset/1) by extensions ['colcon_meta']
[2.184s] Level 1:colcon.colcon_core.package_identification:_identify(prius_sdc_pkg/prius_sdc_pkg/data/live_dataset/1) by extension 'colcon_meta'
[2.184s] Level 1:colcon.colcon_core.package_identification:_identify(prius_sdc_pkg/prius_sdc_pkg/data/live_dataset/1) by extensions ['ros']
[2.185s] Level 1:colcon.colcon_core.package_identification:_identify(prius_sdc_pkg/prius_sdc_pkg/data/live_dataset/1) by extension 'ros'
[2.185s] Level 1:colcon.colcon_core.package_identification:_identify(prius_sdc_pkg/prius_sdc_pkg/data/live_dataset/1) by extensions ['cmake', 'python']
[2.185s] Level 1:colcon.colcon_core.package_identification:_identify(prius_sdc_pkg/prius_sdc_pkg/data/live_dataset/1) by extension 'cmake'
[2.185s] Level 1:colcon.colcon_core.package_identification:_identify(prius_sdc_pkg/prius_sdc_pkg/data/live_dataset/1) by extension 'python'
[2.186s] Level 1:colcon.colcon_core.package_identification:_identify(prius_sdc_pkg/prius_sdc_pkg/data/live_dataset/1) by extensions ['python_setup_py']
[2.186s] Level 1:colcon.colcon_core.package_identification:_identify(prius_sdc_pkg/prius_sdc_pkg/data/live_dataset/1) by extension 'python_setup_py'
[2.186s] Level 1:colcon.colcon_core.package_identification:_identify(prius_sdc_pkg/prius_sdc_pkg/data/live_dataset/2) by extensions ['ignore', 'ignore_ament_install']
[2.187s] Level 1:colcon.colcon_core.package_identification:_identify(prius_sdc_pkg/prius_sdc_pkg/data/live_dataset/2) by extension 'ignore'
[2.187s] Level 1:colcon.colcon_core.package_identification:_identify(prius_sdc_pkg/prius_sdc_pkg/data/live_dataset/2) by extension 'ignore_ament_install'
[2.187s] Level 1:colcon.colcon_core.package_identification:_identify(prius_sdc_pkg/prius_sdc_pkg/data/live_dataset/2) by extensions ['colcon_pkg']
[2.188s] Level 1:colcon.colcon_core.package_identification:_identify(prius_sdc_pkg/prius_sdc_pkg/data/live_dataset/2) by extension 'colcon_pkg'
[2.188s] Level 1:colcon.colcon_core.package_identification:_identify(prius_sdc_pkg/prius_sdc_pkg/data/live_dataset/2) by extensions ['colcon_meta']
[2.188s] Level 1:colcon.colcon_core.package_identification:_identify(prius_sdc_pkg/prius_sdc_pkg/data/live_dataset/2) by extension 'colcon_meta'
[2.188s] Level 1:colcon.colcon_core.package_identification:_identify(prius_sdc_pkg/prius_sdc_pkg/data/live_dataset/2) by extensions ['ros']
[2.189s] Level 1:colcon.colcon_core.package_identification:_identify(prius_sdc_pkg/prius_sdc_pkg/data/live_dataset/2) by extension 'ros'
[2.189s] Level 1:colcon.colcon_core.package_identification:_identify(prius_sdc_pkg/prius_sdc_pkg/data/live_dataset/2) by extensions ['cmake', 'python']
[2.189s] Level 1:colcon.colcon_core.package_identification:_identify(prius_sdc_pkg/prius_sdc_pkg/data/live_dataset/2) by extension 'cmake'
[2.190s] Level 1:colcon.colcon_core.package_identification:_identify(prius_sdc_pkg/prius_sdc_pkg/data/live_dataset/2) by extension 'python'
[2.190s] Level 1:colcon.colcon_core.package_identification:_identify(prius_sdc_pkg/prius_sdc_pkg/data/live_dataset/2) by extensions ['python_setup_py']
[2.190s] Level 1:colcon.colcon_core.package_identification:_identify(prius_sdc_pkg/prius_sdc_pkg/data/live_dataset/2) by extension 'python_setup_py'
[2.191s] Level 1:colcon.colcon_core.package_identification:_identify(prius_sdc_pkg/prius_sdc_pkg/data/live_dataset/3) by extensions ['ignore', 'ignore_ament_install']
[2.191s] Level 1:colcon.colcon_core.package_identification:_identify(prius_sdc_pkg/prius_sdc_pkg/data/live_dataset/3) by extension 'ignore'
[2.191s] Level 1:colcon.colcon_core.package_identification:_identify(prius_sdc_pkg/prius_sdc_pkg/data/live_dataset/3) by extension 'ignore_ament_install'
[2.192s] Level 1:colcon.colcon_core.package_identification:_identify(prius_sdc_pkg/prius_sdc_pkg/data/live_dataset/3) by extensions ['colcon_pkg']
[2.192s] Level 1:colcon.colcon_core.package_identification:_identify(prius_sdc_pkg/prius_sdc_pkg/data/live_dataset/3) by extension 'colcon_pkg'
[2.192s] Level 1:colcon.colcon_core.package_identification:_identify(prius_sdc_pkg/prius_sdc_pkg/data/live_dataset/3) by extensions ['colcon_meta']
[2.192s] Level 1:colcon.colcon_core.package_identification:_identify(prius_sdc_pkg/prius_sdc_pkg/data/live_dataset/3) by extension 'colcon_meta'
[2.193s] Level 1:colcon.colcon_core.package_identification:_identify(prius_sdc_pkg/prius_sdc_pkg/data/live_dataset/3) by extensions ['ros']
[2.193s] Level 1:colcon.colcon_core.package_identification:_identify(prius_sdc_pkg/prius_sdc_pkg/data/live_dataset/3) by extension 'ros'
[2.193s] Level 1:colcon.colcon_core.package_identification:_identify(prius_sdc_pkg/prius_sdc_pkg/data/live_dataset/3) by extensions ['cmake', 'python']
[2.193s] Level 1:colcon.colcon_core.package_identification:_identify(prius_sdc_pkg/prius_sdc_pkg/data/live_dataset/3) by extension 'cmake'
[2.194s] Level 1:colcon.colcon_core.package_identification:_identify(prius_sdc_pkg/prius_sdc_pkg/data/live_dataset/3) by extension 'python'
[2.194s] Level 1:colcon.colcon_core.package_identification:_identify(prius_sdc_pkg/prius_sdc_pkg/data/live_dataset/3) by extensions ['python_setup_py']
[2.194s] Level 1:colcon.colcon_core.package_identification:_identify(prius_sdc_pkg/prius_sdc_pkg/data/live_dataset/3) by extension 'python_setup_py'
[2.195s] Level 1:colcon.colcon_core.package_identification:_identify(prius_sdc_pkg/prius_sdc_pkg/data/live_dataset/4) by extensions ['ignore', 'ignore_ament_install']
[2.195s] Level 1:colcon.colcon_core.package_identification:_identify(prius_sdc_pkg/prius_sdc_pkg/data/live_dataset/4) by extension 'ignore'
[2.196s] Level 1:colcon.colcon_core.package_identification:_identify(prius_sdc_pkg/prius_sdc_pkg/data/live_dataset/4) by extension 'ignore_ament_install'
[2.196s] Level 1:colcon.colcon_core.package_identification:_identify(prius_sdc_pkg/prius_sdc_pkg/data/live_dataset/4) by extensions ['colcon_pkg']
[2.196s] Level 1:colcon.colcon_core.package_identification:_identify(prius_sdc_pkg/prius_sdc_pkg/data/live_dataset/4) by extension 'colcon_pkg'
[2.196s] Level 1:colcon.colcon_core.package_identification:_identify(prius_sdc_pkg/prius_sdc_pkg/data/live_dataset/4) by extensions ['colcon_meta']
[2.196s] Level 1:colcon.colcon_core.package_identification:_identify(prius_sdc_pkg/prius_sdc_pkg/data/live_dataset/4) by extension 'colcon_meta'
[2.197s] Level 1:colcon.colcon_core.package_identification:_identify(prius_sdc_pkg/prius_sdc_pkg/data/live_dataset/4) by extensions ['ros']
[2.197s] Level 1:colcon.colcon_core.package_identification:_identify(prius_sdc_pkg/prius_sdc_pkg/data/live_dataset/4) by extension 'ros'
[2.198s] Level 1:colcon.colcon_core.package_identification:_identify(prius_sdc_pkg/prius_sdc_pkg/data/live_dataset/4) by extensions ['cmake', 'python']
[2.198s] Level 1:colcon.colcon_core.package_identification:_identify(prius_sdc_pkg/prius_sdc_pkg/data/live_dataset/4) by extension 'cmake'
[2.198s] Level 1:colcon.colcon_core.package_identification:_identify(prius_sdc_pkg/prius_sdc_pkg/data/live_dataset/4) by extension 'python'
[2.198s] Level 1:colcon.colcon_core.package_identification:_identify(prius_sdc_pkg/prius_sdc_pkg/data/live_dataset/4) by extensions ['python_setup_py']
[2.198s] Level 1:colcon.colcon_core.package_identification:_identify(prius_sdc_pkg/prius_sdc_pkg/data/live_dataset/4) by extension 'python_setup_py'
[2.199s] Level 1:colcon.colcon_core.package_identification:_identify(prius_sdc_pkg/prius_sdc_pkg/data/live_dataset/5) by extensions ['ignore', 'ignore_ament_install']
[2.199s] Level 1:colcon.colcon_core.package_identification:_identify(prius_sdc_pkg/prius_sdc_pkg/data/live_dataset/5) by extension 'ignore'
[2.200s] Level 1:colcon.colcon_core.package_identification:_identify(prius_sdc_pkg/prius_sdc_pkg/data/live_dataset/5) by extension 'ignore_ament_install'
[2.200s] Level 1:colcon.colcon_core.package_identification:_identify(prius_sdc_pkg/prius_sdc_pkg/data/live_dataset/5) by extensions ['colcon_pkg']
[2.200s] Level 1:colcon.colcon_core.package_identification:_identify(prius_sdc_pkg/prius_sdc_pkg/data/live_dataset/5) by extension 'colcon_pkg'
[2.200s] Level 1:colcon.colcon_core.package_identification:_identify(prius_sdc_pkg/prius_sdc_pkg/data/live_dataset/5) by extensions ['colcon_meta']
[2.200s] Level 1:colcon.colcon_core.package_identification:_identify(prius_sdc_pkg/prius_sdc_pkg/data/live_dataset/5) by extension 'colcon_meta'
[2.201s] Level 1:colcon.colcon_core.package_identification:_identify(prius_sdc_pkg/prius_sdc_pkg/data/live_dataset/5) by extensions ['ros']
[2.201s] Level 1:colcon.colcon_core.package_identification:_identify(prius_sdc_pkg/prius_sdc_pkg/data/live_dataset/5) by extension 'ros'
[2.201s] Level 1:colcon.colcon_core.package_identification:_identify(prius_sdc_pkg/prius_sdc_pkg/data/live_dataset/5) by extensions ['cmake', 'python']
[2.202s] Level 1:colcon.colcon_core.package_identification:_identify(prius_sdc_pkg/prius_sdc_pkg/data/live_dataset/5) by extension 'cmake'
[2.202s] Level 1:colcon.colcon_core.package_identification:_identify(prius_sdc_pkg/prius_sdc_pkg/data/live_dataset/5) by extension 'python'
[2.202s] Level 1:colcon.colcon_core.package_identification:_identify(prius_sdc_pkg/prius_sdc_pkg/data/live_dataset/5) by extensions ['python_setup_py']
[2.202s] Level 1:colcon.colcon_core.package_identification:_identify(prius_sdc_pkg/prius_sdc_pkg/data/live_dataset/5) by extension 'python_setup_py'
[2.203s] Level 1:colcon.colcon_core.package_identification:_identify(src) by extensions ['ignore', 'ignore_ament_install']
[2.203s] Level 1:colcon.colcon_core.package_identification:_identify(src) by extension 'ignore'
[2.203s] Level 1:colcon.colcon_core.package_identification:_identify(src) by extension 'ignore_ament_install'
[2.204s] Level 1:colcon.colcon_core.package_identification:_identify(src) by extensions ['colcon_pkg']
[2.204s] Level 1:colcon.colcon_core.package_identification:_identify(src) by extension 'colcon_pkg'
[2.204s] Level 1:colcon.colcon_core.package_identification:_identify(src) by extensions ['colcon_meta']
[2.204s] Level 1:colcon.colcon_core.package_identification:_identify(src) by extension 'colcon_meta'
[2.205s] Level 1:colcon.colcon_core.package_identification:_identify(src) by extensions ['ros']
[2.205s] Level 1:colcon.colcon_core.package_identification:_identify(src) by extension 'ros'
[2.205s] Level 1:colcon.colcon_core.package_identification:_identify(src) by extensions ['cmake', 'python']
[2.205s] Level 1:colcon.colcon_core.package_identification:_identify(src) by extension 'cmake'
[2.206s] Level 1:colcon.colcon_core.package_identification:_identify(src) by extension 'python'
[2.206s] Level 1:colcon.colcon_core.package_identification:_identify(src) by extensions ['python_setup_py']
[2.206s] Level 1:colcon.colcon_core.package_identification:_identify(src) by extension 'python_setup_py'
[2.206s] Level 1:colcon.colcon_core.package_identification:_identify(src/build) by extensions ['ignore', 'ignore_ament_install']
[2.207s] Level 1:colcon.colcon_core.package_identification:_identify(src/build) by extension 'ignore'
[2.207s] Level 1:colcon.colcon_core.package_identification:_identify(src/build) ignored
[2.208s] Level 1:colcon.colcon_core.package_identification:_identify(src/install) by extensions ['ignore', 'ignore_ament_install']
[2.208s] Level 1:colcon.colcon_core.package_identification:_identify(src/install) by extension 'ignore'
[2.208s] Level 1:colcon.colcon_core.package_identification:_identify(src/install) ignored
[2.209s] Level 1:colcon.colcon_core.package_identification:_identify(src/log) by extensions ['ignore', 'ignore_ament_install']
[2.210s] Level 1:colcon.colcon_core.package_identification:_identify(src/log) by extension 'ignore'
[2.210s] Level 1:colcon.colcon_core.package_identification:_identify(src/log) ignored
[2.210s] Level 1:colcon.colcon_core.package_identification:_identify(src/prius_sdc_pkg) by extensions ['ignore', 'ignore_ament_install']
[2.211s] Level 1:colcon.colcon_core.package_identification:_identify(src/prius_sdc_pkg) by extension 'ignore'
[2.211s] Level 1:colcon.colcon_core.package_identification:_identify(src/prius_sdc_pkg) by extension 'ignore_ament_install'
[2.212s] Level 1:colcon.colcon_core.package_identification:_identify(src/prius_sdc_pkg) by extensions ['colcon_pkg']
[2.212s] Level 1:colcon.colcon_core.package_identification:_identify(src/prius_sdc_pkg) by extension 'colcon_pkg'
[2.212s] Level 1:colcon.colcon_core.package_identification:_identify(src/prius_sdc_pkg) by extensions ['colcon_meta']
[2.212s] Level 1:colcon.colcon_core.package_identification:_identify(src/prius_sdc_pkg) by extension 'colcon_meta'
[2.213s] Level 1:colcon.colcon_core.package_identification:_identify(src/prius_sdc_pkg) by extensions ['ros']
[2.213s] Level 1:colcon.colcon_core.package_identification:_identify(src/prius_sdc_pkg) by extension 'ros'
[2.224s] DEBUG:colcon.colcon_core.package_identification:Package 'src/prius_sdc_pkg' with type 'ros.ament_python' and name 'prius_sdc_pkg'
[2.224s] Level 1:colcon.colcon_core.package_discovery:discover_packages(recursive) using defaults
[2.224s] Level 1:colcon.colcon_core.package_discovery:discover_packages(ignore) discover
[2.224s] Level 1:colcon.colcon_core.package_discovery:discover_packages(ignore) using defaults
[2.225s] Level 1:colcon.colcon_core.package_discovery:discover_packages(path) discover
[2.225s] Level 1:colcon.colcon_core.package_discovery:discover_packages(path) using defaults
[2.304s] Level 1:colcon.colcon_core.package_discovery:discover_packages(prefix_path) check parameters
[2.304s] Level 1:colcon.colcon_core.package_discovery:discover_packages(prefix_path) discover
[2.315s] DEBUG:colcon.colcon_installed_package_information.package_discovery:Found 1 installed packages in /home/louwee/sdc_ws/install
[2.326s] DEBUG:colcon.colcon_installed_package_information.package_discovery:Found 270 installed packages in /opt/ros/foxy
[2.385s] Level 1:colcon.colcon_core.package_discovery:discover_packages(prefix_path) using defaults
[2.715s] Level 5:colcon.colcon_core.verb:set package 'prius_sdc_pkg' build argument 'cmake_args' from command line to 'None'
[2.715s] Level 5:colcon.colcon_core.verb:set package 'prius_sdc_pkg' build argument 'cmake_target' from command line to 'None'
[2.716s] Level 5:colcon.colcon_core.verb:set package 'prius_sdc_pkg' build argument 'cmake_target_skip_unavailable' from command line to 'False'
[2.716s] Level 5:colcon.colcon_core.verb:set package 'prius_sdc_pkg' build argument 'cmake_clean_cache' from command line to 'False'
[2.716s] Level 5:colcon.colcon_core.verb:set package 'prius_sdc_pkg' build argument 'cmake_clean_first' from command line to 'False'
[2.716s] Level 5:colcon.colcon_core.verb:set package 'prius_sdc_pkg' build argument 'cmake_force_configure' from command line to 'False'
[2.716s] Level 5:colcon.colcon_core.verb:set package 'prius_sdc_pkg' build argument 'ament_cmake_args' from command line to 'None'
[2.716s] Level 5:colcon.colcon_core.verb:set package 'prius_sdc_pkg' build argument 'catkin_cmake_args' from command line to 'None'
[2.717s] Level 5:colcon.colcon_core.verb:set package 'prius_sdc_pkg' build argument 'catkin_skip_building_tests' from command line to 'False'
[2.717s] DEBUG:colcon.colcon_core.verb:Building package 'prius_sdc_pkg' with the following arguments: {'ament_cmake_args': None, 'build_base': '/home/louwee/sdc_ws/build/prius_sdc_pkg', 'catkin_cmake_args': None, 'catkin_skip_building_tests': False, 'cmake_args': None, 'cmake_clean_cache': False, 'cmake_clean_first': False, 'cmake_force_configure': False, 'cmake_target': None, 'cmake_target_skip_unavailable': False, 'install_base': '/home/louwee/sdc_ws/install/prius_sdc_pkg', 'merge_install': False, 'path': '/home/louwee/sdc_ws/src/prius_sdc_pkg', 'symlink_install': False, 'test_result_base': None}
[2.717s] INFO:colcon.colcon_core.executor:Executing jobs using 'parallel' executor
[2.722s] DEBUG:colcon.colcon_parallel_executor.executor.parallel:run_until_complete
[2.723s] INFO:colcon.colcon_ros.task.ament_python.build:Building ROS package in '/home/louwee/sdc_ws/src/prius_sdc_pkg' with build type 'ament_python'
[2.724s] Level 1:colcon.colcon_core.shell:create_environment_hook('prius_sdc_pkg', 'ament_prefix_path')
[2.737s] INFO:colcon.colcon_core.plugin_system:Skipping extension 'colcon_core.shell.bat': Not used on non-Windows systems
[2.738s] INFO:colcon.colcon_core.shell:Creating environment hook '/home/louwee/sdc_ws/install/prius_sdc_pkg/share/prius_sdc_pkg/hook/ament_prefix_path.ps1'
[2.742s] INFO:colcon.colcon_core.shell:Creating environment descriptor '/home/louwee/sdc_ws/install/prius_sdc_pkg/share/prius_sdc_pkg/hook/ament_prefix_path.dsv'
[2.744s] INFO:colcon.colcon_core.shell:Creating environment hook '/home/louwee/sdc_ws/install/prius_sdc_pkg/share/prius_sdc_pkg/hook/ament_prefix_path.sh'
[2.749s] INFO:colcon.colcon_core.shell:Skip shell extension 'powershell' for command environment: Not usable outside of PowerShell
[2.749s] DEBUG:colcon.colcon_core.shell:Skip shell extension 'dsv' for command environment
[4.148s] INFO:colcon.colcon_core.task.python.build:Building Python package in '/home/louwee/sdc_ws/src/prius_sdc_pkg'
[4.151s] INFO:colcon.colcon_core.shell:Skip shell extension 'powershell' for command environment: Not usable outside of PowerShell
[4.152s] DEBUG:colcon.colcon_core.shell:Skip shell extension 'dsv' for command environment
[6.544s] DEBUG:colcon.colcon_core.event_handler.log_command:Invoking command in '/home/louwee/sdc_ws/src/prius_sdc_pkg': PYTHONPATH=/home/louwee/sdc_ws/build/prius_sdc_pkg/prefix_override:/home/louwee/sdc_ws/install/prius_sdc_pkg/lib/python3.8/site-packages:${PYTHONPATH} /usr/bin/python3 -W ignore:setup.py install is deprecated setup.py egg_info --egg-base ../../build/prius_sdc_pkg build --build-base /home/louwee/sdc_ws/build/prius_sdc_pkg/build install --record /home/louwee/sdc_ws/build/prius_sdc_pkg/install.log --install-scripts $base/lib/prius_sdc_pkg --single-version-externally-managed install_data
[8.286s] DEBUG:colcon.colcon_core.event_handler.log_command:Invoked command in '/home/louwee/sdc_ws/src/prius_sdc_pkg' returned '0': PYTHONPATH=/home/louwee/sdc_ws/build/prius_sdc_pkg/prefix_override:/home/louwee/sdc_ws/install/prius_sdc_pkg/lib/python3.8/site-packages:${PYTHONPATH} /usr/bin/python3 -W ignore:setup.py install is deprecated setup.py egg_info --egg-base ../../build/prius_sdc_pkg build --build-base /home/louwee/sdc_ws/build/prius_sdc_pkg/build install --record /home/louwee/sdc_ws/build/prius_sdc_pkg/install.log --install-scripts $base/lib/prius_sdc_pkg --single-version-externally-managed install_data
[8.299s] Level 1:colcon.colcon_core.environment:checking '/home/louwee/sdc_ws/install/prius_sdc_pkg' for CMake module files
[8.302s] Level 1:colcon.colcon_core.environment:checking '/home/louwee/sdc_ws/install/prius_sdc_pkg' for CMake config files
[8.311s] Level 1:colcon.colcon_core.environment:checking '/home/louwee/sdc_ws/install/prius_sdc_pkg/lib'
[8.312s] Level 1:colcon.colcon_core.environment:checking '/home/louwee/sdc_ws/install/prius_sdc_pkg/bin'
[8.312s] Level 1:colcon.colcon_core.environment:checking '/home/louwee/sdc_ws/install/prius_sdc_pkg/lib/pkgconfig/prius_sdc_pkg.pc'
[8.313s] Level 1:colcon.colcon_core.environment:checking '/home/louwee/sdc_ws/install/prius_sdc_pkg/lib/python3.8/site-packages'
[8.314s] Level 1:colcon.colcon_core.shell:create_environment_hook('prius_sdc_pkg', 'pythonpath')
[8.315s] INFO:colcon.colcon_core.shell:Creating environment hook '/home/louwee/sdc_ws/install/prius_sdc_pkg/share/prius_sdc_pkg/hook/pythonpath.ps1'
[8.319s] INFO:colcon.colcon_core.shell:Creating environment descriptor '/home/louwee/sdc_ws/install/prius_sdc_pkg/share/prius_sdc_pkg/hook/pythonpath.dsv'
[8.322s] INFO:colcon.colcon_core.shell:Creating environment hook '/home/louwee/sdc_ws/install/prius_sdc_pkg/share/prius_sdc_pkg/hook/pythonpath.sh'
[8.325s] Level 1:colcon.colcon_core.environment:checking '/home/louwee/sdc_ws/install/prius_sdc_pkg/bin'
[8.326s] Level 1:colcon.colcon_core.environment:create_environment_scripts_only(prius_sdc_pkg)
[8.329s] INFO:colcon.colcon_core.shell:Creating package script '/home/louwee/sdc_ws/install/prius_sdc_pkg/share/prius_sdc_pkg/package.ps1'
[8.333s] INFO:colcon.colcon_core.shell:Creating package descriptor '/home/louwee/sdc_ws/install/prius_sdc_pkg/share/prius_sdc_pkg/package.dsv'
[8.337s] INFO:colcon.colcon_core.shell:Creating package script '/home/louwee/sdc_ws/install/prius_sdc_pkg/share/prius_sdc_pkg/package.sh'
[8.341s] INFO:colcon.colcon_core.shell:Creating package script '/home/louwee/sdc_ws/install/prius_sdc_pkg/share/prius_sdc_pkg/package.bash'
[8.347s] INFO:colcon.colcon_core.shell:Creating package script '/home/louwee/sdc_ws/install/prius_sdc_pkg/share/prius_sdc_pkg/package.zsh'
[8.355s] Level 1:colcon.colcon_core.environment:create_file_with_runtime_dependencies(/home/louwee/sdc_ws/install/prius_sdc_pkg/share/colcon-core/packages/prius_sdc_pkg)
[8.358s] DEBUG:colcon.colcon_parallel_executor.executor.parallel:closing loop
[8.361s] DEBUG:colcon.colcon_parallel_executor.executor.parallel:loop closed
[8.362s] DEBUG:colcon.colcon_parallel_executor.executor.parallel:run_until_complete finished with '0'
[8.362s] DEBUG:colcon.colcon_core.event_reactor:joining thread
[8.405s] INFO:colcon.colcon_core.plugin_system:Skipping extension 'colcon_notification.desktop_notification.terminal_notifier': Not used on non-Darwin systems
[8.406s] INFO:colcon.colcon_core.plugin_system:Skipping extension 'colcon_notification.desktop_notification.win32': Not used on non-Windows systems
[8.406s] INFO:colcon.colcon_notification.desktop_notification:Sending desktop notification using 'notify2'
[8.501s] DEBUG:colcon.colcon_core.event_reactor:joined thread
[8.503s] INFO:colcon.colcon_core.shell:Creating prefix script '/home/louwee/sdc_ws/install/local_setup.ps1'
[8.508s] INFO:colcon.colcon_core.shell:Creating prefix util module '/home/louwee/sdc_ws/install/_local_setup_util_ps1.py'
[8.515s] INFO:colcon.colcon_core.shell:Creating prefix chain script '/home/louwee/sdc_ws/install/setup.ps1'
[8.524s] INFO:colcon.colcon_core.shell:Creating prefix script '/home/louwee/sdc_ws/install/local_setup.sh'
[8.529s] INFO:colcon.colcon_core.shell:Creating prefix util module '/home/louwee/sdc_ws/install/_local_setup_util_sh.py'
[8.535s] INFO:colcon.colcon_core.shell:Creating prefix chain script '/home/louwee/sdc_ws/install/setup.sh'
[8.542s] INFO:colcon.colcon_core.shell:Creating prefix script '/home/louwee/sdc_ws/install/local_setup.bash'
[8.546s] INFO:colcon.colcon_core.shell:Creating prefix chain script '/home/louwee/sdc_ws/install/setup.bash'
[8.556s] INFO:colcon.colcon_core.shell:Creating prefix script '/home/louwee/sdc_ws/install/local_setup.zsh'
[8.560s] INFO:colcon.colcon_core.shell:Creating prefix chain script '/home/louwee/sdc_ws/install/setup.zsh'
