[7.839s] Invoking command in '/home/louwee/sdc_ws/src/prius_sdc_pkg': PYTHONPATH=/home/louwee/sdc_ws/build/prius_sdc_pkg/prefix_override:/home/louwee/sdc_ws/install/prius_sdc_pkg/lib/python3.8/site-packages:${PYTHONPATH} /usr/bin/python3 -W ignore:setup.py install is deprecated setup.py egg_info --egg-base ../../build/prius_sdc_pkg build --build-base /home/louwee/sdc_ws/build/prius_sdc_pkg/build install --record /home/louwee/sdc_ws/build/prius_sdc_pkg/install.log --install-scripts $base/lib/prius_sdc_pkg --single-version-externally-managed install_data
[10.607s] running egg_info
[10.610s] writing ../../build/prius_sdc_pkg/prius_sdc_pkg.egg-info/PKG-INFO
[10.622s] writing dependency_links to ../../build/prius_sdc_pkg/prius_sdc_pkg.egg-info/dependency_links.txt
[10.628s] writing entry points to ../../build/prius_sdc_pkg/prius_sdc_pkg.egg-info/entry_points.txt
[10.631s] writing requirements to ../../build/prius_sdc_pkg/prius_sdc_pkg.egg-info/requires.txt
[10.633s] writing top-level names to ../../build/prius_sdc_pkg/prius_sdc_pkg.egg-info/top_level.txt
[10.929s] reading manifest file '../../build/prius_sdc_pkg/prius_sdc_pkg.egg-info/SOURCES.txt'
[10.949s] writing manifest file '../../build/prius_sdc_pkg/prius_sdc_pkg.egg-info/SOURCES.txt'
[10.950s] running build
[10.950s] running build_py
[10.967s] copying prius_sdc_pkg/Detection/Signs/sign_detection.py -> /home/louwee/sdc_ws/build/prius_sdc_pkg/build/lib/prius_sdc_pkg/Detection/Signs
[10.972s] running install
[10.991s] running install_lib
[11.006s] copying /home/louwee/sdc_ws/build/prius_sdc_pkg/build/lib/prius_sdc_pkg/Detection/Signs/sign_detection.py -> /home/louwee/sdc_ws/install/prius_sdc_pkg/lib/python3.8/site-packages/prius_sdc_pkg/Detection/Signs
[11.030s] byte-compiling /home/louwee/sdc_ws/install/prius_sdc_pkg/lib/python3.8/site-packages/prius_sdc_pkg/Detection/Signs/sign_detection.py to sign_detection.cpython-38.pyc
[11.047s] running install_data
[11.055s] running install_egg_info
[11.083s] removing '/home/louwee/sdc_ws/install/prius_sdc_pkg/lib/python3.8/site-packages/prius_sdc_pkg-0.0.0-py3.8.egg-info' (and everything under it)
[11.084s] Copying ../../build/prius_sdc_pkg/prius_sdc_pkg.egg-info to /home/louwee/sdc_ws/install/prius_sdc_pkg/lib/python3.8/site-packages/prius_sdc_pkg-0.0.0-py3.8.egg-info
[11.103s] running install_scripts
[11.316s] Installing driver_node script to /home/louwee/sdc_ws/install/prius_sdc_pkg/lib/prius_sdc_pkg
[11.316s] Installing recorder_node script to /home/louwee/sdc_ws/install/prius_sdc_pkg/lib/prius_sdc_pkg
[11.318s] Installing spawner_node script to /home/louwee/sdc_ws/install/prius_sdc_pkg/lib/prius_sdc_pkg
[11.336s] writing list of installed files to '/home/louwee/sdc_ws/build/prius_sdc_pkg/install.log'
[11.554s] Invoked command in '/home/louwee/sdc_ws/src/prius_sdc_pkg' returned '0': PYTHONPATH=/home/louwee/sdc_ws/build/prius_sdc_pkg/prefix_override:/home/louwee/sdc_ws/install/prius_sdc_pkg/lib/python3.8/site-packages:${PYTHONPATH} /usr/bin/python3 -W ignore:setup.py install is deprecated setup.py egg_info --egg-base ../../build/prius_sdc_pkg build --build-base /home/louwee/sdc_ws/build/prius_sdc_pkg/build install --record /home/louwee/sdc_ws/build/prius_sdc_pkg/install.log --install-scripts $base/lib/prius_sdc_pkg --single-version-externally-managed install_data
