[2.463s] DEBUG:colcon:Command line arguments: ['/usr/bin/colcon', 'build']
[2.464s] DEBUG:colcon:Parsed command line arguments: Namespace(allow_overriding=[], ament_cmake_args=None, base_paths=['.'], build_base='build', catkin_cmake_args=None, catkin_skip_building_tests=False, cmake_args=None, cmake_clean_cache=False, cmake_clean_first=False, cmake_force_configure=False, cmake_target=None, cmake_target_skip_unavailable=False, continue_on_error=False, event_handlers=None, executor='parallel', ignore_user_meta=False, install_base='install', log_base=None, log_level=None, main=<bound method BuildVerb.main of <colcon_core.verb.build.BuildVerb object at 0x7feb2bf8dc70>>, merge_install=False, metas=['./colcon.meta'], mixin=None, mixin_files=None, mixin_verb=('build',), packages_above=None, packages_above_and_dependencies=None, packages_above_depth=None, packages_end=None, packages_ignore=None, packages_ignore_regex=None, packages_select=None, packages_select_build_failed=False, packages_select_by_dep=None, packages_select_regex=None, packages_select_test_failures=False, packages_skip=None, packages_skip_build_finished=False, packages_skip_by_dep=None, packages_skip_regex=None, packages_skip_test_passed=False, packages_skip_up_to=None, packages_start=None, packages_up_to=None, packages_up_to_regex=None, parallel_workers=4, paths=None, symlink_install=False, test_result_base=None, verb_extension=<colcon_core.verb.build.BuildVerb object at 0x7feb2bf8dc70>, verb_name='build', verb_parser=<colcon_mixin.mixin.mixin_argument.MixinArgumentDecorator object at 0x7feb2be4fb50>)
[4.260s] Level 1:colcon.colcon_core.package_discovery:discover_packages(colcon_meta) check parameters
[4.261s] Level 1:colcon.colcon_core.package_discovery:discover_packages(recursive) check parameters
[4.261s] Level 1:colcon.colcon_core.package_discovery:discover_packages(ignore) check parameters
[4.262s] Level 1:colcon.colcon_core.package_discovery:discover_packages(path) check parameters
[4.263s] Level 1:colcon.colcon_core.package_discovery:discover_packages(colcon_meta) discover
[4.264s] Level 1:colcon.colcon_core.package_discovery:discover_packages(recursive) discover
[4.264s] INFO:colcon.colcon_core.package_discovery:Crawling recursively for packages in '/home/louwee/sdc_ws'
[4.266s] Level 1:colcon.colcon_core.package_identification:_identify(.) by extensions ['ignore', 'ignore_ament_install']
[4.268s] Level 1:colcon.colcon_core.package_identification:_identify(.) by extension 'ignore'
[4.269s] Level 1:colcon.colcon_core.package_identification:_identify(.) by extension 'ignore_ament_install'
[4.272s] Level 1:colcon.colcon_core.package_identification:_identify(.) by extensions ['colcon_pkg']
[4.273s] Level 1:colcon.colcon_core.package_identification:_identify(.) by extension 'colcon_pkg'
[4.273s] Level 1:colcon.colcon_core.package_identification:_identify(.) by extensions ['colcon_meta']
[4.274s] Level 1:colcon.colcon_core.package_identification:_identify(.) by extension 'colcon_meta'
[4.274s] Level 1:colcon.colcon_core.package_identification:_identify(.) by extensions ['ros']
[4.274s] Level 1:colcon.colcon_core.package_identification:_identify(.) by extension 'ros'
[4.408s] Level 1:colcon.colcon_core.package_identification:_identify(.) by extensions ['cmake', 'python']
[4.409s] Level 1:colcon.colcon_core.package_identification:_identify(.) by extension 'cmake'
[4.409s] Level 1:colcon.colcon_core.package_identification:_identify(.) by extension 'python'
[4.410s] Level 1:colcon.colcon_core.package_identification:_identify(.) by extensions ['python_setup_py']
[4.410s] Level 1:colcon.colcon_core.package_identification:_identify(.) by extension 'python_setup_py'
[4.411s] Level 1:colcon.colcon_core.package_identification:_identify(build) by extensions ['ignore', 'ignore_ament_install']
[4.411s] Level 1:colcon.colcon_core.package_identification:_identify(build) by extension 'ignore'
[4.412s] Level 1:colcon.colcon_core.package_identification:_identify(build) ignored
[4.413s] Level 1:colcon.colcon_core.package_identification:_identify(install) by extensions ['ignore', 'ignore_ament_install']
[4.414s] Level 1:colcon.colcon_core.package_identification:_identify(install) by extension 'ignore'
[4.414s] Level 1:colcon.colcon_core.package_identification:_identify(install) ignored
[4.416s] Level 1:colcon.colcon_core.package_identification:_identify(log) by extensions ['ignore', 'ignore_ament_install']
[4.417s] Level 1:colcon.colcon_core.package_identification:_identify(log) by extension 'ignore'
[4.418s] Level 1:colcon.colcon_core.package_identification:_identify(log) ignored
[4.420s] Level 1:colcon.colcon_core.package_identification:_identify(src) by extensions ['ignore', 'ignore_ament_install']
[4.421s] Level 1:colcon.colcon_core.package_identification:_identify(src) by extension 'ignore'
[4.422s] Level 1:colcon.colcon_core.package_identification:_identify(src) by extension 'ignore_ament_install'
[4.423s] Level 1:colcon.colcon_core.package_identification:_identify(src) by extensions ['colcon_pkg']
[4.423s] Level 1:colcon.colcon_core.package_identification:_identify(src) by extension 'colcon_pkg'
[4.426s] Level 1:colcon.colcon_core.package_identification:_identify(src) by extensions ['colcon_meta']
[4.427s] Level 1:colcon.colcon_core.package_identification:_identify(src) by extension 'colcon_meta'
[4.428s] Level 1:colcon.colcon_core.package_identification:_identify(src) by extensions ['ros']
[4.428s] Level 1:colcon.colcon_core.package_identification:_identify(src) by extension 'ros'
[4.429s] Level 1:colcon.colcon_core.package_identification:_identify(src) by extensions ['cmake', 'python']
[4.430s] Level 1:colcon.colcon_core.package_identification:_identify(src) by extension 'cmake'
[4.430s] Level 1:colcon.colcon_core.package_identification:_identify(src) by extension 'python'
[4.430s] Level 1:colcon.colcon_core.package_identification:_identify(src) by extensions ['python_setup_py']
[4.431s] Level 1:colcon.colcon_core.package_identification:_identify(src) by extension 'python_setup_py'
[4.432s] Level 1:colcon.colcon_core.package_identification:_identify(src/build) by extensions ['ignore', 'ignore_ament_install']
[4.434s] Level 1:colcon.colcon_core.package_identification:_identify(src/build) by extension 'ignore'
[4.435s] Level 1:colcon.colcon_core.package_identification:_identify(src/build) ignored
[4.437s] Level 1:colcon.colcon_core.package_identification:_identify(src/install) by extensions ['ignore', 'ignore_ament_install']
[4.439s] Level 1:colcon.colcon_core.package_identification:_identify(src/install) by extension 'ignore'
[4.441s] Level 1:colcon.colcon_core.package_identification:_identify(src/install) ignored
[4.443s] Level 1:colcon.colcon_core.package_identification:_identify(src/log) by extensions ['ignore', 'ignore_ament_install']
[4.443s] Level 1:colcon.colcon_core.package_identification:_identify(src/log) by extension 'ignore'
[4.444s] Level 1:colcon.colcon_core.package_identification:_identify(src/log) ignored
[4.445s] Level 1:colcon.colcon_core.package_identification:_identify(src/prius_sdc_pkg) by extensions ['ignore', 'ignore_ament_install']
[4.446s] Level 1:colcon.colcon_core.package_identification:_identify(src/prius_sdc_pkg) by extension 'ignore'
[4.446s] Level 1:colcon.colcon_core.package_identification:_identify(src/prius_sdc_pkg) by extension 'ignore_ament_install'
[4.447s] Level 1:colcon.colcon_core.package_identification:_identify(src/prius_sdc_pkg) by extensions ['colcon_pkg']
[4.447s] Level 1:colcon.colcon_core.package_identification:_identify(src/prius_sdc_pkg) by extension 'colcon_pkg'
[4.448s] Level 1:colcon.colcon_core.package_identification:_identify(src/prius_sdc_pkg) by extensions ['colcon_meta']
[4.450s] Level 1:colcon.colcon_core.package_identification:_identify(src/prius_sdc_pkg) by extension 'colcon_meta'
[4.450s] Level 1:colcon.colcon_core.package_identification:_identify(src/prius_sdc_pkg) by extensions ['ros']
[4.451s] Level 1:colcon.colcon_core.package_identification:_identify(src/prius_sdc_pkg) by extension 'ros'
[4.467s] DEBUG:colcon.colcon_core.package_identification:Package 'src/prius_sdc_pkg' with type 'ros.ament_python' and name 'prius_sdc_pkg'
[4.468s] Level 1:colcon.colcon_core.package_discovery:discover_packages(recursive) using defaults
[4.468s] Level 1:colcon.colcon_core.package_discovery:discover_packages(ignore) discover
[4.468s] Level 1:colcon.colcon_core.package_discovery:discover_packages(ignore) using defaults
[4.469s] Level 1:colcon.colcon_core.package_discovery:discover_packages(path) discover
[4.469s] Level 1:colcon.colcon_core.package_discovery:discover_packages(path) using defaults
[4.610s] Level 1:colcon.colcon_core.package_discovery:discover_packages(prefix_path) check parameters
[4.612s] Level 1:colcon.colcon_core.package_discovery:discover_packages(prefix_path) discover
[4.630s] DEBUG:colcon.colcon_installed_package_information.package_discovery:Found 1 installed packages in /home/louwee/sdc_ws/install
[4.646s] DEBUG:colcon.colcon_installed_package_information.package_discovery:Found 270 installed packages in /opt/ros/foxy
[4.689s] Level 1:colcon.colcon_core.package_discovery:discover_packages(prefix_path) using defaults
[5.776s] Level 5:colcon.colcon_core.verb:set package 'prius_sdc_pkg' build argument 'cmake_args' from command line to 'None'
[5.777s] Level 5:colcon.colcon_core.verb:set package 'prius_sdc_pkg' build argument 'cmake_target' from command line to 'None'
[5.777s] Level 5:colcon.colcon_core.verb:set package 'prius_sdc_pkg' build argument 'cmake_target_skip_unavailable' from command line to 'False'
[5.777s] Level 5:colcon.colcon_core.verb:set package 'prius_sdc_pkg' build argument 'cmake_clean_cache' from command line to 'False'
[5.777s] Level 5:colcon.colcon_core.verb:set package 'prius_sdc_pkg' build argument 'cmake_clean_first' from command line to 'False'
[5.778s] Level 5:colcon.colcon_core.verb:set package 'prius_sdc_pkg' build argument 'cmake_force_configure' from command line to 'False'
[5.778s] Level 5:colcon.colcon_core.verb:set package 'prius_sdc_pkg' build argument 'ament_cmake_args' from command line to 'None'
[5.778s] Level 5:colcon.colcon_core.verb:set package 'prius_sdc_pkg' build argument 'catkin_cmake_args' from command line to 'None'
[5.778s] Level 5:colcon.colcon_core.verb:set package 'prius_sdc_pkg' build argument 'catkin_skip_building_tests' from command line to 'False'
[5.779s] DEBUG:colcon.colcon_core.verb:Building package 'prius_sdc_pkg' with the following arguments: {'ament_cmake_args': None, 'build_base': '/home/louwee/sdc_ws/build/prius_sdc_pkg', 'catkin_cmake_args': None, 'catkin_skip_building_tests': False, 'cmake_args': None, 'cmake_clean_cache': False, 'cmake_clean_first': False, 'cmake_force_configure': False, 'cmake_target': None, 'cmake_target_skip_unavailable': False, 'install_base': '/home/louwee/sdc_ws/install/prius_sdc_pkg', 'merge_install': False, 'path': '/home/louwee/sdc_ws/src/prius_sdc_pkg', 'symlink_install': False, 'test_result_base': None}
[5.780s] INFO:colcon.colcon_core.executor:Executing jobs using 'parallel' executor
[5.787s] DEBUG:colcon.colcon_parallel_executor.executor.parallel:run_until_complete
[5.791s] INFO:colcon.colcon_ros.task.ament_python.build:Building ROS package in '/home/louwee/sdc_ws/src/prius_sdc_pkg' with build type 'ament_python'
[5.793s] Level 1:colcon.colcon_core.shell:create_environment_hook('prius_sdc_pkg', 'ament_prefix_path')
[5.817s] INFO:colcon.colcon_core.plugin_system:Skipping extension 'colcon_core.shell.bat': Not used on non-Windows systems
[5.819s] INFO:colcon.colcon_core.shell:Creating environment hook '/home/louwee/sdc_ws/install/prius_sdc_pkg/share/prius_sdc_pkg/hook/ament_prefix_path.ps1'
[5.829s] INFO:colcon.colcon_core.shell:Creating environment descriptor '/home/louwee/sdc_ws/install/prius_sdc_pkg/share/prius_sdc_pkg/hook/ament_prefix_path.dsv'
[5.841s] INFO:colcon.colcon_core.shell:Creating environment hook '/home/louwee/sdc_ws/install/prius_sdc_pkg/share/prius_sdc_pkg/hook/ament_prefix_path.sh'
[5.846s] INFO:colcon.colcon_core.shell:Skip shell extension 'powershell' for command environment: Not usable outside of PowerShell
[5.847s] DEBUG:colcon.colcon_core.shell:Skip shell extension 'dsv' for command environment
[8.919s] INFO:colcon.colcon_core.task.python.build:Building Python package in '/home/louwee/sdc_ws/src/prius_sdc_pkg'
[8.925s] INFO:colcon.colcon_core.shell:Skip shell extension 'powershell' for command environment: Not usable outside of PowerShell
[8.926s] DEBUG:colcon.colcon_core.shell:Skip shell extension 'dsv' for command environment
[13.682s] DEBUG:colcon.colcon_core.event_handler.log_command:Invoking command in '/home/louwee/sdc_ws/src/prius_sdc_pkg': PYTHONPATH=/home/louwee/sdc_ws/build/prius_sdc_pkg/prefix_override:/home/louwee/sdc_ws/install/prius_sdc_pkg/lib/python3.8/site-packages:${PYTHONPATH} /usr/bin/python3 -W ignore:setup.py install is deprecated setup.py egg_info --egg-base ../../build/prius_sdc_pkg build --build-base /home/louwee/sdc_ws/build/prius_sdc_pkg/build install --record /home/louwee/sdc_ws/build/prius_sdc_pkg/install.log --install-scripts $base/lib/prius_sdc_pkg --single-version-externally-managed install_data
[17.093s] DEBUG:colcon.colcon_core.event_handler.log_command:Invoked command in '/home/louwee/sdc_ws/src/prius_sdc_pkg' returned '0': PYTHONPATH=/home/louwee/sdc_ws/build/prius_sdc_pkg/prefix_override:/home/louwee/sdc_ws/install/prius_sdc_pkg/lib/python3.8/site-packages:${PYTHONPATH} /usr/bin/python3 -W ignore:setup.py install is deprecated setup.py egg_info --egg-base ../../build/prius_sdc_pkg build --build-base /home/louwee/sdc_ws/build/prius_sdc_pkg/build install --record /home/louwee/sdc_ws/build/prius_sdc_pkg/install.log --install-scripts $base/lib/prius_sdc_pkg --single-version-externally-managed install_data
[17.143s] Level 1:colcon.colcon_core.environment:checking '/home/louwee/sdc_ws/install/prius_sdc_pkg' for CMake module files
[17.148s] Level 1:colcon.colcon_core.environment:checking '/home/louwee/sdc_ws/install/prius_sdc_pkg' for CMake config files
[17.168s] Level 1:colcon.colcon_core.environment:checking '/home/louwee/sdc_ws/install/prius_sdc_pkg/lib'
[17.170s] Level 1:colcon.colcon_core.environment:checking '/home/louwee/sdc_ws/install/prius_sdc_pkg/bin'
[17.175s] Level 1:colcon.colcon_core.environment:checking '/home/louwee/sdc_ws/install/prius_sdc_pkg/lib/pkgconfig/prius_sdc_pkg.pc'
[17.185s] Level 1:colcon.colcon_core.environment:checking '/home/louwee/sdc_ws/install/prius_sdc_pkg/lib/python3.8/site-packages'
[17.188s] Level 1:colcon.colcon_core.shell:create_environment_hook('prius_sdc_pkg', 'pythonpath')
[17.190s] INFO:colcon.colcon_core.shell:Creating environment hook '/home/louwee/sdc_ws/install/prius_sdc_pkg/share/prius_sdc_pkg/hook/pythonpath.ps1'
[17.195s] INFO:colcon.colcon_core.shell:Creating environment descriptor '/home/louwee/sdc_ws/install/prius_sdc_pkg/share/prius_sdc_pkg/hook/pythonpath.dsv'
[17.222s] INFO:colcon.colcon_core.shell:Creating environment hook '/home/louwee/sdc_ws/install/prius_sdc_pkg/share/prius_sdc_pkg/hook/pythonpath.sh'
[17.233s] Level 1:colcon.colcon_core.environment:checking '/home/louwee/sdc_ws/install/prius_sdc_pkg/bin'
[17.235s] Level 1:colcon.colcon_core.environment:create_environment_scripts_only(prius_sdc_pkg)
[17.238s] INFO:colcon.colcon_core.shell:Creating package script '/home/louwee/sdc_ws/install/prius_sdc_pkg/share/prius_sdc_pkg/package.ps1'
[17.254s] INFO:colcon.colcon_core.shell:Creating package descriptor '/home/louwee/sdc_ws/install/prius_sdc_pkg/share/prius_sdc_pkg/package.dsv'
[17.260s] INFO:colcon.colcon_core.shell:Creating package script '/home/louwee/sdc_ws/install/prius_sdc_pkg/share/prius_sdc_pkg/package.sh'
[17.290s] INFO:colcon.colcon_core.shell:Creating package script '/home/louwee/sdc_ws/install/prius_sdc_pkg/share/prius_sdc_pkg/package.bash'
[17.296s] INFO:colcon.colcon_core.shell:Creating package script '/home/louwee/sdc_ws/install/prius_sdc_pkg/share/prius_sdc_pkg/package.zsh'
[17.309s] Level 1:colcon.colcon_core.environment:create_file_with_runtime_dependencies(/home/louwee/sdc_ws/install/prius_sdc_pkg/share/colcon-core/packages/prius_sdc_pkg)
[17.316s] DEBUG:colcon.colcon_parallel_executor.executor.parallel:closing loop
[17.317s] DEBUG:colcon.colcon_parallel_executor.executor.parallel:loop closed
[17.318s] DEBUG:colcon.colcon_parallel_executor.executor.parallel:run_until_complete finished with '0'
[17.322s] DEBUG:colcon.colcon_core.event_reactor:joining thread
[17.399s] INFO:colcon.colcon_core.plugin_system:Skipping extension 'colcon_notification.desktop_notification.terminal_notifier': Not used on non-Darwin systems
[17.400s] INFO:colcon.colcon_core.plugin_system:Skipping extension 'colcon_notification.desktop_notification.win32': Not used on non-Windows systems
[17.401s] INFO:colcon.colcon_notification.desktop_notification:Sending desktop notification using 'notify2'
[17.626s] DEBUG:colcon.colcon_core.event_reactor:joined thread
[17.628s] INFO:colcon.colcon_core.shell:Creating prefix script '/home/louwee/sdc_ws/install/local_setup.ps1'
[17.639s] INFO:colcon.colcon_core.shell:Creating prefix util module '/home/louwee/sdc_ws/install/_local_setup_util_ps1.py'
[17.654s] INFO:colcon.colcon_core.shell:Creating prefix chain script '/home/louwee/sdc_ws/install/setup.ps1'
[17.666s] INFO:colcon.colcon_core.shell:Creating prefix script '/home/louwee/sdc_ws/install/local_setup.sh'
[17.677s] INFO:colcon.colcon_core.shell:Creating prefix util module '/home/louwee/sdc_ws/install/_local_setup_util_sh.py'
[17.682s] INFO:colcon.colcon_core.shell:Creating prefix chain script '/home/louwee/sdc_ws/install/setup.sh'
[17.698s] INFO:colcon.colcon_core.shell:Creating prefix script '/home/louwee/sdc_ws/install/local_setup.bash'
[17.704s] INFO:colcon.colcon_core.shell:Creating prefix chain script '/home/louwee/sdc_ws/install/setup.bash'
[17.712s] INFO:colcon.colcon_core.shell:Creating prefix script '/home/louwee/sdc_ws/install/local_setup.zsh'
[17.718s] INFO:colcon.colcon_core.shell:Creating prefix chain script '/home/louwee/sdc_ws/install/setup.zsh'
