[2.954s] DEBUG:colcon:Command line arguments: ['/usr/bin/colcon', 'build']
[2.955s] DEBUG:colcon:Parsed command line arguments: Namespace(allow_overriding=[], ament_cmake_args=None, base_paths=['.'], build_base='build', catkin_cmake_args=None, catkin_skip_building_tests=False, cmake_args=None, cmake_clean_cache=False, cmake_clean_first=False, cmake_force_configure=False, cmake_target=None, cmake_target_skip_unavailable=False, continue_on_error=False, event_handlers=None, executor='parallel', ignore_user_meta=False, install_base='install', log_base=None, log_level=None, main=<bound method BuildVerb.main of <colcon_core.verb.build.BuildVerb object at 0x7f7ac62f3670>>, merge_install=False, metas=['./colcon.meta'], mixin=None, mixin_files=None, mixin_verb=('build',), packages_above=None, packages_above_and_dependencies=None, packages_above_depth=None, packages_end=None, packages_ignore=None, packages_ignore_regex=None, packages_select=None, packages_select_build_failed=False, packages_select_by_dep=None, packages_select_regex=None, packages_select_test_failures=False, packages_skip=None, packages_skip_build_finished=False, packages_skip_by_dep=None, packages_skip_regex=None, packages_skip_test_passed=False, packages_skip_up_to=None, packages_start=None, packages_up_to=None, packages_up_to_regex=None, parallel_workers=4, paths=None, symlink_install=False, test_result_base=None, verb_extension=<colcon_core.verb.build.BuildVerb object at 0x7f7ac62f3670>, verb_name='build', verb_parser=<colcon_mixin.mixin.mixin_argument.MixinArgumentDecorator object at 0x7f7ac6235550>)
[5.150s] Level 1:colcon.colcon_core.package_discovery:discover_packages(colcon_meta) check parameters
[5.151s] Level 1:colcon.colcon_core.package_discovery:discover_packages(recursive) check parameters
[5.151s] Level 1:colcon.colcon_core.package_discovery:discover_packages(ignore) check parameters
[5.152s] Level 1:colcon.colcon_core.package_discovery:discover_packages(path) check parameters
[5.152s] Level 1:colcon.colcon_core.package_discovery:discover_packages(colcon_meta) discover
[5.152s] Level 1:colcon.colcon_core.package_discovery:discover_packages(recursive) discover
[5.153s] INFO:colcon.colcon_core.package_discovery:Crawling recursively for packages in '/home/louwee/sdc_ws'
[5.153s] Level 1:colcon.colcon_core.package_identification:_identify(.) by extensions ['ignore', 'ignore_ament_install']
[5.154s] Level 1:colcon.colcon_core.package_identification:_identify(.) by extension 'ignore'
[5.155s] Level 1:colcon.colcon_core.package_identification:_identify(.) by extension 'ignore_ament_install'
[5.155s] Level 1:colcon.colcon_core.package_identification:_identify(.) by extensions ['colcon_pkg']
[5.156s] Level 1:colcon.colcon_core.package_identification:_identify(.) by extension 'colcon_pkg'
[5.156s] Level 1:colcon.colcon_core.package_identification:_identify(.) by extensions ['colcon_meta']
[5.156s] Level 1:colcon.colcon_core.package_identification:_identify(.) by extension 'colcon_meta'
[5.157s] Level 1:colcon.colcon_core.package_identification:_identify(.) by extensions ['ros']
[5.157s] Level 1:colcon.colcon_core.package_identification:_identify(.) by extension 'ros'
[5.375s] Level 1:colcon.colcon_core.package_identification:_identify(.) by extensions ['cmake', 'python']
[5.376s] Level 1:colcon.colcon_core.package_identification:_identify(.) by extension 'cmake'
[5.376s] Level 1:colcon.colcon_core.package_identification:_identify(.) by extension 'python'
[5.377s] Level 1:colcon.colcon_core.package_identification:_identify(.) by extensions ['python_setup_py']
[5.377s] Level 1:colcon.colcon_core.package_identification:_identify(.) by extension 'python_setup_py'
[5.378s] Level 1:colcon.colcon_core.package_identification:_identify(build) by extensions ['ignore', 'ignore_ament_install']
[5.379s] Level 1:colcon.colcon_core.package_identification:_identify(build) by extension 'ignore'
[5.380s] Level 1:colcon.colcon_core.package_identification:_identify(build) ignored
[5.381s] Level 1:colcon.colcon_core.package_identification:_identify(install) by extensions ['ignore', 'ignore_ament_install']
[5.382s] Level 1:colcon.colcon_core.package_identification:_identify(install) by extension 'ignore'
[5.383s] Level 1:colcon.colcon_core.package_identification:_identify(install) ignored
[5.385s] Level 1:colcon.colcon_core.package_identification:_identify(log) by extensions ['ignore', 'ignore_ament_install']
[5.390s] Level 1:colcon.colcon_core.package_identification:_identify(log) by extension 'ignore'
[5.390s] Level 1:colcon.colcon_core.package_identification:_identify(log) ignored
[5.391s] Level 1:colcon.colcon_core.package_identification:_identify(src) by extensions ['ignore', 'ignore_ament_install']
[5.391s] Level 1:colcon.colcon_core.package_identification:_identify(src) by extension 'ignore'
[5.392s] Level 1:colcon.colcon_core.package_identification:_identify(src) by extension 'ignore_ament_install'
[5.393s] Level 1:colcon.colcon_core.package_identification:_identify(src) by extensions ['colcon_pkg']
[5.393s] Level 1:colcon.colcon_core.package_identification:_identify(src) by extension 'colcon_pkg'
[5.394s] Level 1:colcon.colcon_core.package_identification:_identify(src) by extensions ['colcon_meta']
[5.394s] Level 1:colcon.colcon_core.package_identification:_identify(src) by extension 'colcon_meta'
[5.394s] Level 1:colcon.colcon_core.package_identification:_identify(src) by extensions ['ros']
[5.395s] Level 1:colcon.colcon_core.package_identification:_identify(src) by extension 'ros'
[5.395s] Level 1:colcon.colcon_core.package_identification:_identify(src) by extensions ['cmake', 'python']
[5.396s] Level 1:colcon.colcon_core.package_identification:_identify(src) by extension 'cmake'
[5.396s] Level 1:colcon.colcon_core.package_identification:_identify(src) by extension 'python'
[5.396s] Level 1:colcon.colcon_core.package_identification:_identify(src) by extensions ['python_setup_py']
[5.397s] Level 1:colcon.colcon_core.package_identification:_identify(src) by extension 'python_setup_py'
[5.399s] Level 1:colcon.colcon_core.package_identification:_identify(src/build) by extensions ['ignore', 'ignore_ament_install']
[5.400s] Level 1:colcon.colcon_core.package_identification:_identify(src/build) by extension 'ignore'
[5.400s] Level 1:colcon.colcon_core.package_identification:_identify(src/build) ignored
[5.401s] Level 1:colcon.colcon_core.package_identification:_identify(src/install) by extensions ['ignore', 'ignore_ament_install']
[5.402s] Level 1:colcon.colcon_core.package_identification:_identify(src/install) by extension 'ignore'
[5.402s] Level 1:colcon.colcon_core.package_identification:_identify(src/install) ignored
[5.403s] Level 1:colcon.colcon_core.package_identification:_identify(src/log) by extensions ['ignore', 'ignore_ament_install']
[5.404s] Level 1:colcon.colcon_core.package_identification:_identify(src/log) by extension 'ignore'
[5.404s] Level 1:colcon.colcon_core.package_identification:_identify(src/log) ignored
[5.408s] Level 1:colcon.colcon_core.package_identification:_identify(src/prius_sdc_pkg) by extensions ['ignore', 'ignore_ament_install']
[5.409s] Level 1:colcon.colcon_core.package_identification:_identify(src/prius_sdc_pkg) by extension 'ignore'
[5.410s] Level 1:colcon.colcon_core.package_identification:_identify(src/prius_sdc_pkg) by extension 'ignore_ament_install'
[5.410s] Level 1:colcon.colcon_core.package_identification:_identify(src/prius_sdc_pkg) by extensions ['colcon_pkg']
[5.411s] Level 1:colcon.colcon_core.package_identification:_identify(src/prius_sdc_pkg) by extension 'colcon_pkg'
[5.411s] Level 1:colcon.colcon_core.package_identification:_identify(src/prius_sdc_pkg) by extensions ['colcon_meta']
[5.411s] Level 1:colcon.colcon_core.package_identification:_identify(src/prius_sdc_pkg) by extension 'colcon_meta'
[5.418s] Level 1:colcon.colcon_core.package_identification:_identify(src/prius_sdc_pkg) by extensions ['ros']
[5.418s] Level 1:colcon.colcon_core.package_identification:_identify(src/prius_sdc_pkg) by extension 'ros'
[5.445s] DEBUG:colcon.colcon_core.package_identification:Package 'src/prius_sdc_pkg' with type 'ros.ament_python' and name 'prius_sdc_pkg'
[5.446s] Level 1:colcon.colcon_core.package_discovery:discover_packages(recursive) using defaults
[5.446s] Level 1:colcon.colcon_core.package_discovery:discover_packages(ignore) discover
[5.446s] Level 1:colcon.colcon_core.package_discovery:discover_packages(ignore) using defaults
[5.447s] Level 1:colcon.colcon_core.package_discovery:discover_packages(path) discover
[5.447s] Level 1:colcon.colcon_core.package_discovery:discover_packages(path) using defaults
[5.676s] Level 1:colcon.colcon_core.package_discovery:discover_packages(prefix_path) check parameters
[5.677s] Level 1:colcon.colcon_core.package_discovery:discover_packages(prefix_path) discover
[5.729s] DEBUG:colcon.colcon_installed_package_information.package_discovery:Found 1 installed packages in /home/louwee/sdc_ws/install
[5.747s] DEBUG:colcon.colcon_installed_package_information.package_discovery:Found 270 installed packages in /opt/ros/foxy
[5.861s] Level 1:colcon.colcon_core.package_discovery:discover_packages(prefix_path) using defaults
[7.722s] Level 5:colcon.colcon_core.verb:set package 'prius_sdc_pkg' build argument 'cmake_args' from command line to 'None'
[7.723s] Level 5:colcon.colcon_core.verb:set package 'prius_sdc_pkg' build argument 'cmake_target' from command line to 'None'
[7.723s] Level 5:colcon.colcon_core.verb:set package 'prius_sdc_pkg' build argument 'cmake_target_skip_unavailable' from command line to 'False'
[7.723s] Level 5:colcon.colcon_core.verb:set package 'prius_sdc_pkg' build argument 'cmake_clean_cache' from command line to 'False'
[7.724s] Level 5:colcon.colcon_core.verb:set package 'prius_sdc_pkg' build argument 'cmake_clean_first' from command line to 'False'
[7.724s] Level 5:colcon.colcon_core.verb:set package 'prius_sdc_pkg' build argument 'cmake_force_configure' from command line to 'False'
[7.724s] Level 5:colcon.colcon_core.verb:set package 'prius_sdc_pkg' build argument 'ament_cmake_args' from command line to 'None'
[7.724s] Level 5:colcon.colcon_core.verb:set package 'prius_sdc_pkg' build argument 'catkin_cmake_args' from command line to 'None'
[7.725s] Level 5:colcon.colcon_core.verb:set package 'prius_sdc_pkg' build argument 'catkin_skip_building_tests' from command line to 'False'
[7.725s] DEBUG:colcon.colcon_core.verb:Building package 'prius_sdc_pkg' with the following arguments: {'ament_cmake_args': None, 'build_base': '/home/louwee/sdc_ws/build/prius_sdc_pkg', 'catkin_cmake_args': None, 'catkin_skip_building_tests': False, 'cmake_args': None, 'cmake_clean_cache': False, 'cmake_clean_first': False, 'cmake_force_configure': False, 'cmake_target': None, 'cmake_target_skip_unavailable': False, 'install_base': '/home/louwee/sdc_ws/install/prius_sdc_pkg', 'merge_install': False, 'path': '/home/louwee/sdc_ws/src/prius_sdc_pkg', 'symlink_install': False, 'test_result_base': None}
[7.727s] INFO:colcon.colcon_core.executor:Executing jobs using 'parallel' executor
[7.761s] DEBUG:colcon.colcon_parallel_executor.executor.parallel:run_until_complete
[7.762s] INFO:colcon.colcon_ros.task.ament_python.build:Building ROS package in '/home/louwee/sdc_ws/src/prius_sdc_pkg' with build type 'ament_python'
[7.765s] Level 1:colcon.colcon_core.shell:create_environment_hook('prius_sdc_pkg', 'ament_prefix_path')
[7.865s] INFO:colcon.colcon_core.plugin_system:Skipping extension 'colcon_core.shell.bat': Not used on non-Windows systems
[7.869s] INFO:colcon.colcon_core.shell:Creating environment hook '/home/louwee/sdc_ws/install/prius_sdc_pkg/share/prius_sdc_pkg/hook/ament_prefix_path.ps1'
[7.915s] INFO:colcon.colcon_core.shell:Creating environment descriptor '/home/louwee/sdc_ws/install/prius_sdc_pkg/share/prius_sdc_pkg/hook/ament_prefix_path.dsv'
[7.933s] INFO:colcon.colcon_core.shell:Creating environment hook '/home/louwee/sdc_ws/install/prius_sdc_pkg/share/prius_sdc_pkg/hook/ament_prefix_path.sh'
[7.960s] INFO:colcon.colcon_core.shell:Skip shell extension 'powershell' for command environment: Not usable outside of PowerShell
[7.961s] DEBUG:colcon.colcon_core.shell:Skip shell extension 'dsv' for command environment
[11.388s] INFO:colcon.colcon_core.task.python.build:Building Python package in '/home/louwee/sdc_ws/src/prius_sdc_pkg'
[11.395s] INFO:colcon.colcon_core.shell:Skip shell extension 'powershell' for command environment: Not usable outside of PowerShell
[11.395s] DEBUG:colcon.colcon_core.shell:Skip shell extension 'dsv' for command environment
[19.626s] DEBUG:colcon.colcon_core.event_handler.log_command:Invoking command in '/home/louwee/sdc_ws/src/prius_sdc_pkg': PYTHONPATH=/home/louwee/sdc_ws/build/prius_sdc_pkg/prefix_override:/home/louwee/sdc_ws/install/prius_sdc_pkg/lib/python3.8/site-packages:${PYTHONPATH} /usr/bin/python3 -W ignore:setup.py install is deprecated setup.py egg_info --egg-base ../../build/prius_sdc_pkg build --build-base /home/louwee/sdc_ws/build/prius_sdc_pkg/build install --record /home/louwee/sdc_ws/build/prius_sdc_pkg/install.log --install-scripts $base/lib/prius_sdc_pkg --single-version-externally-managed install_data
[23.840s] DEBUG:colcon.colcon_core.event_handler.log_command:Invoked command in '/home/louwee/sdc_ws/src/prius_sdc_pkg' returned '0': PYTHONPATH=/home/louwee/sdc_ws/build/prius_sdc_pkg/prefix_override:/home/louwee/sdc_ws/install/prius_sdc_pkg/lib/python3.8/site-packages:${PYTHONPATH} /usr/bin/python3 -W ignore:setup.py install is deprecated setup.py egg_info --egg-base ../../build/prius_sdc_pkg build --build-base /home/louwee/sdc_ws/build/prius_sdc_pkg/build install --record /home/louwee/sdc_ws/build/prius_sdc_pkg/install.log --install-scripts $base/lib/prius_sdc_pkg --single-version-externally-managed install_data
[23.975s] Level 1:colcon.colcon_core.environment:checking '/home/louwee/sdc_ws/install/prius_sdc_pkg' for CMake module files
[23.983s] Level 1:colcon.colcon_core.environment:checking '/home/louwee/sdc_ws/install/prius_sdc_pkg' for CMake config files
[23.990s] Level 1:colcon.colcon_core.environment:checking '/home/louwee/sdc_ws/install/prius_sdc_pkg/lib'
[23.991s] Level 1:colcon.colcon_core.environment:checking '/home/louwee/sdc_ws/install/prius_sdc_pkg/bin'
[23.992s] Level 1:colcon.colcon_core.environment:checking '/home/louwee/sdc_ws/install/prius_sdc_pkg/lib/pkgconfig/prius_sdc_pkg.pc'
[23.994s] Level 1:colcon.colcon_core.environment:checking '/home/louwee/sdc_ws/install/prius_sdc_pkg/lib/python3.8/site-packages'
[23.994s] Level 1:colcon.colcon_core.shell:create_environment_hook('prius_sdc_pkg', 'pythonpath')
[23.996s] INFO:colcon.colcon_core.shell:Creating environment hook '/home/louwee/sdc_ws/install/prius_sdc_pkg/share/prius_sdc_pkg/hook/pythonpath.ps1'
[24.001s] INFO:colcon.colcon_core.shell:Creating environment descriptor '/home/louwee/sdc_ws/install/prius_sdc_pkg/share/prius_sdc_pkg/hook/pythonpath.dsv'
[24.006s] INFO:colcon.colcon_core.shell:Creating environment hook '/home/louwee/sdc_ws/install/prius_sdc_pkg/share/prius_sdc_pkg/hook/pythonpath.sh'
[24.019s] Level 1:colcon.colcon_core.environment:checking '/home/louwee/sdc_ws/install/prius_sdc_pkg/bin'
[24.020s] Level 1:colcon.colcon_core.environment:create_environment_scripts_only(prius_sdc_pkg)
[24.022s] INFO:colcon.colcon_core.shell:Creating package script '/home/louwee/sdc_ws/install/prius_sdc_pkg/share/prius_sdc_pkg/package.ps1'
[24.042s] INFO:colcon.colcon_core.shell:Creating package descriptor '/home/louwee/sdc_ws/install/prius_sdc_pkg/share/prius_sdc_pkg/package.dsv'
[24.058s] INFO:colcon.colcon_core.shell:Creating package script '/home/louwee/sdc_ws/install/prius_sdc_pkg/share/prius_sdc_pkg/package.sh'
[24.069s] INFO:colcon.colcon_core.shell:Creating package script '/home/louwee/sdc_ws/install/prius_sdc_pkg/share/prius_sdc_pkg/package.bash'
[24.093s] INFO:colcon.colcon_core.shell:Creating package script '/home/louwee/sdc_ws/install/prius_sdc_pkg/share/prius_sdc_pkg/package.zsh'
[24.103s] Level 1:colcon.colcon_core.environment:create_file_with_runtime_dependencies(/home/louwee/sdc_ws/install/prius_sdc_pkg/share/colcon-core/packages/prius_sdc_pkg)
[24.110s] DEBUG:colcon.colcon_parallel_executor.executor.parallel:closing loop
[24.112s] DEBUG:colcon.colcon_parallel_executor.executor.parallel:loop closed
[24.113s] DEBUG:colcon.colcon_parallel_executor.executor.parallel:run_until_complete finished with '0'
[24.116s] DEBUG:colcon.colcon_core.event_reactor:joining thread
[24.242s] INFO:colcon.colcon_core.plugin_system:Skipping extension 'colcon_notification.desktop_notification.terminal_notifier': Not used on non-Darwin systems
[24.243s] INFO:colcon.colcon_core.plugin_system:Skipping extension 'colcon_notification.desktop_notification.win32': Not used on non-Windows systems
[24.247s] INFO:colcon.colcon_notification.desktop_notification:Sending desktop notification using 'notify2'
[24.986s] DEBUG:colcon.colcon_core.event_reactor:joined thread
[24.989s] INFO:colcon.colcon_core.shell:Creating prefix script '/home/louwee/sdc_ws/install/local_setup.ps1'
[25.066s] INFO:colcon.colcon_core.shell:Creating prefix util module '/home/louwee/sdc_ws/install/_local_setup_util_ps1.py'
[25.092s] INFO:colcon.colcon_core.shell:Creating prefix chain script '/home/louwee/sdc_ws/install/setup.ps1'
[25.111s] INFO:colcon.colcon_core.shell:Creating prefix script '/home/louwee/sdc_ws/install/local_setup.sh'
[25.127s] INFO:colcon.colcon_core.shell:Creating prefix util module '/home/louwee/sdc_ws/install/_local_setup_util_sh.py'
[25.136s] INFO:colcon.colcon_core.shell:Creating prefix chain script '/home/louwee/sdc_ws/install/setup.sh'
[25.152s] INFO:colcon.colcon_core.shell:Creating prefix script '/home/louwee/sdc_ws/install/local_setup.bash'
[25.159s] INFO:colcon.colcon_core.shell:Creating prefix chain script '/home/louwee/sdc_ws/install/setup.bash'
[25.174s] INFO:colcon.colcon_core.shell:Creating prefix script '/home/louwee/sdc_ws/install/local_setup.zsh'
[25.180s] INFO:colcon.colcon_core.shell:Creating prefix chain script '/home/louwee/sdc_ws/install/setup.zsh'
