[1.956s] DEBUG:colcon:Command line arguments: ['/usr/bin/colcon', 'build']
[1.957s] DEBUG:colcon:Parsed command line arguments: Namespace(allow_overriding=[], ament_cmake_args=None, base_paths=['.'], build_base='build', catkin_cmake_args=None, catkin_skip_building_tests=False, cmake_args=None, cmake_clean_cache=False, cmake_clean_first=False, cmake_force_configure=False, cmake_target=None, cmake_target_skip_unavailable=False, continue_on_error=False, event_handlers=None, executor='parallel', ignore_user_meta=False, install_base='install', log_base=None, log_level=None, main=<bound method BuildVerb.main of <colcon_core.verb.build.BuildVerb object at 0x7f10c7584be0>>, merge_install=False, metas=['./colcon.meta'], mixin=None, mixin_files=None, mixin_verb=('build',), packages_above=None, packages_above_and_dependencies=None, packages_above_depth=None, packages_end=None, packages_ignore=None, packages_ignore_regex=None, packages_select=None, packages_select_build_failed=False, packages_select_by_dep=None, packages_select_regex=None, packages_select_test_failures=False, packages_skip=None, packages_skip_build_finished=False, packages_skip_by_dep=None, packages_skip_regex=None, packages_skip_test_passed=False, packages_skip_up_to=None, packages_start=None, packages_up_to=None, packages_up_to_regex=None, parallel_workers=4, paths=None, symlink_install=False, test_result_base=None, verb_extension=<colcon_core.verb.build.BuildVerb object at 0x7f10c7584be0>, verb_name='build', verb_parser=<colcon_mixin.mixin.mixin_argument.MixinArgumentDecorator object at 0x7f10c7443b80>)
[3.499s] Level 1:colcon.colcon_core.package_discovery:discover_packages(colcon_meta) check parameters
[3.500s] Level 1:colcon.colcon_core.package_discovery:discover_packages(recursive) check parameters
[3.500s] Level 1:colcon.colcon_core.package_discovery:discover_packages(ignore) check parameters
[3.500s] Level 1:colcon.colcon_core.package_discovery:discover_packages(path) check parameters
[3.500s] Level 1:colcon.colcon_core.package_discovery:discover_packages(colcon_meta) discover
[3.501s] Level 1:colcon.colcon_core.package_discovery:discover_packages(recursive) discover
[3.502s] INFO:colcon.colcon_core.package_discovery:Crawling recursively for packages in '/home/louwee/sdc_ws'
[3.502s] Level 1:colcon.colcon_core.package_identification:_identify(.) by extensions ['ignore', 'ignore_ament_install']
[3.503s] Level 1:colcon.colcon_core.package_identification:_identify(.) by extension 'ignore'
[3.503s] Level 1:colcon.colcon_core.package_identification:_identify(.) by extension 'ignore_ament_install'
[3.504s] Level 1:colcon.colcon_core.package_identification:_identify(.) by extensions ['colcon_pkg']
[3.504s] Level 1:colcon.colcon_core.package_identification:_identify(.) by extension 'colcon_pkg'
[3.505s] Level 1:colcon.colcon_core.package_identification:_identify(.) by extensions ['colcon_meta']
[3.505s] Level 1:colcon.colcon_core.package_identification:_identify(.) by extension 'colcon_meta'
[3.506s] Level 1:colcon.colcon_core.package_identification:_identify(.) by extensions ['ros']
[3.507s] Level 1:colcon.colcon_core.package_identification:_identify(.) by extension 'ros'
[3.622s] Level 1:colcon.colcon_core.package_identification:_identify(.) by extensions ['cmake', 'python']
[3.623s] Level 1:colcon.colcon_core.package_identification:_identify(.) by extension 'cmake'
[3.624s] Level 1:colcon.colcon_core.package_identification:_identify(.) by extension 'python'
[3.624s] Level 1:colcon.colcon_core.package_identification:_identify(.) by extensions ['python_setup_py']
[3.625s] Level 1:colcon.colcon_core.package_identification:_identify(.) by extension 'python_setup_py'
[3.626s] Level 1:colcon.colcon_core.package_identification:_identify(build) by extensions ['ignore', 'ignore_ament_install']
[3.627s] Level 1:colcon.colcon_core.package_identification:_identify(build) by extension 'ignore'
[3.627s] Level 1:colcon.colcon_core.package_identification:_identify(build) ignored
[3.628s] Level 1:colcon.colcon_core.package_identification:_identify(install) by extensions ['ignore', 'ignore_ament_install']
[3.629s] Level 1:colcon.colcon_core.package_identification:_identify(install) by extension 'ignore'
[3.630s] Level 1:colcon.colcon_core.package_identification:_identify(install) ignored
[3.631s] Level 1:colcon.colcon_core.package_identification:_identify(log) by extensions ['ignore', 'ignore_ament_install']
[3.631s] Level 1:colcon.colcon_core.package_identification:_identify(log) by extension 'ignore'
[3.632s] Level 1:colcon.colcon_core.package_identification:_identify(log) ignored
[3.632s] Level 1:colcon.colcon_core.package_identification:_identify(src) by extensions ['ignore', 'ignore_ament_install']
[3.633s] Level 1:colcon.colcon_core.package_identification:_identify(src) by extension 'ignore'
[3.634s] Level 1:colcon.colcon_core.package_identification:_identify(src) by extension 'ignore_ament_install'
[3.634s] Level 1:colcon.colcon_core.package_identification:_identify(src) by extensions ['colcon_pkg']
[3.634s] Level 1:colcon.colcon_core.package_identification:_identify(src) by extension 'colcon_pkg'
[3.635s] Level 1:colcon.colcon_core.package_identification:_identify(src) by extensions ['colcon_meta']
[3.635s] Level 1:colcon.colcon_core.package_identification:_identify(src) by extension 'colcon_meta'
[3.635s] Level 1:colcon.colcon_core.package_identification:_identify(src) by extensions ['ros']
[3.636s] Level 1:colcon.colcon_core.package_identification:_identify(src) by extension 'ros'
[3.636s] Level 1:colcon.colcon_core.package_identification:_identify(src) by extensions ['cmake', 'python']
[3.637s] Level 1:colcon.colcon_core.package_identification:_identify(src) by extension 'cmake'
[3.637s] Level 1:colcon.colcon_core.package_identification:_identify(src) by extension 'python'
[3.638s] Level 1:colcon.colcon_core.package_identification:_identify(src) by extensions ['python_setup_py']
[3.638s] Level 1:colcon.colcon_core.package_identification:_identify(src) by extension 'python_setup_py'
[3.639s] Level 1:colcon.colcon_core.package_identification:_identify(src/build) by extensions ['ignore', 'ignore_ament_install']
[3.639s] Level 1:colcon.colcon_core.package_identification:_identify(src/build) by extension 'ignore'
[3.640s] Level 1:colcon.colcon_core.package_identification:_identify(src/build) ignored
[3.642s] Level 1:colcon.colcon_core.package_identification:_identify(src/install) by extensions ['ignore', 'ignore_ament_install']
[3.643s] Level 1:colcon.colcon_core.package_identification:_identify(src/install) by extension 'ignore'
[3.644s] Level 1:colcon.colcon_core.package_identification:_identify(src/install) ignored
[3.645s] Level 1:colcon.colcon_core.package_identification:_identify(src/log) by extensions ['ignore', 'ignore_ament_install']
[3.646s] Level 1:colcon.colcon_core.package_identification:_identify(src/log) by extension 'ignore'
[3.647s] Level 1:colcon.colcon_core.package_identification:_identify(src/log) ignored
[3.648s] Level 1:colcon.colcon_core.package_identification:_identify(src/prius_sdc_pkg) by extensions ['ignore', 'ignore_ament_install']
[3.648s] Level 1:colcon.colcon_core.package_identification:_identify(src/prius_sdc_pkg) by extension 'ignore'
[3.649s] Level 1:colcon.colcon_core.package_identification:_identify(src/prius_sdc_pkg) by extension 'ignore_ament_install'
[3.649s] Level 1:colcon.colcon_core.package_identification:_identify(src/prius_sdc_pkg) by extensions ['colcon_pkg']
[3.650s] Level 1:colcon.colcon_core.package_identification:_identify(src/prius_sdc_pkg) by extension 'colcon_pkg'
[3.650s] Level 1:colcon.colcon_core.package_identification:_identify(src/prius_sdc_pkg) by extensions ['colcon_meta']
[3.650s] Level 1:colcon.colcon_core.package_identification:_identify(src/prius_sdc_pkg) by extension 'colcon_meta'
[3.651s] Level 1:colcon.colcon_core.package_identification:_identify(src/prius_sdc_pkg) by extensions ['ros']
[3.651s] Level 1:colcon.colcon_core.package_identification:_identify(src/prius_sdc_pkg) by extension 'ros'
[3.668s] DEBUG:colcon.colcon_core.package_identification:Package 'src/prius_sdc_pkg' with type 'ros.ament_python' and name 'prius_sdc_pkg'
[3.668s] Level 1:colcon.colcon_core.package_discovery:discover_packages(recursive) using defaults
[3.669s] Level 1:colcon.colcon_core.package_discovery:discover_packages(ignore) discover
[3.669s] Level 1:colcon.colcon_core.package_discovery:discover_packages(ignore) using defaults
[3.670s] Level 1:colcon.colcon_core.package_discovery:discover_packages(path) discover
[3.670s] Level 1:colcon.colcon_core.package_discovery:discover_packages(path) using defaults
[3.795s] Level 1:colcon.colcon_core.package_discovery:discover_packages(prefix_path) check parameters
[3.796s] Level 1:colcon.colcon_core.package_discovery:discover_packages(prefix_path) discover
[3.824s] DEBUG:colcon.colcon_installed_package_information.package_discovery:Found 1 installed packages in /home/louwee/sdc_ws/install
[3.839s] DEBUG:colcon.colcon_installed_package_information.package_discovery:Found 270 installed packages in /opt/ros/foxy
[3.856s] Level 1:colcon.colcon_core.package_discovery:discover_packages(prefix_path) using defaults
[4.595s] Level 5:colcon.colcon_core.verb:set package 'prius_sdc_pkg' build argument 'cmake_args' from command line to 'None'
[4.595s] Level 5:colcon.colcon_core.verb:set package 'prius_sdc_pkg' build argument 'cmake_target' from command line to 'None'
[4.596s] Level 5:colcon.colcon_core.verb:set package 'prius_sdc_pkg' build argument 'cmake_target_skip_unavailable' from command line to 'False'
[4.596s] Level 5:colcon.colcon_core.verb:set package 'prius_sdc_pkg' build argument 'cmake_clean_cache' from command line to 'False'
[4.596s] Level 5:colcon.colcon_core.verb:set package 'prius_sdc_pkg' build argument 'cmake_clean_first' from command line to 'False'
[4.596s] Level 5:colcon.colcon_core.verb:set package 'prius_sdc_pkg' build argument 'cmake_force_configure' from command line to 'False'
[4.597s] Level 5:colcon.colcon_core.verb:set package 'prius_sdc_pkg' build argument 'ament_cmake_args' from command line to 'None'
[4.597s] Level 5:colcon.colcon_core.verb:set package 'prius_sdc_pkg' build argument 'catkin_cmake_args' from command line to 'None'
[4.597s] Level 5:colcon.colcon_core.verb:set package 'prius_sdc_pkg' build argument 'catkin_skip_building_tests' from command line to 'False'
[4.598s] DEBUG:colcon.colcon_core.verb:Building package 'prius_sdc_pkg' with the following arguments: {'ament_cmake_args': None, 'build_base': '/home/louwee/sdc_ws/build/prius_sdc_pkg', 'catkin_cmake_args': None, 'catkin_skip_building_tests': False, 'cmake_args': None, 'cmake_clean_cache': False, 'cmake_clean_first': False, 'cmake_force_configure': False, 'cmake_target': None, 'cmake_target_skip_unavailable': False, 'install_base': '/home/louwee/sdc_ws/install/prius_sdc_pkg', 'merge_install': False, 'path': '/home/louwee/sdc_ws/src/prius_sdc_pkg', 'symlink_install': False, 'test_result_base': None}
[4.599s] INFO:colcon.colcon_core.executor:Executing jobs using 'parallel' executor
[4.605s] DEBUG:colcon.colcon_parallel_executor.executor.parallel:run_until_complete
[4.607s] INFO:colcon.colcon_ros.task.ament_python.build:Building ROS package in '/home/louwee/sdc_ws/src/prius_sdc_pkg' with build type 'ament_python'
[4.608s] Level 1:colcon.colcon_core.shell:create_environment_hook('prius_sdc_pkg', 'ament_prefix_path')
[4.657s] INFO:colcon.colcon_core.plugin_system:Skipping extension 'colcon_core.shell.bat': Not used on non-Windows systems
[4.660s] INFO:colcon.colcon_core.shell:Creating environment hook '/home/louwee/sdc_ws/install/prius_sdc_pkg/share/prius_sdc_pkg/hook/ament_prefix_path.ps1'
[4.669s] INFO:colcon.colcon_core.shell:Creating environment descriptor '/home/louwee/sdc_ws/install/prius_sdc_pkg/share/prius_sdc_pkg/hook/ament_prefix_path.dsv'
[4.677s] INFO:colcon.colcon_core.shell:Creating environment hook '/home/louwee/sdc_ws/install/prius_sdc_pkg/share/prius_sdc_pkg/hook/ament_prefix_path.sh'
[4.685s] INFO:colcon.colcon_core.shell:Skip shell extension 'powershell' for command environment: Not usable outside of PowerShell
[4.686s] DEBUG:colcon.colcon_core.shell:Skip shell extension 'dsv' for command environment
[7.159s] INFO:colcon.colcon_core.task.python.build:Building Python package in '/home/louwee/sdc_ws/src/prius_sdc_pkg'
[7.165s] INFO:colcon.colcon_core.shell:Skip shell extension 'powershell' for command environment: Not usable outside of PowerShell
[7.166s] DEBUG:colcon.colcon_core.shell:Skip shell extension 'dsv' for command environment
[10.913s] DEBUG:colcon.colcon_core.event_handler.log_command:Invoking command in '/home/louwee/sdc_ws/src/prius_sdc_pkg': PYTHONPATH=/home/louwee/sdc_ws/build/prius_sdc_pkg/prefix_override:/home/louwee/sdc_ws/install/prius_sdc_pkg/lib/python3.8/site-packages:${PYTHONPATH} /usr/bin/python3 -W ignore:setup.py install is deprecated setup.py egg_info --egg-base ../../build/prius_sdc_pkg build --build-base /home/louwee/sdc_ws/build/prius_sdc_pkg/build install --record /home/louwee/sdc_ws/build/prius_sdc_pkg/install.log --install-scripts $base/lib/prius_sdc_pkg --single-version-externally-managed install_data
[14.050s] DEBUG:colcon.colcon_core.event_handler.log_command:Invoked command in '/home/louwee/sdc_ws/src/prius_sdc_pkg' returned '0': PYTHONPATH=/home/louwee/sdc_ws/build/prius_sdc_pkg/prefix_override:/home/louwee/sdc_ws/install/prius_sdc_pkg/lib/python3.8/site-packages:${PYTHONPATH} /usr/bin/python3 -W ignore:setup.py install is deprecated setup.py egg_info --egg-base ../../build/prius_sdc_pkg build --build-base /home/louwee/sdc_ws/build/prius_sdc_pkg/build install --record /home/louwee/sdc_ws/build/prius_sdc_pkg/install.log --install-scripts $base/lib/prius_sdc_pkg --single-version-externally-managed install_data
[14.075s] Level 1:colcon.colcon_core.environment:checking '/home/louwee/sdc_ws/install/prius_sdc_pkg' for CMake module files
[14.081s] Level 1:colcon.colcon_core.environment:checking '/home/louwee/sdc_ws/install/prius_sdc_pkg' for CMake config files
[14.094s] Level 1:colcon.colcon_core.environment:checking '/home/louwee/sdc_ws/install/prius_sdc_pkg/lib'
[14.095s] Level 1:colcon.colcon_core.environment:checking '/home/louwee/sdc_ws/install/prius_sdc_pkg/bin'
[14.096s] Level 1:colcon.colcon_core.environment:checking '/home/louwee/sdc_ws/install/prius_sdc_pkg/lib/pkgconfig/prius_sdc_pkg.pc'
[14.098s] Level 1:colcon.colcon_core.environment:checking '/home/louwee/sdc_ws/install/prius_sdc_pkg/lib/python3.8/site-packages'
[14.099s] Level 1:colcon.colcon_core.shell:create_environment_hook('prius_sdc_pkg', 'pythonpath')
[14.102s] INFO:colcon.colcon_core.shell:Creating environment hook '/home/louwee/sdc_ws/install/prius_sdc_pkg/share/prius_sdc_pkg/hook/pythonpath.ps1'
[14.108s] INFO:colcon.colcon_core.shell:Creating environment descriptor '/home/louwee/sdc_ws/install/prius_sdc_pkg/share/prius_sdc_pkg/hook/pythonpath.dsv'
[14.112s] INFO:colcon.colcon_core.shell:Creating environment hook '/home/louwee/sdc_ws/install/prius_sdc_pkg/share/prius_sdc_pkg/hook/pythonpath.sh'
[14.120s] Level 1:colcon.colcon_core.environment:checking '/home/louwee/sdc_ws/install/prius_sdc_pkg/bin'
[14.126s] Level 1:colcon.colcon_core.environment:create_environment_scripts_only(prius_sdc_pkg)
[14.131s] INFO:colcon.colcon_core.shell:Creating package script '/home/louwee/sdc_ws/install/prius_sdc_pkg/share/prius_sdc_pkg/package.ps1'
[14.142s] INFO:colcon.colcon_core.shell:Creating package descriptor '/home/louwee/sdc_ws/install/prius_sdc_pkg/share/prius_sdc_pkg/package.dsv'
[14.150s] INFO:colcon.colcon_core.shell:Creating package script '/home/louwee/sdc_ws/install/prius_sdc_pkg/share/prius_sdc_pkg/package.sh'
[14.170s] INFO:colcon.colcon_core.shell:Creating package script '/home/louwee/sdc_ws/install/prius_sdc_pkg/share/prius_sdc_pkg/package.bash'
[14.179s] INFO:colcon.colcon_core.shell:Creating package script '/home/louwee/sdc_ws/install/prius_sdc_pkg/share/prius_sdc_pkg/package.zsh'
[14.186s] Level 1:colcon.colcon_core.environment:create_file_with_runtime_dependencies(/home/louwee/sdc_ws/install/prius_sdc_pkg/share/colcon-core/packages/prius_sdc_pkg)
[14.202s] DEBUG:colcon.colcon_parallel_executor.executor.parallel:closing loop
[14.205s] DEBUG:colcon.colcon_parallel_executor.executor.parallel:loop closed
[14.216s] DEBUG:colcon.colcon_parallel_executor.executor.parallel:run_until_complete finished with '0'
[14.218s] DEBUG:colcon.colcon_core.event_reactor:joining thread
[14.292s] INFO:colcon.colcon_core.plugin_system:Skipping extension 'colcon_notification.desktop_notification.terminal_notifier': Not used on non-Darwin systems
[14.293s] INFO:colcon.colcon_core.plugin_system:Skipping extension 'colcon_notification.desktop_notification.win32': Not used on non-Windows systems
[14.293s] INFO:colcon.colcon_notification.desktop_notification:Sending desktop notification using 'notify2'
[14.455s] DEBUG:colcon.colcon_core.event_reactor:joined thread
[14.460s] INFO:colcon.colcon_core.shell:Creating prefix script '/home/louwee/sdc_ws/install/local_setup.ps1'
[14.475s] INFO:colcon.colcon_core.shell:Creating prefix util module '/home/louwee/sdc_ws/install/_local_setup_util_ps1.py'
[14.485s] INFO:colcon.colcon_core.shell:Creating prefix chain script '/home/louwee/sdc_ws/install/setup.ps1'
[14.496s] INFO:colcon.colcon_core.shell:Creating prefix script '/home/louwee/sdc_ws/install/local_setup.sh'
[14.502s] INFO:colcon.colcon_core.shell:Creating prefix util module '/home/louwee/sdc_ws/install/_local_setup_util_sh.py'
[14.506s] INFO:colcon.colcon_core.shell:Creating prefix chain script '/home/louwee/sdc_ws/install/setup.sh'
[14.517s] INFO:colcon.colcon_core.shell:Creating prefix script '/home/louwee/sdc_ws/install/local_setup.bash'
[14.523s] INFO:colcon.colcon_core.shell:Creating prefix chain script '/home/louwee/sdc_ws/install/setup.bash'
[14.542s] INFO:colcon.colcon_core.shell:Creating prefix script '/home/louwee/sdc_ws/install/local_setup.zsh'
[14.551s] INFO:colcon.colcon_core.shell:Creating prefix chain script '/home/louwee/sdc_ws/install/setup.zsh'
